<testsuites id="" name="" tests="182" failures="139" skipped="0" errors="0" time="2554.5787580000006">
<testsuite name="seo\core-web-vitals.spec.ts" timestamp="2025-10-08T08:50:51.275Z" hostname="chromium" tests="8" failures="2" skipped="0" time="29.95" errors="0">
<testcase name="Core Web Vitals › Performance Metrics › homepage should load quickly" classname="seo\core-web-vitals.spec.ts" time="3.714">
</testcase>
<testcase name="Core Web Vitals › Performance Metrics › should have no console errors on homepage" classname="seo\core-web-vitals.spec.ts" time="4.963">
<failure message="core-web-vitals.spec.ts:14:9 should have no console errors on homepage" type="FAILURE">
<![CDATA[  [chromium] › seo\core-web-vitals.spec.ts:14:9 › Core Web Vitals › Performance Metrics › should have no console errors on homepage 

    Error: expect(received).toBe(expected) // Object.is equality

    Expected: 0
    Received: 1

      28 |       );
      29 |
    > 30 |       expect(criticalErrors.length).toBe(0);
         |                                     ^
      31 |     });
      32 |   });
      33 |
        at D:\Abhay\VibeCoding\IPODhan\web\tests\e2e\seo\core-web-vitals.spec.ts:30:37

    attachment #1: screenshot (image/png) ──────────────────────────────────────────────────────────
    ..\..\test-results\seo-core-web-vitals-Core-W-62571--console-errors-on-homepage-chromium\test-failed-1.png
    ────────────────────────────────────────────────────────────────────────────────────────────────

    attachment #2: video (video/webm) ──────────────────────────────────────────────────────────────
    ..\..\test-results\seo-core-web-vitals-Core-W-62571--console-errors-on-homepage-chromium\video.webm
    ────────────────────────────────────────────────────────────────────────────────────────────────

    Error Context: ..\..\test-results\seo-core-web-vitals-Core-W-62571--console-errors-on-homepage-chromium\error-context.md
]]>
</failure>
<system-err>
<![CDATA[
Warning: attachment seo-core-web-vitals-Core-W-62571--console-errors-on-homepage-chromium\test-failed-1.png is missing
Warning: attachment seo-core-web-vitals-Core-W-62571--console-errors-on-homepage-chromium\video.webm is missing
Warning: attachment seo-core-web-vitals-Core-W-62571--console-errors-on-homepage-chromium\error-context.md is missing]]>
</system-err>
</testcase>
<testcase name="Core Web Vitals › Image Optimization › images should have alt attributes" classname="seo\core-web-vitals.spec.ts" time="3.978">
</testcase>
<testcase name="Core Web Vitals › Image Optimization › should use lazy loading for below-fold images" classname="seo\core-web-vitals.spec.ts" time="3.749">
</testcase>
<testcase name="Core Web Vitals › Mobile Responsiveness › should be mobile-friendly" classname="seo\core-web-vitals.spec.ts" time="3.952">
</testcase>
<testcase name="Core Web Vitals › Mobile Responsiveness › should have readable text on mobile" classname="seo\core-web-vitals.spec.ts" time="3.735">
</testcase>
<testcase name="Core Web Vitals › Accessibility › should have proper heading hierarchy" classname="seo\core-web-vitals.spec.ts" time="2.571">
<failure message="core-web-vitals.spec.ts:105:9 should have proper heading hierarchy" type="FAILURE">
<![CDATA[  [chromium] › seo\core-web-vitals.spec.ts:105:9 › Core Web Vitals › Accessibility › should have proper heading hierarchy 

    Error: expect(received).toBeGreaterThan(expected)

    Expected: > 0
    Received:   0

      107 |
      108 |       const h1Count = await page.locator('h1').count();
    > 109 |       expect(h1Count).toBeGreaterThan(0);
          |                       ^
      110 |       expect(h1Count).toBeLessThanOrEqual(2); // Generally should have only 1 H1
      111 |     });
      112 |
        at D:\Abhay\VibeCoding\IPODhan\web\tests\e2e\seo\core-web-vitals.spec.ts:109:23

    attachment #1: screenshot (image/png) ──────────────────────────────────────────────────────────
    ..\..\test-results\seo-core-web-vitals-Core-W-54f4d-ve-proper-heading-hierarchy-chromium\test-failed-1.png
    ────────────────────────────────────────────────────────────────────────────────────────────────

    attachment #2: video (video/webm) ──────────────────────────────────────────────────────────────
    ..\..\test-results\seo-core-web-vitals-Core-W-54f4d-ve-proper-heading-hierarchy-chromium\video.webm
    ────────────────────────────────────────────────────────────────────────────────────────────────

    Error Context: ..\..\test-results\seo-core-web-vitals-Core-W-54f4d-ve-proper-heading-hierarchy-chromium\error-context.md
]]>
</failure>
<system-err>
<![CDATA[
Warning: attachment seo-core-web-vitals-Core-W-54f4d-ve-proper-heading-hierarchy-chromium\test-failed-1.png is missing
Warning: attachment seo-core-web-vitals-Core-W-54f4d-ve-proper-heading-hierarchy-chromium\video.webm is missing
Warning: attachment seo-core-web-vitals-Core-W-54f4d-ve-proper-heading-hierarchy-chromium\error-context.md is missing]]>
</system-err>
</testcase>
<testcase name="Core Web Vitals › Accessibility › should have language attribute" classname="seo\core-web-vitals.spec.ts" time="3.288">
</testcase>
</testsuite>
<testsuite name="seo\meta-tags.spec.ts" timestamp="2025-10-08T08:50:51.275Z" hostname="chromium" tests="13" failures="10" skipped="0" time="314.329" errors="0">
<testcase name="SEO Meta Tags › Homepage › should have correct title tag" classname="seo\meta-tags.spec.ts" time="3.737">
</testcase>
<testcase name="SEO Meta Tags › Homepage › should have meta description" classname="seo\meta-tags.spec.ts" time="30.296">
<failure message="meta-tags.spec.ts:12:9 should have meta description" type="FAILURE">
<![CDATA[  [chromium] › seo\meta-tags.spec.ts:12:9 › SEO Meta Tags › Homepage › should have meta description 

    Test timeout of 30000ms exceeded.

    Error: locator.getAttribute: Test timeout of 30000ms exceeded.
    Call log:
      - waiting for locator('meta[name="description"]')


      12 |     test('should have meta description', async ({ page }) => {
      13 |       await page.goto('/');
    > 14 |       const description = await page.locator('meta[name="description"]').getAttribute('content');
         |                                                                          ^
      15 |       expect(description).toBeTruthy();
      16 |       expect(description!.length).toBeLessThanOrEqual(160);
      17 |     });
        at D:\Abhay\VibeCoding\IPODhan\web\tests\e2e\seo\meta-tags.spec.ts:14:74

    attachment #1: screenshot (image/png) ──────────────────────────────────────────────────────────
    ..\..\test-results\seo-meta-tags-SEO-Meta-Tag-62e03-hould-have-meta-description-chromium\test-failed-1.png
    ────────────────────────────────────────────────────────────────────────────────────────────────

    attachment #2: video (video/webm) ──────────────────────────────────────────────────────────────
    ..\..\test-results\seo-meta-tags-SEO-Meta-Tag-62e03-hould-have-meta-description-chromium\video.webm
    ────────────────────────────────────────────────────────────────────────────────────────────────

    Error Context: ..\..\test-results\seo-meta-tags-SEO-Meta-Tag-62e03-hould-have-meta-description-chromium\error-context.md
]]>
</failure>
<system-err>
<![CDATA[
Warning: attachment seo-meta-tags-SEO-Meta-Tag-62e03-hould-have-meta-description-chromium\test-failed-1.png is missing
Warning: attachment seo-meta-tags-SEO-Meta-Tag-62e03-hould-have-meta-description-chromium\video.webm is missing
Warning: attachment seo-meta-tags-SEO-Meta-Tag-62e03-hould-have-meta-description-chromium\error-context.md is missing]]>
</system-err>
</testcase>
<testcase name="SEO Meta Tags › Homepage › should have Open Graph tags" classname="seo\meta-tags.spec.ts" time="30.33">
<failure message="meta-tags.spec.ts:19:9 should have Open Graph tags" type="FAILURE">
<![CDATA[  [chromium] › seo\meta-tags.spec.ts:19:9 › SEO Meta Tags › Homepage › should have Open Graph tags ─

    Test timeout of 30000ms exceeded.

    Error: locator.getAttribute: Test timeout of 30000ms exceeded.
    Call log:
      - waiting for locator('meta[property="og:description"]')


      21 |
      22 |       const ogTitle = await page.locator('meta[property="og:title"]').getAttribute('content');
    > 23 |       const ogDescription = await page.locator('meta[property="og:description"]').getAttribute('content');
         |                                                                                   ^
      24 |       const ogType = await page.locator('meta[property="og:type"]').getAttribute('content');
      25 |       const ogImage = await page.locator('meta[property="og:image"]').getAttribute('content');
      26 |
        at D:\Abhay\VibeCoding\IPODhan\web\tests\e2e\seo\meta-tags.spec.ts:23:83

    attachment #1: screenshot (image/png) ──────────────────────────────────────────────────────────
    ..\..\test-results\seo-meta-tags-SEO-Meta-Tag-70ad7-should-have-Open-Graph-tags-chromium\test-failed-1.png
    ────────────────────────────────────────────────────────────────────────────────────────────────

    attachment #2: video (video/webm) ──────────────────────────────────────────────────────────────
    ..\..\test-results\seo-meta-tags-SEO-Meta-Tag-70ad7-should-have-Open-Graph-tags-chromium\video.webm
    ────────────────────────────────────────────────────────────────────────────────────────────────

    Error Context: ..\..\test-results\seo-meta-tags-SEO-Meta-Tag-70ad7-should-have-Open-Graph-tags-chromium\error-context.md
]]>
</failure>
<system-err>
<![CDATA[
Warning: attachment seo-meta-tags-SEO-Meta-Tag-70ad7-should-have-Open-Graph-tags-chromium\test-failed-1.png is missing
Warning: attachment seo-meta-tags-SEO-Meta-Tag-70ad7-should-have-Open-Graph-tags-chromium\video.webm is missing
Warning: attachment seo-meta-tags-SEO-Meta-Tag-70ad7-should-have-Open-Graph-tags-chromium\error-context.md is missing]]>
</system-err>
</testcase>
<testcase name="SEO Meta Tags › Homepage › should have Twitter Card tags" classname="seo\meta-tags.spec.ts" time="30.428">
<failure message="meta-tags.spec.ts:33:9 should have Twitter Card tags" type="FAILURE">
<![CDATA[  [chromium] › seo\meta-tags.spec.ts:33:9 › SEO Meta Tags › Homepage › should have Twitter Card tags 

    Test timeout of 30000ms exceeded.

    Error: locator.getAttribute: Test timeout of 30000ms exceeded.
    Call log:
      - waiting for locator('meta[name="twitter:description"]')


      36 |       const twitterCard = await page.locator('meta[name="twitter:card"]').getAttribute('content');
      37 |       const twitterTitle = await page.locator('meta[name="twitter:title"]').getAttribute('content');
    > 38 |       const twitterDescription = await page.locator('meta[name="twitter:description"]').getAttribute('content');
         |                                                                                         ^
      39 |
      40 |       expect(twitterCard).toBe('summary_large_image');
      41 |       expect(twitterTitle).toBeTruthy();
        at D:\Abhay\VibeCoding\IPODhan\web\tests\e2e\seo\meta-tags.spec.ts:38:89

    attachment #1: screenshot (image/png) ──────────────────────────────────────────────────────────
    ..\..\test-results\seo-meta-tags-SEO-Meta-Tag-a724d-ould-have-Twitter-Card-tags-chromium\test-failed-1.png
    ────────────────────────────────────────────────────────────────────────────────────────────────

    attachment #2: video (video/webm) ──────────────────────────────────────────────────────────────
    ..\..\test-results\seo-meta-tags-SEO-Meta-Tag-a724d-ould-have-Twitter-Card-tags-chromium\video.webm
    ────────────────────────────────────────────────────────────────────────────────────────────────

    Error Context: ..\..\test-results\seo-meta-tags-SEO-Meta-Tag-a724d-ould-have-Twitter-Card-tags-chromium\error-context.md
]]>
</failure>
<system-err>
<![CDATA[
Warning: attachment seo-meta-tags-SEO-Meta-Tag-a724d-ould-have-Twitter-Card-tags-chromium\test-failed-1.png is missing
Warning: attachment seo-meta-tags-SEO-Meta-Tag-a724d-ould-have-Twitter-Card-tags-chromium\video.webm is missing
Warning: attachment seo-meta-tags-SEO-Meta-Tag-a724d-ould-have-Twitter-Card-tags-chromium\error-context.md is missing]]>
</system-err>
</testcase>
<testcase name="SEO Meta Tags › Homepage › should have canonical URL" classname="seo\meta-tags.spec.ts" time="7.869">
</testcase>
<testcase name="SEO Meta Tags › IPO Listing Page › should have SEO meta tags" classname="seo\meta-tags.spec.ts" time="20.308">
</testcase>
<testcase name="SEO Meta Tags › IPO Listing Page › should have canonical URL pointing to /ipos" classname="seo\meta-tags.spec.ts" time="30.535">
<failure message="meta-tags.spec.ts:66:9 should have canonical URL pointing to /ipos" type="FAILURE">
<![CDATA[  [chromium] › seo\meta-tags.spec.ts:66:9 › SEO Meta Tags › IPO Listing Page › should have canonical URL pointing to /ipos 

    Test timeout of 30000ms exceeded.

    Error: locator.getAttribute: Test timeout of 30000ms exceeded.
    Call log:
      - waiting for locator('link[rel="canonical"]')


      66 |     test('should have canonical URL pointing to /ipos', async ({ page }) => {
      67 |       await page.goto('/dashboard');
    > 68 |       const canonical = await page.locator('link[rel="canonical"]').getAttribute('href');
         |                                                                     ^
      69 |       expect(canonical).toContain('/ipos');
      70 |     });
      71 |   });
        at D:\Abhay\VibeCoding\IPODhan\web\tests\e2e\seo\meta-tags.spec.ts:68:69

    attachment #1: screenshot (image/png) ──────────────────────────────────────────────────────────
    ..\..\test-results\seo-meta-tags-SEO-Meta-Tag-815cb-onical-URL-pointing-to-ipos-chromium\test-failed-1.png
    ────────────────────────────────────────────────────────────────────────────────────────────────

    attachment #2: video (video/webm) ──────────────────────────────────────────────────────────────
    ..\..\test-results\seo-meta-tags-SEO-Meta-Tag-815cb-onical-URL-pointing-to-ipos-chromium\video.webm
    ────────────────────────────────────────────────────────────────────────────────────────────────

    Error Context: ..\..\test-results\seo-meta-tags-SEO-Meta-Tag-815cb-onical-URL-pointing-to-ipos-chromium\error-context.md
]]>
</failure>
<system-err>
<![CDATA[
Warning: attachment seo-meta-tags-SEO-Meta-Tag-815cb-onical-URL-pointing-to-ipos-chromium\test-failed-1.png is missing
Warning: attachment seo-meta-tags-SEO-Meta-Tag-815cb-onical-URL-pointing-to-ipos-chromium\video.webm is missing
Warning: attachment seo-meta-tags-SEO-Meta-Tag-815cb-onical-URL-pointing-to-ipos-chromium\error-context.md is missing]]>
</system-err>
</testcase>
<testcase name="SEO Meta Tags › Lot Calculator Page › should have correct SEO meta tags" classname="seo\meta-tags.spec.ts" time="9.171">
<failure message="meta-tags.spec.ts:74:9 should have correct SEO meta tags" type="FAILURE">
<![CDATA[  [chromium] › seo\meta-tags.spec.ts:74:9 › SEO Meta Tags › Lot Calculator Page › should have correct SEO meta tags 

    Error: expect(received).toContain(expected) // indexOf

    Expected substring: "Calculator"
    Received string:    ""

      76 |
      77 |       const title = await page.title();
    > 78 |       expect(title).toContain('Calculator');
         |                     ^
      79 |
      80 |       const canonical = await page.locator('link[rel="canonical"]').getAttribute('href');
      81 |       expect(canonical).toContain('lot-calculator');
        at D:\Abhay\VibeCoding\IPODhan\web\tests\e2e\seo\meta-tags.spec.ts:78:21

    attachment #1: screenshot (image/png) ──────────────────────────────────────────────────────────
    ..\..\test-results\seo-meta-tags-SEO-Meta-Tag-575f8--have-correct-SEO-meta-tags-chromium\test-failed-1.png
    ────────────────────────────────────────────────────────────────────────────────────────────────

    attachment #2: video (video/webm) ──────────────────────────────────────────────────────────────
    ..\..\test-results\seo-meta-tags-SEO-Meta-Tag-575f8--have-correct-SEO-meta-tags-chromium\video.webm
    ────────────────────────────────────────────────────────────────────────────────────────────────

    Error Context: ..\..\test-results\seo-meta-tags-SEO-Meta-Tag-575f8--have-correct-SEO-meta-tags-chromium\error-context.md
]]>
</failure>
<system-err>
<![CDATA[
Warning: attachment seo-meta-tags-SEO-Meta-Tag-575f8--have-correct-SEO-meta-tags-chromium\test-failed-1.png is missing
Warning: attachment seo-meta-tags-SEO-Meta-Tag-575f8--have-correct-SEO-meta-tags-chromium\video.webm is missing
Warning: attachment seo-meta-tags-SEO-Meta-Tag-575f8--have-correct-SEO-meta-tags-chromium\error-context.md is missing]]>
</system-err>
</testcase>
<testcase name="SEO Meta Tags › Comparison Tool Page › should have correct SEO meta tags" classname="seo\meta-tags.spec.ts" time="30.349">
<failure message="meta-tags.spec.ts:86:9 should have correct SEO meta tags" type="FAILURE">
<![CDATA[  [chromium] › seo\meta-tags.spec.ts:86:9 › SEO Meta Tags › Comparison Tool Page › should have correct SEO meta tags 

    Test timeout of 30000ms exceeded.

    Error: locator.getAttribute: Test timeout of 30000ms exceeded.
    Call log:
      - waiting for locator('link[rel="canonical"]')


      90 |       expect(title).toContain('Comparison');
      91 |
    > 92 |       const canonical = await page.locator('link[rel="canonical"]').getAttribute('href');
         |                                                                     ^
      93 |       expect(canonical).toContain('compare');
      94 |     });
      95 |   });
        at D:\Abhay\VibeCoding\IPODhan\web\tests\e2e\seo\meta-tags.spec.ts:92:69

    attachment #1: screenshot (image/png) ──────────────────────────────────────────────────────────
    ..\..\test-results\seo-meta-tags-SEO-Meta-Tag-17aad--have-correct-SEO-meta-tags-chromium\test-failed-1.png
    ────────────────────────────────────────────────────────────────────────────────────────────────

    attachment #2: video (video/webm) ──────────────────────────────────────────────────────────────
    ..\..\test-results\seo-meta-tags-SEO-Meta-Tag-17aad--have-correct-SEO-meta-tags-chromium\video.webm
    ────────────────────────────────────────────────────────────────────────────────────────────────

    Error Context: ..\..\test-results\seo-meta-tags-SEO-Meta-Tag-17aad--have-correct-SEO-meta-tags-chromium\error-context.md
]]>
</failure>
<system-err>
<![CDATA[
Warning: attachment seo-meta-tags-SEO-Meta-Tag-17aad--have-correct-SEO-meta-tags-chromium\test-failed-1.png is missing
Warning: attachment seo-meta-tags-SEO-Meta-Tag-17aad--have-correct-SEO-meta-tags-chromium\video.webm is missing
Warning: attachment seo-meta-tags-SEO-Meta-Tag-17aad--have-correct-SEO-meta-tags-chromium\error-context.md is missing]]>
</system-err>
</testcase>
<testcase name="SEO Meta Tags › Registrars Page › should have correct SEO meta tags" classname="seo\meta-tags.spec.ts" time="30.398">
<failure message="meta-tags.spec.ts:98:9 should have correct SEO meta tags" type="FAILURE">
<![CDATA[  [chromium] › seo\meta-tags.spec.ts:98:9 › SEO Meta Tags › Registrars Page › should have correct SEO meta tags 

    Test timeout of 30000ms exceeded.

    Error: locator.getAttribute: Test timeout of 30000ms exceeded.
    Call log:
      - waiting for locator('link[rel="canonical"]')


      102 |       expect(title).toContain('Registrar');
      103 |
    > 104 |       const canonical = await page.locator('link[rel="canonical"]').getAttribute('href');
          |                                                                     ^
      105 |       expect(canonical).toContain('registrars');
      106 |     });
      107 |   });
        at D:\Abhay\VibeCoding\IPODhan\web\tests\e2e\seo\meta-tags.spec.ts:104:69

    attachment #1: screenshot (image/png) ──────────────────────────────────────────────────────────
    ..\..\test-results\seo-meta-tags-SEO-Meta-Tag-1090d--have-correct-SEO-meta-tags-chromium\test-failed-1.png
    ────────────────────────────────────────────────────────────────────────────────────────────────

    attachment #2: video (video/webm) ──────────────────────────────────────────────────────────────
    ..\..\test-results\seo-meta-tags-SEO-Meta-Tag-1090d--have-correct-SEO-meta-tags-chromium\video.webm
    ────────────────────────────────────────────────────────────────────────────────────────────────

    Error Context: ..\..\test-results\seo-meta-tags-SEO-Meta-Tag-1090d--have-correct-SEO-meta-tags-chromium\error-context.md
]]>
</failure>
<system-err>
<![CDATA[
Warning: attachment seo-meta-tags-SEO-Meta-Tag-1090d--have-correct-SEO-meta-tags-chromium\test-failed-1.png is missing
Warning: attachment seo-meta-tags-SEO-Meta-Tag-1090d--have-correct-SEO-meta-tags-chromium\video.webm is missing
Warning: attachment seo-meta-tags-SEO-Meta-Tag-1090d--have-correct-SEO-meta-tags-chromium\error-context.md is missing]]>
</system-err>
</testcase>
<testcase name="SEO Meta Tags › Market Holidays Page › should have correct SEO meta tags" classname="seo\meta-tags.spec.ts" time="30.333">
<failure message="meta-tags.spec.ts:110:9 should have correct SEO meta tags" type="FAILURE">
<![CDATA[  [chromium] › seo\meta-tags.spec.ts:110:9 › SEO Meta Tags › Market Holidays Page › should have correct SEO meta tags 

    Test timeout of 30000ms exceeded.

    Error: locator.getAttribute: Test timeout of 30000ms exceeded.
    Call log:
      - waiting for locator('link[rel="canonical"]')


      114 |       expect(title).toContain('Market Holidays');
      115 |
    > 116 |       const canonical = await page.locator('link[rel="canonical"]').getAttribute('href');
          |                                                                     ^
      117 |       expect(canonical).toContain('market-holidays');
      118 |     });
      119 |   });
        at D:\Abhay\VibeCoding\IPODhan\web\tests\e2e\seo\meta-tags.spec.ts:116:69

    attachment #1: screenshot (image/png) ──────────────────────────────────────────────────────────
    ..\..\test-results\seo-meta-tags-SEO-Meta-Tag-8d46f--have-correct-SEO-meta-tags-chromium\test-failed-1.png
    ────────────────────────────────────────────────────────────────────────────────────────────────

    attachment #2: video (video/webm) ──────────────────────────────────────────────────────────────
    ..\..\test-results\seo-meta-tags-SEO-Meta-Tag-8d46f--have-correct-SEO-meta-tags-chromium\video.webm
    ────────────────────────────────────────────────────────────────────────────────────────────────

    Error Context: ..\..\test-results\seo-meta-tags-SEO-Meta-Tag-8d46f--have-correct-SEO-meta-tags-chromium\error-context.md
]]>
</failure>
<system-err>
<![CDATA[
Warning: attachment seo-meta-tags-SEO-Meta-Tag-8d46f--have-correct-SEO-meta-tags-chromium\test-failed-1.png is missing
Warning: attachment seo-meta-tags-SEO-Meta-Tag-8d46f--have-correct-SEO-meta-tags-chromium\video.webm is missing
Warning: attachment seo-meta-tags-SEO-Meta-Tag-8d46f--have-correct-SEO-meta-tags-chromium\error-context.md is missing]]>
</system-err>
</testcase>
<testcase name="SEO Meta Tags › Historical IPOs Page › should have correct SEO meta tags" classname="seo\meta-tags.spec.ts" time="30.349">
<failure message="meta-tags.spec.ts:122:9 should have correct SEO meta tags" type="FAILURE">
<![CDATA[  [chromium] › seo\meta-tags.spec.ts:122:9 › SEO Meta Tags › Historical IPOs Page › should have correct SEO meta tags 

    Test timeout of 30000ms exceeded.

    Error: locator.getAttribute: Test timeout of 30000ms exceeded.
    Call log:
      - waiting for locator('link[rel="canonical"]')


      126 |       expect(title).toContain('Historical');
      127 |
    > 128 |       const canonical = await page.locator('link[rel="canonical"]').getAttribute('href');
          |                                                                     ^
      129 |       expect(canonical).toContain('history');
      130 |     });
      131 |   });
        at D:\Abhay\VibeCoding\IPODhan\web\tests\e2e\seo\meta-tags.spec.ts:128:69

    attachment #1: screenshot (image/png) ──────────────────────────────────────────────────────────
    ..\..\test-results\seo-meta-tags-SEO-Meta-Tag-d9864--have-correct-SEO-meta-tags-chromium\test-failed-1.png
    ────────────────────────────────────────────────────────────────────────────────────────────────

    attachment #2: video (video/webm) ──────────────────────────────────────────────────────────────
    ..\..\test-results\seo-meta-tags-SEO-Meta-Tag-d9864--have-correct-SEO-meta-tags-chromium\video.webm
    ────────────────────────────────────────────────────────────────────────────────────────────────

    Error Context: ..\..\test-results\seo-meta-tags-SEO-Meta-Tag-d9864--have-correct-SEO-meta-tags-chromium\error-context.md
]]>
</failure>
<system-err>
<![CDATA[
Warning: attachment seo-meta-tags-SEO-Meta-Tag-d9864--have-correct-SEO-meta-tags-chromium\test-failed-1.png is missing
Warning: attachment seo-meta-tags-SEO-Meta-Tag-d9864--have-correct-SEO-meta-tags-chromium\video.webm is missing
Warning: attachment seo-meta-tags-SEO-Meta-Tag-d9864--have-correct-SEO-meta-tags-chromium\error-context.md is missing]]>
</system-err>
</testcase>
<testcase name="Robots Meta Tag › should allow indexing on public pages" classname="seo\meta-tags.spec.ts" time="30.226">
<failure message="meta-tags.spec.ts:135:7 should allow indexing on public pages" type="FAILURE">
<![CDATA[  [chromium] › seo\meta-tags.spec.ts:135:7 › Robots Meta Tag › should allow indexing on public pages 

    Test timeout of 30000ms exceeded.

    Error: locator.getAttribute: Test timeout of 30000ms exceeded.
    Call log:
      - waiting for locator('meta[name="robots"]')


      138 |     for (const path of pages) {
      139 |       await page.goto(path);
    > 140 |       const robots = await page.locator('meta[name="robots"]').getAttribute('content');
          |                                                                ^
      141 |
      142 |       // Either no robots tag (allows indexing) or has 'index' in content
      143 |       if (robots) {
        at D:\Abhay\VibeCoding\IPODhan\web\tests\e2e\seo\meta-tags.spec.ts:140:64

    attachment #1: screenshot (image/png) ──────────────────────────────────────────────────────────
    ..\..\test-results\seo-meta-tags-Robots-Meta--bd335-ow-indexing-on-public-pages-chromium\test-failed-1.png
    ────────────────────────────────────────────────────────────────────────────────────────────────

    attachment #2: video (video/webm) ──────────────────────────────────────────────────────────────
    ..\..\test-results\seo-meta-tags-Robots-Meta--bd335-ow-indexing-on-public-pages-chromium\video.webm
    ────────────────────────────────────────────────────────────────────────────────────────────────

    Error Context: ..\..\test-results\seo-meta-tags-Robots-Meta--bd335-ow-indexing-on-public-pages-chromium\error-context.md
]]>
</failure>
<system-err>
<![CDATA[
Warning: attachment seo-meta-tags-Robots-Meta--bd335-ow-indexing-on-public-pages-chromium\test-failed-1.png is missing
Warning: attachment seo-meta-tags-Robots-Meta--bd335-ow-indexing-on-public-pages-chromium\video.webm is missing
Warning: attachment seo-meta-tags-Robots-Meta--bd335-ow-indexing-on-public-pages-chromium\error-context.md is missing]]>
</system-err>
</testcase>
</testsuite>
<testsuite name="seo\structured-data.spec.ts" timestamp="2025-10-08T08:50:51.275Z" hostname="chromium" tests="5" failures="2" skipped="0" time="23.32" errors="0">
<testcase name="Structured Data (JSON-LD) › Homepage - Organization Schema › should have Organization schema" classname="seo\structured-data.spec.ts" time="4.806">
<failure message="structured-data.spec.ts:5:9 should have Organization schema" type="FAILURE">
<![CDATA[  [chromium] › seo\structured-data.spec.ts:5:9 › Structured Data (JSON-LD) › Homepage - Organization Schema › should have Organization schema 

    Error: expect(received).toBeGreaterThan(expected)

    Expected: > 0
    Received:   0

       7 |
       8 |       const jsonLdScripts = await page.locator('script[type="application/ld+json"]').all();
    >  9 |       expect(jsonLdScripts.length).toBeGreaterThan(0);
         |                                    ^
      10 |
      11 |       // Find Organization schema
      12 |       let orgSchema = null;
        at D:\Abhay\VibeCoding\IPODhan\web\tests\e2e\seo\structured-data.spec.ts:9:36

    attachment #1: screenshot (image/png) ──────────────────────────────────────────────────────────
    ..\..\test-results\seo-structured-data-Struct-afa54-ld-have-Organization-schema-chromium\test-failed-1.png
    ────────────────────────────────────────────────────────────────────────────────────────────────

    attachment #2: video (video/webm) ──────────────────────────────────────────────────────────────
    ..\..\test-results\seo-structured-data-Struct-afa54-ld-have-Organization-schema-chromium\video.webm
    ────────────────────────────────────────────────────────────────────────────────────────────────

    Error Context: ..\..\test-results\seo-structured-data-Struct-afa54-ld-have-Organization-schema-chromium\error-context.md
]]>
</failure>
<system-err>
<![CDATA[
Warning: attachment seo-structured-data-Struct-afa54-ld-have-Organization-schema-chromium\test-failed-1.png is missing
Warning: attachment seo-structured-data-Struct-afa54-ld-have-Organization-schema-chromium\video.webm is missing
Warning: attachment seo-structured-data-Struct-afa54-ld-have-Organization-schema-chromium\error-context.md is missing]]>
</system-err>
</testcase>
<testcase name="Structured Data (JSON-LD) › Sitemap and Robots.txt › should have accessible robots.txt" classname="seo\structured-data.spec.ts" time="1.433">
</testcase>
<testcase name="Structured Data (JSON-LD) › Sitemap and Robots.txt › should have accessible sitemap.xml" classname="seo\structured-data.spec.ts" time="7.015">
<failure message="structured-data.spec.ts:43:9 should have accessible sitemap.xml" type="FAILURE">
<![CDATA[  [chromium] › seo\structured-data.spec.ts:43:9 › Structured Data (JSON-LD) › Sitemap and Robots.txt › should have accessible sitemap.xml 

    Error: expect(received).toContain(expected) // indexOf

    Expected substring: "<?xml"
    Received string:    "·
    https://ipodhan.com
    2025-10-08T08:51:54.420Z
    daily
    1··
    https://ipodhan.com/dashboard
    2025-10-08T08:51:54.420Z
    hourly
    0.9··
    https://ipodhan.com/tools/lot-calculator
    2025-10-08T08:51:54.420Z
    weekly
    0.7··
    https://ipodhan.com/tools/compare
    2025-10-08T08:51:54.420Z
    weekly
    0.7··
    https://ipodhan.com/registrars
    2025-10-08T08:51:54.420Z
    monthly
    0.6··
    https://ipodhan.com/market-holidays
    2025-10-08T08:51:54.420Z
    monthly
    0.6··
    https://ipodhan.com/history
    2025-10-08T08:51:54.420Z
    weekly
    0.8·
    This XML file does not appear to have any style information associated with it. The document tree is shown below.<urlset xmlns=\"http://www.sitemaps.org/schemas/sitemap/0.9\">
    <url>
    <loc>https://ipodhan.com</loc>
    <lastmod>2025-10-08T08:51:54.420Z</lastmod>
    <changefreq>daily</changefreq>
    <priority>1</priority>
    ...</url>
    <url>
    <loc>https://ipodhan.com/dashboard</loc>
    <lastmod>2025-10-08T08:51:54.420Z</lastmod>
    <changefreq>hourly</changefreq>
    <priority>0.9</priority>
    ...</url>
    <url>
    <loc>https://ipodhan.com/tools/lot-calculator</loc>
    <lastmod>2025-10-08T08:51:54.420Z</lastmod>
    <changefreq>weekly</changefreq>
    <priority>0.7</priority>
    ...</url>
    <url>
    <loc>https://ipodhan.com/tools/compare</loc>
    <lastmod>2025-10-08T08:51:54.420Z</lastmod>
    <changefreq>weekly</changefreq>
    <priority>0.7</priority>
    ...</url>
    <url>
    <loc>https://ipodhan.com/registrars</loc>
    <lastmod>2025-10-08T08:51:54.420Z</lastmod>
    <changefreq>monthly</changefreq>
    <priority>0.6</priority>
    ...</url>
    <url>
    <loc>https://ipodhan.com/market-holidays</loc>
    <lastmod>2025-10-08T08:51:54.420Z</lastmod>
    <changefreq>monthly</changefreq>
    <priority>0.6</priority>
    ...</url>
    <url>
    <loc>https://ipodhan.com/history</loc>
    <lastmod>2025-10-08T08:51:54.420Z</lastmod>
    <changefreq>weekly</changefreq>
    <priority>0.8</priority>
    ...</url>
    ...</urlset>"

      46 |
      47 |       const content = await page.textContent('body');
    > 48 |       expect(content).toContain('<?xml');
         |                       ^
      49 |       expect(content).toContain('<urlset');
      50 |       expect(content).toContain('<url>');
      51 |     });
        at D:\Abhay\VibeCoding\IPODhan\web\tests\e2e\seo\structured-data.spec.ts:48:23

    attachment #1: screenshot (image/png) ──────────────────────────────────────────────────────────
    ..\..\test-results\seo-structured-data-Struct-0d594-have-accessible-sitemap-xml-chromium\test-failed-1.png
    ────────────────────────────────────────────────────────────────────────────────────────────────

    attachment #2: video (video/webm) ──────────────────────────────────────────────────────────────
    ..\..\test-results\seo-structured-data-Struct-0d594-have-accessible-sitemap-xml-chromium\video.webm
    ────────────────────────────────────────────────────────────────────────────────────────────────

    Error Context: ..\..\test-results\seo-structured-data-Struct-0d594-have-accessible-sitemap-xml-chromium\error-context.md
]]>
</failure>
<system-err>
<![CDATA[
Warning: attachment seo-structured-data-Struct-0d594-have-accessible-sitemap-xml-chromium\test-failed-1.png is missing
Warning: attachment seo-structured-data-Struct-0d594-have-accessible-sitemap-xml-chromium\video.webm is missing
Warning: attachment seo-structured-data-Struct-0d594-have-accessible-sitemap-xml-chromium\error-context.md is missing]]>
</system-err>
</testcase>
<testcase name="Structured Data (JSON-LD) › Sitemap and Robots.txt › sitemap should include main pages" classname="seo\structured-data.spec.ts" time="6.088">
</testcase>
<testcase name="Structured Data (JSON-LD) › Breadcrumb Schema › should validate breadcrumb schema structure" classname="seo\structured-data.spec.ts" time="3.978">
</testcase>
</testsuite>
<testsuite name="seo\core-web-vitals.spec.ts" timestamp="2025-10-08T08:50:51.275Z" hostname="firefox" tests="8" failures="8" skipped="0" time="0.1" errors="0">
<testcase name="Core Web Vitals › Performance Metrics › homepage should load quickly" classname="seo\core-web-vitals.spec.ts" time="0.018">
<failure message="core-web-vitals.spec.ts:5:9 homepage should load quickly" type="FAILURE">
<![CDATA[  [firefox] › seo\core-web-vitals.spec.ts:5:9 › Core Web Vitals › Performance Metrics › homepage should load quickly 

    Error: browserType.launch: Executable doesn't exist at C:\Users\itsab\AppData\Local\ms-playwright\firefox-1495\firefox\firefox.exe
    ╔═════════════════════════════════════════════════════════════════════════╗
    ║ Looks like Playwright Test or Playwright was just installed or updated. ║
    ║ Please run the following command to download new browsers:              ║
    ║                                                                         ║
    ║     npx playwright install                                              ║
    ║                                                                         ║
    ║ <3 Playwright Team                                                      ║
    ╚═════════════════════════════════════════════════════════════════════════╝
]]>
</failure>
</testcase>
<testcase name="Core Web Vitals › Performance Metrics › should have no console errors on homepage" classname="seo\core-web-vitals.spec.ts" time="0.018">
<failure message="core-web-vitals.spec.ts:14:9 should have no console errors on homepage" type="FAILURE">
<![CDATA[  [firefox] › seo\core-web-vitals.spec.ts:14:9 › Core Web Vitals › Performance Metrics › should have no console errors on homepage 

    Error: browserType.launch: Executable doesn't exist at C:\Users\itsab\AppData\Local\ms-playwright\firefox-1495\firefox\firefox.exe
    ╔═════════════════════════════════════════════════════════════════════════╗
    ║ Looks like Playwright Test or Playwright was just installed or updated. ║
    ║ Please run the following command to download new browsers:              ║
    ║                                                                         ║
    ║     npx playwright install                                              ║
    ║                                                                         ║
    ║ <3 Playwright Team                                                      ║
    ╚═════════════════════════════════════════════════════════════════════════╝
]]>
</failure>
</testcase>
<testcase name="Core Web Vitals › Image Optimization › images should have alt attributes" classname="seo\core-web-vitals.spec.ts" time="0.012">
<failure message="core-web-vitals.spec.ts:35:9 images should have alt attributes" type="FAILURE">
<![CDATA[  [firefox] › seo\core-web-vitals.spec.ts:35:9 › Core Web Vitals › Image Optimization › images should have alt attributes 

    Error: browserType.launch: Executable doesn't exist at C:\Users\itsab\AppData\Local\ms-playwright\firefox-1495\firefox\firefox.exe
    ╔═════════════════════════════════════════════════════════════════════════╗
    ║ Looks like Playwright Test or Playwright was just installed or updated. ║
    ║ Please run the following command to download new browsers:              ║
    ║                                                                         ║
    ║     npx playwright install                                              ║
    ║                                                                         ║
    ║ <3 Playwright Team                                                      ║
    ╚═════════════════════════════════════════════════════════════════════════╝
]]>
</failure>
</testcase>
<testcase name="Core Web Vitals › Image Optimization › should use lazy loading for below-fold images" classname="seo\core-web-vitals.spec.ts" time="0.012">
<failure message="core-web-vitals.spec.ts:55:9 should use lazy loading for below-fold images" type="FAILURE">
<![CDATA[  [firefox] › seo\core-web-vitals.spec.ts:55:9 › Core Web Vitals › Image Optimization › should use lazy loading for below-fold images 

    Error: browserType.launch: Executable doesn't exist at C:\Users\itsab\AppData\Local\ms-playwright\firefox-1495\firefox\firefox.exe
    ╔═════════════════════════════════════════════════════════════════════════╗
    ║ Looks like Playwright Test or Playwright was just installed or updated. ║
    ║ Please run the following command to download new browsers:              ║
    ║                                                                         ║
    ║     npx playwright install                                              ║
    ║                                                                         ║
    ║ <3 Playwright Team                                                      ║
    ╚═════════════════════════════════════════════════════════════════════════╝
]]>
</failure>
</testcase>
<testcase name="Core Web Vitals › Mobile Responsiveness › should be mobile-friendly" classname="seo\core-web-vitals.spec.ts" time="0.014">
<failure message="core-web-vitals.spec.ts:75:9 should be mobile-friendly" type="FAILURE">
<![CDATA[  [firefox] › seo\core-web-vitals.spec.ts:75:9 › Core Web Vitals › Mobile Responsiveness › should be mobile-friendly 

    Error: browserType.launch: Executable doesn't exist at C:\Users\itsab\AppData\Local\ms-playwright\firefox-1495\firefox\firefox.exe
    ╔═════════════════════════════════════════════════════════════════════════╗
    ║ Looks like Playwright Test or Playwright was just installed or updated. ║
    ║ Please run the following command to download new browsers:              ║
    ║                                                                         ║
    ║     npx playwright install                                              ║
    ║                                                                         ║
    ║ <3 Playwright Team                                                      ║
    ╚═════════════════════════════════════════════════════════════════════════╝
]]>
</failure>
</testcase>
<testcase name="Core Web Vitals › Mobile Responsiveness › should have readable text on mobile" classname="seo\core-web-vitals.spec.ts" time="0.009">
<failure message="core-web-vitals.spec.ts:89:9 should have readable text on mobile" type="FAILURE">
<![CDATA[  [firefox] › seo\core-web-vitals.spec.ts:89:9 › Core Web Vitals › Mobile Responsiveness › should have readable text on mobile 

    Error: browserType.launch: Executable doesn't exist at C:\Users\itsab\AppData\Local\ms-playwright\firefox-1495\firefox\firefox.exe
    ╔═════════════════════════════════════════════════════════════════════════╗
    ║ Looks like Playwright Test or Playwright was just installed or updated. ║
    ║ Please run the following command to download new browsers:              ║
    ║                                                                         ║
    ║     npx playwright install                                              ║
    ║                                                                         ║
    ║ <3 Playwright Team                                                      ║
    ╚═════════════════════════════════════════════════════════════════════════╝
]]>
</failure>
</testcase>
<testcase name="Core Web Vitals › Accessibility › should have proper heading hierarchy" classname="seo\core-web-vitals.spec.ts" time="0.007">
<failure message="core-web-vitals.spec.ts:105:9 should have proper heading hierarchy" type="FAILURE">
<![CDATA[  [firefox] › seo\core-web-vitals.spec.ts:105:9 › Core Web Vitals › Accessibility › should have proper heading hierarchy 

    Error: browserType.launch: Executable doesn't exist at C:\Users\itsab\AppData\Local\ms-playwright\firefox-1495\firefox\firefox.exe
    ╔═════════════════════════════════════════════════════════════════════════╗
    ║ Looks like Playwright Test or Playwright was just installed or updated. ║
    ║ Please run the following command to download new browsers:              ║
    ║                                                                         ║
    ║     npx playwright install                                              ║
    ║                                                                         ║
    ║ <3 Playwright Team                                                      ║
    ╚═════════════════════════════════════════════════════════════════════════╝
]]>
</failure>
</testcase>
<testcase name="Core Web Vitals › Accessibility › should have language attribute" classname="seo\core-web-vitals.spec.ts" time="0.01">
<failure message="core-web-vitals.spec.ts:113:9 should have language attribute" type="FAILURE">
<![CDATA[  [firefox] › seo\core-web-vitals.spec.ts:113:9 › Core Web Vitals › Accessibility › should have language attribute 

    Error: browserType.launch: Executable doesn't exist at C:\Users\itsab\AppData\Local\ms-playwright\firefox-1495\firefox\firefox.exe
    ╔═════════════════════════════════════════════════════════════════════════╗
    ║ Looks like Playwright Test or Playwright was just installed or updated. ║
    ║ Please run the following command to download new browsers:              ║
    ║                                                                         ║
    ║     npx playwright install                                              ║
    ║                                                                         ║
    ║ <3 Playwright Team                                                      ║
    ╚═════════════════════════════════════════════════════════════════════════╝
]]>
</failure>
</testcase>
</testsuite>
<testsuite name="seo\meta-tags.spec.ts" timestamp="2025-10-08T08:50:51.275Z" hostname="firefox" tests="13" failures="13" skipped="0" time="0.13" errors="0">
<testcase name="SEO Meta Tags › Homepage › should have correct title tag" classname="seo\meta-tags.spec.ts" time="0.011">
<failure message="meta-tags.spec.ts:5:9 should have correct title tag" type="FAILURE">
<![CDATA[  [firefox] › seo\meta-tags.spec.ts:5:9 › SEO Meta Tags › Homepage › should have correct title tag ─

    Error: browserType.launch: Executable doesn't exist at C:\Users\itsab\AppData\Local\ms-playwright\firefox-1495\firefox\firefox.exe
    ╔═════════════════════════════════════════════════════════════════════════╗
    ║ Looks like Playwright Test or Playwright was just installed or updated. ║
    ║ Please run the following command to download new browsers:              ║
    ║                                                                         ║
    ║     npx playwright install                                              ║
    ║                                                                         ║
    ║ <3 Playwright Team                                                      ║
    ╚═════════════════════════════════════════════════════════════════════════╝
]]>
</failure>
</testcase>
<testcase name="SEO Meta Tags › Homepage › should have meta description" classname="seo\meta-tags.spec.ts" time="0.01">
<failure message="meta-tags.spec.ts:12:9 should have meta description" type="FAILURE">
<![CDATA[  [firefox] › seo\meta-tags.spec.ts:12:9 › SEO Meta Tags › Homepage › should have meta description ─

    Error: browserType.launch: Executable doesn't exist at C:\Users\itsab\AppData\Local\ms-playwright\firefox-1495\firefox\firefox.exe
    ╔═════════════════════════════════════════════════════════════════════════╗
    ║ Looks like Playwright Test or Playwright was just installed or updated. ║
    ║ Please run the following command to download new browsers:              ║
    ║                                                                         ║
    ║     npx playwright install                                              ║
    ║                                                                         ║
    ║ <3 Playwright Team                                                      ║
    ╚═════════════════════════════════════════════════════════════════════════╝
]]>
</failure>
</testcase>
<testcase name="SEO Meta Tags › Homepage › should have Open Graph tags" classname="seo\meta-tags.spec.ts" time="0.01">
<failure message="meta-tags.spec.ts:19:9 should have Open Graph tags" type="FAILURE">
<![CDATA[  [firefox] › seo\meta-tags.spec.ts:19:9 › SEO Meta Tags › Homepage › should have Open Graph tags ──

    Error: browserType.launch: Executable doesn't exist at C:\Users\itsab\AppData\Local\ms-playwright\firefox-1495\firefox\firefox.exe
    ╔═════════════════════════════════════════════════════════════════════════╗
    ║ Looks like Playwright Test or Playwright was just installed or updated. ║
    ║ Please run the following command to download new browsers:              ║
    ║                                                                         ║
    ║     npx playwright install                                              ║
    ║                                                                         ║
    ║ <3 Playwright Team                                                      ║
    ╚═════════════════════════════════════════════════════════════════════════╝
]]>
</failure>
</testcase>
<testcase name="SEO Meta Tags › Homepage › should have Twitter Card tags" classname="seo\meta-tags.spec.ts" time="0.009">
<failure message="meta-tags.spec.ts:33:9 should have Twitter Card tags" type="FAILURE">
<![CDATA[  [firefox] › seo\meta-tags.spec.ts:33:9 › SEO Meta Tags › Homepage › should have Twitter Card tags 

    Error: browserType.launch: Executable doesn't exist at C:\Users\itsab\AppData\Local\ms-playwright\firefox-1495\firefox\firefox.exe
    ╔═════════════════════════════════════════════════════════════════════════╗
    ║ Looks like Playwright Test or Playwright was just installed or updated. ║
    ║ Please run the following command to download new browsers:              ║
    ║                                                                         ║
    ║     npx playwright install                                              ║
    ║                                                                         ║
    ║ <3 Playwright Team                                                      ║
    ╚═════════════════════════════════════════════════════════════════════════╝
]]>
</failure>
</testcase>
<testcase name="SEO Meta Tags › Homepage › should have canonical URL" classname="seo\meta-tags.spec.ts" time="0.01">
<failure message="meta-tags.spec.ts:45:9 should have canonical URL" type="FAILURE">
<![CDATA[  [firefox] › seo\meta-tags.spec.ts:45:9 › SEO Meta Tags › Homepage › should have canonical URL ────

    Error: browserType.launch: Executable doesn't exist at C:\Users\itsab\AppData\Local\ms-playwright\firefox-1495\firefox\firefox.exe
    ╔═════════════════════════════════════════════════════════════════════════╗
    ║ Looks like Playwright Test or Playwright was just installed or updated. ║
    ║ Please run the following command to download new browsers:              ║
    ║                                                                         ║
    ║     npx playwright install                                              ║
    ║                                                                         ║
    ║ <3 Playwright Team                                                      ║
    ╚═════════════════════════════════════════════════════════════════════════╝
]]>
</failure>
</testcase>
<testcase name="SEO Meta Tags › IPO Listing Page › should have SEO meta tags" classname="seo\meta-tags.spec.ts" time="0.012">
<failure message="meta-tags.spec.ts:54:9 should have SEO meta tags" type="FAILURE">
<![CDATA[  [firefox] › seo\meta-tags.spec.ts:54:9 › SEO Meta Tags › IPO Listing Page › should have SEO meta tags 

    Error: browserType.launch: Executable doesn't exist at C:\Users\itsab\AppData\Local\ms-playwright\firefox-1495\firefox\firefox.exe
    ╔═════════════════════════════════════════════════════════════════════════╗
    ║ Looks like Playwright Test or Playwright was just installed or updated. ║
    ║ Please run the following command to download new browsers:              ║
    ║                                                                         ║
    ║     npx playwright install                                              ║
    ║                                                                         ║
    ║ <3 Playwright Team                                                      ║
    ╚═════════════════════════════════════════════════════════════════════════╝
]]>
</failure>
</testcase>
<testcase name="SEO Meta Tags › IPO Listing Page › should have canonical URL pointing to /ipos" classname="seo\meta-tags.spec.ts" time="0.011">
<failure message="meta-tags.spec.ts:66:9 should have canonical URL pointing to /ipos" type="FAILURE">
<![CDATA[  [firefox] › seo\meta-tags.spec.ts:66:9 › SEO Meta Tags › IPO Listing Page › should have canonical URL pointing to /ipos 

    Error: browserType.launch: Executable doesn't exist at C:\Users\itsab\AppData\Local\ms-playwright\firefox-1495\firefox\firefox.exe
    ╔═════════════════════════════════════════════════════════════════════════╗
    ║ Looks like Playwright Test or Playwright was just installed or updated. ║
    ║ Please run the following command to download new browsers:              ║
    ║                                                                         ║
    ║     npx playwright install                                              ║
    ║                                                                         ║
    ║ <3 Playwright Team                                                      ║
    ╚═════════════════════════════════════════════════════════════════════════╝
]]>
</failure>
</testcase>
<testcase name="SEO Meta Tags › Lot Calculator Page › should have correct SEO meta tags" classname="seo\meta-tags.spec.ts" time="0.009">
<failure message="meta-tags.spec.ts:74:9 should have correct SEO meta tags" type="FAILURE">
<![CDATA[  [firefox] › seo\meta-tags.spec.ts:74:9 › SEO Meta Tags › Lot Calculator Page › should have correct SEO meta tags 

    Error: browserType.launch: Executable doesn't exist at C:\Users\itsab\AppData\Local\ms-playwright\firefox-1495\firefox\firefox.exe
    ╔═════════════════════════════════════════════════════════════════════════╗
    ║ Looks like Playwright Test or Playwright was just installed or updated. ║
    ║ Please run the following command to download new browsers:              ║
    ║                                                                         ║
    ║     npx playwright install                                              ║
    ║                                                                         ║
    ║ <3 Playwright Team                                                      ║
    ╚═════════════════════════════════════════════════════════════════════════╝
]]>
</failure>
</testcase>
<testcase name="SEO Meta Tags › Comparison Tool Page › should have correct SEO meta tags" classname="seo\meta-tags.spec.ts" time="0.009">
<failure message="meta-tags.spec.ts:86:9 should have correct SEO meta tags" type="FAILURE">
<![CDATA[  [firefox] › seo\meta-tags.spec.ts:86:9 › SEO Meta Tags › Comparison Tool Page › should have correct SEO meta tags 

    Error: browserType.launch: Executable doesn't exist at C:\Users\itsab\AppData\Local\ms-playwright\firefox-1495\firefox\firefox.exe
    ╔═════════════════════════════════════════════════════════════════════════╗
    ║ Looks like Playwright Test or Playwright was just installed or updated. ║
    ║ Please run the following command to download new browsers:              ║
    ║                                                                         ║
    ║     npx playwright install                                              ║
    ║                                                                         ║
    ║ <3 Playwright Team                                                      ║
    ╚═════════════════════════════════════════════════════════════════════════╝
]]>
</failure>
</testcase>
<testcase name="SEO Meta Tags › Registrars Page › should have correct SEO meta tags" classname="seo\meta-tags.spec.ts" time="0.009">
<failure message="meta-tags.spec.ts:98:9 should have correct SEO meta tags" type="FAILURE">
<![CDATA[  [firefox] › seo\meta-tags.spec.ts:98:9 › SEO Meta Tags › Registrars Page › should have correct SEO meta tags 

    Error: browserType.launch: Executable doesn't exist at C:\Users\itsab\AppData\Local\ms-playwright\firefox-1495\firefox\firefox.exe
    ╔═════════════════════════════════════════════════════════════════════════╗
    ║ Looks like Playwright Test or Playwright was just installed or updated. ║
    ║ Please run the following command to download new browsers:              ║
    ║                                                                         ║
    ║     npx playwright install                                              ║
    ║                                                                         ║
    ║ <3 Playwright Team                                                      ║
    ╚═════════════════════════════════════════════════════════════════════════╝
]]>
</failure>
</testcase>
<testcase name="SEO Meta Tags › Market Holidays Page › should have correct SEO meta tags" classname="seo\meta-tags.spec.ts" time="0.008">
<failure message="meta-tags.spec.ts:110:9 should have correct SEO meta tags" type="FAILURE">
<![CDATA[  [firefox] › seo\meta-tags.spec.ts:110:9 › SEO Meta Tags › Market Holidays Page › should have correct SEO meta tags 

    Error: browserType.launch: Executable doesn't exist at C:\Users\itsab\AppData\Local\ms-playwright\firefox-1495\firefox\firefox.exe
    ╔═════════════════════════════════════════════════════════════════════════╗
    ║ Looks like Playwright Test or Playwright was just installed or updated. ║
    ║ Please run the following command to download new browsers:              ║
    ║                                                                         ║
    ║     npx playwright install                                              ║
    ║                                                                         ║
    ║ <3 Playwright Team                                                      ║
    ╚═════════════════════════════════════════════════════════════════════════╝
]]>
</failure>
</testcase>
<testcase name="SEO Meta Tags › Historical IPOs Page › should have correct SEO meta tags" classname="seo\meta-tags.spec.ts" time="0.011">
<failure message="meta-tags.spec.ts:122:9 should have correct SEO meta tags" type="FAILURE">
<![CDATA[  [firefox] › seo\meta-tags.spec.ts:122:9 › SEO Meta Tags › Historical IPOs Page › should have correct SEO meta tags 

    Error: browserType.launch: Executable doesn't exist at C:\Users\itsab\AppData\Local\ms-playwright\firefox-1495\firefox\firefox.exe
    ╔═════════════════════════════════════════════════════════════════════════╗
    ║ Looks like Playwright Test or Playwright was just installed or updated. ║
    ║ Please run the following command to download new browsers:              ║
    ║                                                                         ║
    ║     npx playwright install                                              ║
    ║                                                                         ║
    ║ <3 Playwright Team                                                      ║
    ╚═════════════════════════════════════════════════════════════════════════╝
]]>
</failure>
</testcase>
<testcase name="Robots Meta Tag › should allow indexing on public pages" classname="seo\meta-tags.spec.ts" time="0.011">
<failure message="meta-tags.spec.ts:135:7 should allow indexing on public pages" type="FAILURE">
<![CDATA[  [firefox] › seo\meta-tags.spec.ts:135:7 › Robots Meta Tag › should allow indexing on public pages 

    Error: browserType.launch: Executable doesn't exist at C:\Users\itsab\AppData\Local\ms-playwright\firefox-1495\firefox\firefox.exe
    ╔═════════════════════════════════════════════════════════════════════════╗
    ║ Looks like Playwright Test or Playwright was just installed or updated. ║
    ║ Please run the following command to download new browsers:              ║
    ║                                                                         ║
    ║     npx playwright install                                              ║
    ║                                                                         ║
    ║ <3 Playwright Team                                                      ║
    ╚═════════════════════════════════════════════════════════════════════════╝
]]>
</failure>
</testcase>
</testsuite>
<testsuite name="seo\structured-data.spec.ts" timestamp="2025-10-08T08:50:51.275Z" hostname="firefox" tests="5" failures="5" skipped="0" time="0.047" errors="0">
<testcase name="Structured Data (JSON-LD) › Homepage - Organization Schema › should have Organization schema" classname="seo\structured-data.spec.ts" time="0.009">
<failure message="structured-data.spec.ts:5:9 should have Organization schema" type="FAILURE">
<![CDATA[  [firefox] › seo\structured-data.spec.ts:5:9 › Structured Data (JSON-LD) › Homepage - Organization Schema › should have Organization schema 

    Error: browserType.launch: Executable doesn't exist at C:\Users\itsab\AppData\Local\ms-playwright\firefox-1495\firefox\firefox.exe
    ╔═════════════════════════════════════════════════════════════════════════╗
    ║ Looks like Playwright Test or Playwright was just installed or updated. ║
    ║ Please run the following command to download new browsers:              ║
    ║                                                                         ║
    ║     npx playwright install                                              ║
    ║                                                                         ║
    ║ <3 Playwright Team                                                      ║
    ╚═════════════════════════════════════════════════════════════════════════╝
]]>
</failure>
</testcase>
<testcase name="Structured Data (JSON-LD) › Sitemap and Robots.txt › should have accessible robots.txt" classname="seo\structured-data.spec.ts" time="0.011">
<failure message="structured-data.spec.ts:33:9 should have accessible robots.txt" type="FAILURE">
<![CDATA[  [firefox] › seo\structured-data.spec.ts:33:9 › Structured Data (JSON-LD) › Sitemap and Robots.txt › should have accessible robots.txt 

    Error: browserType.launch: Executable doesn't exist at C:\Users\itsab\AppData\Local\ms-playwright\firefox-1495\firefox\firefox.exe
    ╔═════════════════════════════════════════════════════════════════════════╗
    ║ Looks like Playwright Test or Playwright was just installed or updated. ║
    ║ Please run the following command to download new browsers:              ║
    ║                                                                         ║
    ║     npx playwright install                                              ║
    ║                                                                         ║
    ║ <3 Playwright Team                                                      ║
    ╚═════════════════════════════════════════════════════════════════════════╝
]]>
</failure>
</testcase>
<testcase name="Structured Data (JSON-LD) › Sitemap and Robots.txt › should have accessible sitemap.xml" classname="seo\structured-data.spec.ts" time="0.01">
<failure message="structured-data.spec.ts:43:9 should have accessible sitemap.xml" type="FAILURE">
<![CDATA[  [firefox] › seo\structured-data.spec.ts:43:9 › Structured Data (JSON-LD) › Sitemap and Robots.txt › should have accessible sitemap.xml 

    Error: browserType.launch: Executable doesn't exist at C:\Users\itsab\AppData\Local\ms-playwright\firefox-1495\firefox\firefox.exe
    ╔═════════════════════════════════════════════════════════════════════════╗
    ║ Looks like Playwright Test or Playwright was just installed or updated. ║
    ║ Please run the following command to download new browsers:              ║
    ║                                                                         ║
    ║     npx playwright install                                              ║
    ║                                                                         ║
    ║ <3 Playwright Team                                                      ║
    ╚═════════════════════════════════════════════════════════════════════════╝
]]>
</failure>
</testcase>
<testcase name="Structured Data (JSON-LD) › Sitemap and Robots.txt › sitemap should include main pages" classname="seo\structured-data.spec.ts" time="0.008">
<failure message="structured-data.spec.ts:53:9 sitemap should include main pages" type="FAILURE">
<![CDATA[  [firefox] › seo\structured-data.spec.ts:53:9 › Structured Data (JSON-LD) › Sitemap and Robots.txt › sitemap should include main pages 

    Error: browserType.launch: Executable doesn't exist at C:\Users\itsab\AppData\Local\ms-playwright\firefox-1495\firefox\firefox.exe
    ╔═════════════════════════════════════════════════════════════════════════╗
    ║ Looks like Playwright Test or Playwright was just installed or updated. ║
    ║ Please run the following command to download new browsers:              ║
    ║                                                                         ║
    ║     npx playwright install                                              ║
    ║                                                                         ║
    ║ <3 Playwright Team                                                      ║
    ╚═════════════════════════════════════════════════════════════════════════╝
]]>
</failure>
</testcase>
<testcase name="Structured Data (JSON-LD) › Breadcrumb Schema › should validate breadcrumb schema structure" classname="seo\structured-data.spec.ts" time="0.009">
<failure message="structured-data.spec.ts:64:9 should validate breadcrumb schema structure" type="FAILURE">
<![CDATA[  [firefox] › seo\structured-data.spec.ts:64:9 › Structured Data (JSON-LD) › Breadcrumb Schema › should validate breadcrumb schema structure 

    Error: browserType.launch: Executable doesn't exist at C:\Users\itsab\AppData\Local\ms-playwright\firefox-1495\firefox\firefox.exe
    ╔═════════════════════════════════════════════════════════════════════════╗
    ║ Looks like Playwright Test or Playwright was just installed or updated. ║
    ║ Please run the following command to download new browsers:              ║
    ║                                                                         ║
    ║     npx playwright install                                              ║
    ║                                                                         ║
    ║ <3 Playwright Team                                                      ║
    ╚═════════════════════════════════════════════════════════════════════════╝
]]>
</failure>
</testcase>
</testsuite>
<testsuite name="seo\core-web-vitals.spec.ts" timestamp="2025-10-08T08:50:51.275Z" hostname="webkit" tests="8" failures="8" skipped="0" time="0.084" errors="0">
<testcase name="Core Web Vitals › Performance Metrics › homepage should load quickly" classname="seo\core-web-vitals.spec.ts" time="0.011">
<failure message="core-web-vitals.spec.ts:5:9 homepage should load quickly" type="FAILURE">
<![CDATA[  [webkit] › seo\core-web-vitals.spec.ts:5:9 › Core Web Vitals › Performance Metrics › homepage should load quickly 

    Error: browserType.launch: Executable doesn't exist at C:\Users\itsab\AppData\Local\ms-playwright\webkit-2215\Playwright.exe
    ╔═════════════════════════════════════════════════════════════════════════╗
    ║ Looks like Playwright Test or Playwright was just installed or updated. ║
    ║ Please run the following command to download new browsers:              ║
    ║                                                                         ║
    ║     npx playwright install                                              ║
    ║                                                                         ║
    ║ <3 Playwright Team                                                      ║
    ╚═════════════════════════════════════════════════════════════════════════╝
]]>
</failure>
</testcase>
<testcase name="Core Web Vitals › Performance Metrics › should have no console errors on homepage" classname="seo\core-web-vitals.spec.ts" time="0.012">
<failure message="core-web-vitals.spec.ts:14:9 should have no console errors on homepage" type="FAILURE">
<![CDATA[  [webkit] › seo\core-web-vitals.spec.ts:14:9 › Core Web Vitals › Performance Metrics › should have no console errors on homepage 

    Error: browserType.launch: Executable doesn't exist at C:\Users\itsab\AppData\Local\ms-playwright\webkit-2215\Playwright.exe
    ╔═════════════════════════════════════════════════════════════════════════╗
    ║ Looks like Playwright Test or Playwright was just installed or updated. ║
    ║ Please run the following command to download new browsers:              ║
    ║                                                                         ║
    ║     npx playwright install                                              ║
    ║                                                                         ║
    ║ <3 Playwright Team                                                      ║
    ╚═════════════════════════════════════════════════════════════════════════╝
]]>
</failure>
</testcase>
<testcase name="Core Web Vitals › Image Optimization › images should have alt attributes" classname="seo\core-web-vitals.spec.ts" time="0.01">
<failure message="core-web-vitals.spec.ts:35:9 images should have alt attributes" type="FAILURE">
<![CDATA[  [webkit] › seo\core-web-vitals.spec.ts:35:9 › Core Web Vitals › Image Optimization › images should have alt attributes 

    Error: browserType.launch: Executable doesn't exist at C:\Users\itsab\AppData\Local\ms-playwright\webkit-2215\Playwright.exe
    ╔═════════════════════════════════════════════════════════════════════════╗
    ║ Looks like Playwright Test or Playwright was just installed or updated. ║
    ║ Please run the following command to download new browsers:              ║
    ║                                                                         ║
    ║     npx playwright install                                              ║
    ║                                                                         ║
    ║ <3 Playwright Team                                                      ║
    ╚═════════════════════════════════════════════════════════════════════════╝
]]>
</failure>
</testcase>
<testcase name="Core Web Vitals › Image Optimization › should use lazy loading for below-fold images" classname="seo\core-web-vitals.spec.ts" time="0.009">
<failure message="core-web-vitals.spec.ts:55:9 should use lazy loading for below-fold images" type="FAILURE">
<![CDATA[  [webkit] › seo\core-web-vitals.spec.ts:55:9 › Core Web Vitals › Image Optimization › should use lazy loading for below-fold images 

    Error: browserType.launch: Executable doesn't exist at C:\Users\itsab\AppData\Local\ms-playwright\webkit-2215\Playwright.exe
    ╔═════════════════════════════════════════════════════════════════════════╗
    ║ Looks like Playwright Test or Playwright was just installed or updated. ║
    ║ Please run the following command to download new browsers:              ║
    ║                                                                         ║
    ║     npx playwright install                                              ║
    ║                                                                         ║
    ║ <3 Playwright Team                                                      ║
    ╚═════════════════════════════════════════════════════════════════════════╝
]]>
</failure>
</testcase>
<testcase name="Core Web Vitals › Mobile Responsiveness › should be mobile-friendly" classname="seo\core-web-vitals.spec.ts" time="0.011">
<failure message="core-web-vitals.spec.ts:75:9 should be mobile-friendly" type="FAILURE">
<![CDATA[  [webkit] › seo\core-web-vitals.spec.ts:75:9 › Core Web Vitals › Mobile Responsiveness › should be mobile-friendly 

    Error: browserType.launch: Executable doesn't exist at C:\Users\itsab\AppData\Local\ms-playwright\webkit-2215\Playwright.exe
    ╔═════════════════════════════════════════════════════════════════════════╗
    ║ Looks like Playwright Test or Playwright was just installed or updated. ║
    ║ Please run the following command to download new browsers:              ║
    ║                                                                         ║
    ║     npx playwright install                                              ║
    ║                                                                         ║
    ║ <3 Playwright Team                                                      ║
    ╚═════════════════════════════════════════════════════════════════════════╝
]]>
</failure>
</testcase>
<testcase name="Core Web Vitals › Mobile Responsiveness › should have readable text on mobile" classname="seo\core-web-vitals.spec.ts" time="0.01">
<failure message="core-web-vitals.spec.ts:89:9 should have readable text on mobile" type="FAILURE">
<![CDATA[  [webkit] › seo\core-web-vitals.spec.ts:89:9 › Core Web Vitals › Mobile Responsiveness › should have readable text on mobile 

    Error: browserType.launch: Executable doesn't exist at C:\Users\itsab\AppData\Local\ms-playwright\webkit-2215\Playwright.exe
    ╔═════════════════════════════════════════════════════════════════════════╗
    ║ Looks like Playwright Test or Playwright was just installed or updated. ║
    ║ Please run the following command to download new browsers:              ║
    ║                                                                         ║
    ║     npx playwright install                                              ║
    ║                                                                         ║
    ║ <3 Playwright Team                                                      ║
    ╚═════════════════════════════════════════════════════════════════════════╝
]]>
</failure>
</testcase>
<testcase name="Core Web Vitals › Accessibility › should have proper heading hierarchy" classname="seo\core-web-vitals.spec.ts" time="0.011">
<failure message="core-web-vitals.spec.ts:105:9 should have proper heading hierarchy" type="FAILURE">
<![CDATA[  [webkit] › seo\core-web-vitals.spec.ts:105:9 › Core Web Vitals › Accessibility › should have proper heading hierarchy 

    Error: browserType.launch: Executable doesn't exist at C:\Users\itsab\AppData\Local\ms-playwright\webkit-2215\Playwright.exe
    ╔═════════════════════════════════════════════════════════════════════════╗
    ║ Looks like Playwright Test or Playwright was just installed or updated. ║
    ║ Please run the following command to download new browsers:              ║
    ║                                                                         ║
    ║     npx playwright install                                              ║
    ║                                                                         ║
    ║ <3 Playwright Team                                                      ║
    ╚═════════════════════════════════════════════════════════════════════════╝
]]>
</failure>
</testcase>
<testcase name="Core Web Vitals › Accessibility › should have language attribute" classname="seo\core-web-vitals.spec.ts" time="0.01">
<failure message="core-web-vitals.spec.ts:113:9 should have language attribute" type="FAILURE">
<![CDATA[  [webkit] › seo\core-web-vitals.spec.ts:113:9 › Core Web Vitals › Accessibility › should have language attribute 

    Error: browserType.launch: Executable doesn't exist at C:\Users\itsab\AppData\Local\ms-playwright\webkit-2215\Playwright.exe
    ╔═════════════════════════════════════════════════════════════════════════╗
    ║ Looks like Playwright Test or Playwright was just installed or updated. ║
    ║ Please run the following command to download new browsers:              ║
    ║                                                                         ║
    ║     npx playwright install                                              ║
    ║                                                                         ║
    ║ <3 Playwright Team                                                      ║
    ╚═════════════════════════════════════════════════════════════════════════╝
]]>
</failure>
</testcase>
</testsuite>
<testsuite name="seo\meta-tags.spec.ts" timestamp="2025-10-08T08:50:51.275Z" hostname="webkit" tests="13" failures="13" skipped="0" time="0.133" errors="0">
<testcase name="SEO Meta Tags › Homepage › should have correct title tag" classname="seo\meta-tags.spec.ts" time="0.009">
<failure message="meta-tags.spec.ts:5:9 should have correct title tag" type="FAILURE">
<![CDATA[  [webkit] › seo\meta-tags.spec.ts:5:9 › SEO Meta Tags › Homepage › should have correct title tag ──

    Error: browserType.launch: Executable doesn't exist at C:\Users\itsab\AppData\Local\ms-playwright\webkit-2215\Playwright.exe
    ╔═════════════════════════════════════════════════════════════════════════╗
    ║ Looks like Playwright Test or Playwright was just installed or updated. ║
    ║ Please run the following command to download new browsers:              ║
    ║                                                                         ║
    ║     npx playwright install                                              ║
    ║                                                                         ║
    ║ <3 Playwright Team                                                      ║
    ╚═════════════════════════════════════════════════════════════════════════╝
]]>
</failure>
</testcase>
<testcase name="SEO Meta Tags › Homepage › should have meta description" classname="seo\meta-tags.spec.ts" time="0.006">
<failure message="meta-tags.spec.ts:12:9 should have meta description" type="FAILURE">
<![CDATA[  [webkit] › seo\meta-tags.spec.ts:12:9 › SEO Meta Tags › Homepage › should have meta description ──

    Error: browserType.launch: Executable doesn't exist at C:\Users\itsab\AppData\Local\ms-playwright\webkit-2215\Playwright.exe
    ╔═════════════════════════════════════════════════════════════════════════╗
    ║ Looks like Playwright Test or Playwright was just installed or updated. ║
    ║ Please run the following command to download new browsers:              ║
    ║                                                                         ║
    ║     npx playwright install                                              ║
    ║                                                                         ║
    ║ <3 Playwright Team                                                      ║
    ╚═════════════════════════════════════════════════════════════════════════╝
]]>
</failure>
</testcase>
<testcase name="SEO Meta Tags › Homepage › should have Open Graph tags" classname="seo\meta-tags.spec.ts" time="0.01">
<failure message="meta-tags.spec.ts:19:9 should have Open Graph tags" type="FAILURE">
<![CDATA[  [webkit] › seo\meta-tags.spec.ts:19:9 › SEO Meta Tags › Homepage › should have Open Graph tags ───

    Error: browserType.launch: Executable doesn't exist at C:\Users\itsab\AppData\Local\ms-playwright\webkit-2215\Playwright.exe
    ╔═════════════════════════════════════════════════════════════════════════╗
    ║ Looks like Playwright Test or Playwright was just installed or updated. ║
    ║ Please run the following command to download new browsers:              ║
    ║                                                                         ║
    ║     npx playwright install                                              ║
    ║                                                                         ║
    ║ <3 Playwright Team                                                      ║
    ╚═════════════════════════════════════════════════════════════════════════╝
]]>
</failure>
</testcase>
<testcase name="SEO Meta Tags › Homepage › should have Twitter Card tags" classname="seo\meta-tags.spec.ts" time="0.012">
<failure message="meta-tags.spec.ts:33:9 should have Twitter Card tags" type="FAILURE">
<![CDATA[  [webkit] › seo\meta-tags.spec.ts:33:9 › SEO Meta Tags › Homepage › should have Twitter Card tags ─

    Error: browserType.launch: Executable doesn't exist at C:\Users\itsab\AppData\Local\ms-playwright\webkit-2215\Playwright.exe
    ╔═════════════════════════════════════════════════════════════════════════╗
    ║ Looks like Playwright Test or Playwright was just installed or updated. ║
    ║ Please run the following command to download new browsers:              ║
    ║                                                                         ║
    ║     npx playwright install                                              ║
    ║                                                                         ║
    ║ <3 Playwright Team                                                      ║
    ╚═════════════════════════════════════════════════════════════════════════╝
]]>
</failure>
</testcase>
<testcase name="SEO Meta Tags › Homepage › should have canonical URL" classname="seo\meta-tags.spec.ts" time="0.011">
<failure message="meta-tags.spec.ts:45:9 should have canonical URL" type="FAILURE">
<![CDATA[  [webkit] › seo\meta-tags.spec.ts:45:9 › SEO Meta Tags › Homepage › should have canonical URL ─────

    Error: browserType.launch: Executable doesn't exist at C:\Users\itsab\AppData\Local\ms-playwright\webkit-2215\Playwright.exe
    ╔═════════════════════════════════════════════════════════════════════════╗
    ║ Looks like Playwright Test or Playwright was just installed or updated. ║
[...]
Warning: attachment seo-meta-tags-SEO-Meta-Tag-815cb-onical-URL-pointing-to-ipos-tablet-ipad\video.webm is missing
Warning: attachment seo-meta-tags-SEO-Meta-Tag-815cb-onical-URL-pointing-to-ipos-tablet-ipad\error-context.md is missing]]>
</system-err>
</testcase>
<testcase name="SEO Meta Tags › Lot Calculator Page › should have correct SEO meta tags" classname="seo\meta-tags.spec.ts" time="30.167">
<failure message="meta-tags.spec.ts:74:9 should have correct SEO meta tags" type="FAILURE">
<![CDATA[  [tablet-ipad] › seo\meta-tags.spec.ts:74:9 › SEO Meta Tags › Lot Calculator Page › should have correct SEO meta tags 

    Test timeout of 30000ms exceeded.

    Error: locator.getAttribute: Test timeout of 30000ms exceeded.
    Call log:
      - waiting for locator('link[rel="canonical"]')


      78 |       expect(title).toContain('Calculator');
      79 |
    > 80 |       const canonical = await page.locator('link[rel="canonical"]').getAttribute('href');
         |                                                                     ^
      81 |       expect(canonical).toContain('lot-calculator');
      82 |     });
      83 |   });
        at D:\Abhay\VibeCoding\IPODhan\web\tests\e2e\seo\meta-tags.spec.ts:80:69

    attachment #1: screenshot (image/png) ──────────────────────────────────────────────────────────
    ..\..\test-results\seo-meta-tags-SEO-Meta-Tag-575f8--have-correct-SEO-meta-tags-tablet-ipad\test-failed-1.png
    ────────────────────────────────────────────────────────────────────────────────────────────────

    attachment #2: video (video/webm) ──────────────────────────────────────────────────────────────
    ..\..\test-results\seo-meta-tags-SEO-Meta-Tag-575f8--have-correct-SEO-meta-tags-tablet-ipad\video.webm
    ────────────────────────────────────────────────────────────────────────────────────────────────

    Error Context: ..\..\test-results\seo-meta-tags-SEO-Meta-Tag-575f8--have-correct-SEO-meta-tags-tablet-ipad\error-context.md
]]>
</failure>
<system-err>
<![CDATA[
Warning: attachment seo-meta-tags-SEO-Meta-Tag-575f8--have-correct-SEO-meta-tags-tablet-ipad\test-failed-1.png is missing
Warning: attachment seo-meta-tags-SEO-Meta-Tag-575f8--have-correct-SEO-meta-tags-tablet-ipad\video.webm is missing
Warning: attachment seo-meta-tags-SEO-Meta-Tag-575f8--have-correct-SEO-meta-tags-tablet-ipad\error-context.md is missing]]>
</system-err>
</testcase>
<testcase name="SEO Meta Tags › Comparison Tool Page › should have correct SEO meta tags" classname="seo\meta-tags.spec.ts" time="30.516">
<failure message="meta-tags.spec.ts:86:9 should have correct SEO meta tags" type="FAILURE">
<![CDATA[  [tablet-ipad] › seo\meta-tags.spec.ts:86:9 › SEO Meta Tags › Comparison Tool Page › should have correct SEO meta tags 

    Test timeout of 30000ms exceeded.

    Error: locator.getAttribute: Test timeout of 30000ms exceeded.
    Call log:
      - waiting for locator('link[rel="canonical"]')


      90 |       expect(title).toContain('Comparison');
      91 |
    > 92 |       const canonical = await page.locator('link[rel="canonical"]').getAttribute('href');
         |                                                                     ^
      93 |       expect(canonical).toContain('compare');
      94 |     });
      95 |   });
        at D:\Abhay\VibeCoding\IPODhan\web\tests\e2e\seo\meta-tags.spec.ts:92:69

    attachment #1: screenshot (image/png) ──────────────────────────────────────────────────────────
    ..\..\test-results\seo-meta-tags-SEO-Meta-Tag-17aad--have-correct-SEO-meta-tags-tablet-ipad\test-failed-1.png
    ────────────────────────────────────────────────────────────────────────────────────────────────

    attachment #2: video (video/webm) ──────────────────────────────────────────────────────────────
    ..\..\test-results\seo-meta-tags-SEO-Meta-Tag-17aad--have-correct-SEO-meta-tags-tablet-ipad\video.webm
    ────────────────────────────────────────────────────────────────────────────────────────────────

    Error Context: ..\..\test-results\seo-meta-tags-SEO-Meta-Tag-17aad--have-correct-SEO-meta-tags-tablet-ipad\error-context.md
]]>
</failure>
<system-err>
<![CDATA[
Warning: attachment seo-meta-tags-SEO-Meta-Tag-17aad--have-correct-SEO-meta-tags-tablet-ipad\test-failed-1.png is missing
Warning: attachment seo-meta-tags-SEO-Meta-Tag-17aad--have-correct-SEO-meta-tags-tablet-ipad\video.webm is missing
Warning: attachment seo-meta-tags-SEO-Meta-Tag-17aad--have-correct-SEO-meta-tags-tablet-ipad\error-context.md is missing]]>
</system-err>
</testcase>
<testcase name="SEO Meta Tags › Registrars Page › should have correct SEO meta tags" classname="seo\meta-tags.spec.ts" time="0.005">
<failure message="meta-tags.spec.ts:98:9 should have correct SEO meta tags" type="FAILURE">
<![CDATA[  [tablet-ipad] › seo\meta-tags.spec.ts:98:9 › SEO Meta Tags › Registrars Page › should have correct SEO meta tags 

    Error: browserType.launch: Target page, context or browser has been closed
    Browser logs:

    <launching> C:\Users\itsab\AppData\Local\ms-playwright\chromium_headless_shell-1194\chrome-win\headless_shell.exe --disable-field-trial-config --disable-background-networking --disable-background-timer-throttling --disable-backgrounding-occluded-windows --disable-back-forward-cache --disable-breakpad --disable-client-side-phishing-detection --disable-component-extensions-with-background-pages --disable-component-update --no-default-browser-check --disable-default-apps --disable-dev-shm-usage --disable-extensions --disable-features=AcceptCHFrame,AvoidUnnecessaryBeforeUnloadCheckSync,DestroyProfileOnBrowserClose,DialMediaRouteProvider,GlobalMediaControls,HttpsUpgrades,LensOverlay,MediaRouter,PaintHolding,ThirdPartyStoragePartitioning,Translate,AutoDeElevate,RenderDocument --enable-features=CDPScreenshotNewSurface --allow-pre-commit-input --disable-hang-monitor --disable-ipc-flooding-protection --disable-popup-blocking --disable-prompt-on-repost --disable-renderer-backgrounding --force-color-profile=srgb --metrics-recording-only --no-first-run --password-store=basic --use-mock-keychain --no-service-autorun --export-tagged-pdf --disable-search-engine-choice-screen --unsafely-disable-devtools-self-xss-warnings --edge-skip-compat-layer-relaunch --enable-automation --headless --hide-scrollbars --mute-audio --blink-settings=primaryHoverType=2,availableHoverTypes=2,primaryPointerType=4,availablePointerTypes=4 --no-sandbox --user-data-dir=C:\Users\itsab\AppData\Local\Temp\playwright_chromiumdev_profile-A3EiRP --remote-debugging-pipe --no-startup-window
    <launched> pid=42696
    Call log:
      - <launching> C:\Users\itsab\AppData\Local\ms-playwright\chromium_headless_shell-1194\chrome-win\headless_shell.exe --disable-field-trial-config --disable-background-networking --disable-background-timer-throttling --disable-backgrounding-occluded-windows --disable-back-forward-cache --disable-breakpad --disable-client-side-phishing-detection --disable-component-extensions-with-background-pages --disable-component-update --no-default-browser-check --disable-default-apps --disable-dev-shm-usage --disable-extensions --disable-features=AcceptCHFrame,AvoidUnnecessaryBeforeUnloadCheckSync,DestroyProfileOnBrowserClose,DialMediaRouteProvider,GlobalMediaControls,HttpsUpgrades,LensOverlay,MediaRouter,PaintHolding,ThirdPartyStoragePartitioning,Translate,AutoDeElevate,RenderDocument --enable-features=CDPScreenshotNewSurface --allow-pre-commit-input --disable-hang-monitor --disable-ipc-flooding-protection --disable-popup-blocking --disable-prompt-on-repost --disable-renderer-backgrounding --force-color-profile=srgb --metrics-recording-only --no-first-run --password-store=basic --use-mock-keychain --no-service-autorun --export-tagged-pdf --disable-search-engine-choice-screen --unsafely-disable-devtools-self-xss-warnings --edge-skip-compat-layer-relaunch --enable-automation --headless --hide-scrollbars --mute-audio --blink-settings=primaryHoverType=2,availableHoverTypes=2,primaryPointerType=4,availablePointerTypes=4 --no-sandbox --user-data-dir=C:\Users\itsab\AppData\Local\Temp\playwright_chromiumdev_profile-A3EiRP --remote-debugging-pipe --no-startup-window
      - <launched> pid=42696
      - [pid=42696] <gracefully close start>
      - [pid=42696] <kill>
      - [pid=42696] <will force kill>
      - [pid=42696] <process did exit: exitCode=3221225794, signal=null>
      - [pid=42696] starting temporary directories cleanup
      - [pid=42696] finished temporary directories cleanup
      - [pid=42696] <gracefully close end>

]]>
</failure>
</testcase>
<testcase name="SEO Meta Tags › Market Holidays Page › should have correct SEO meta tags" classname="seo\meta-tags.spec.ts" time="0.005">
<failure message="meta-tags.spec.ts:110:9 should have correct SEO meta tags" type="FAILURE">
<![CDATA[  [tablet-ipad] › seo\meta-tags.spec.ts:110:9 › SEO Meta Tags › Market Holidays Page › should have correct SEO meta tags 

    Error: browserType.launch: Target page, context or browser has been closed
    Browser logs:

    <launching> C:\Users\itsab\AppData\Local\ms-playwright\chromium_headless_shell-1194\chrome-win\headless_shell.exe --disable-field-trial-config --disable-background-networking --disable-background-timer-throttling --disable-backgrounding-occluded-windows --disable-back-forward-cache --disable-breakpad --disable-client-side-phishing-detection --disable-component-extensions-with-background-pages --disable-component-update --no-default-browser-check --disable-default-apps --disable-dev-shm-usage --disable-extensions --disable-features=AcceptCHFrame,AvoidUnnecessaryBeforeUnloadCheckSync,DestroyProfileOnBrowserClose,DialMediaRouteProvider,GlobalMediaControls,HttpsUpgrades,LensOverlay,MediaRouter,PaintHolding,ThirdPartyStoragePartitioning,Translate,AutoDeElevate,RenderDocument --enable-features=CDPScreenshotNewSurface --allow-pre-commit-input --disable-hang-monitor --disable-ipc-flooding-protection --disable-popup-blocking --disable-prompt-on-repost --disable-renderer-backgrounding --force-color-profile=srgb --metrics-recording-only --no-first-run --password-store=basic --use-mock-keychain --no-service-autorun --export-tagged-pdf --disable-search-engine-choice-screen --unsafely-disable-devtools-self-xss-warnings --edge-skip-compat-layer-relaunch --enable-automation --headless --hide-scrollbars --mute-audio --blink-settings=primaryHoverType=2,availableHoverTypes=2,primaryPointerType=4,availablePointerTypes=4 --no-sandbox --user-data-dir=C:\Users\itsab\AppData\Local\Temp\playwright_chromiumdev_profile-D9g0FL --remote-debugging-pipe --no-startup-window
    <launched> pid=25204
    Call log:
      - <launching> C:\Users\itsab\AppData\Local\ms-playwright\chromium_headless_shell-1194\chrome-win\headless_shell.exe --disable-field-trial-config --disable-background-networking --disable-background-timer-throttling --disable-backgrounding-occluded-windows --disable-back-forward-cache --disable-breakpad --disable-client-side-phishing-detection --disable-component-extensions-with-background-pages --disable-component-update --no-default-browser-check --disable-default-apps --disable-dev-shm-usage --disable-extensions --disable-features=AcceptCHFrame,AvoidUnnecessaryBeforeUnloadCheckSync,DestroyProfileOnBrowserClose,DialMediaRouteProvider,GlobalMediaControls,HttpsUpgrades,LensOverlay,MediaRouter,PaintHolding,ThirdPartyStoragePartitioning,Translate,AutoDeElevate,RenderDocument --enable-features=CDPScreenshotNewSurface --allow-pre-commit-input --disable-hang-monitor --disable-ipc-flooding-protection --disable-popup-blocking --disable-prompt-on-repost --disable-renderer-backgrounding --force-color-profile=srgb --metrics-recording-only --no-first-run --password-store=basic --use-mock-keychain --no-service-autorun --export-tagged-pdf --disable-search-engine-choice-screen --unsafely-disable-devtools-self-xss-warnings --edge-skip-compat-layer-relaunch --enable-automation --headless --hide-scrollbars --mute-audio --blink-settings=primaryHoverType=2,availableHoverTypes=2,primaryPointerType=4,availablePointerTypes=4 --no-sandbox --user-data-dir=C:\Users\itsab\AppData\Local\Temp\playwright_chromiumdev_profile-D9g0FL --remote-debugging-pipe --no-startup-window
      - <launched> pid=25204
      - [pid=25204] <gracefully close start>
      - [pid=25204] <kill>
      - [pid=25204] <will force kill>
      - [pid=25204] <process did exit: exitCode=3221225794, signal=null>
      - [pid=25204] starting temporary directories cleanup
      - [pid=25204] finished temporary directories cleanup
      - [pid=25204] <gracefully close end>

]]>
</failure>
</testcase>
<testcase name="SEO Meta Tags › Historical IPOs Page › should have correct SEO meta tags" classname="seo\meta-tags.spec.ts" time="0.008">
<failure message="meta-tags.spec.ts:122:9 should have correct SEO meta tags" type="FAILURE">
<![CDATA[  [tablet-ipad] › seo\meta-tags.spec.ts:122:9 › SEO Meta Tags › Historical IPOs Page › should have correct SEO meta tags 

    Error: browserType.launch: Target page, context or browser has been closed
    Browser logs:

    <launching> C:\Users\itsab\AppData\Local\ms-playwright\chromium_headless_shell-1194\chrome-win\headless_shell.exe --disable-field-trial-config --disable-background-networking --disable-background-timer-throttling --disable-backgrounding-occluded-windows --disable-back-forward-cache --disable-breakpad --disable-client-side-phishing-detection --disable-component-extensions-with-background-pages --disable-component-update --no-default-browser-check --disable-default-apps --disable-dev-shm-usage --disable-extensions --disable-features=AcceptCHFrame,AvoidUnnecessaryBeforeUnloadCheckSync,DestroyProfileOnBrowserClose,DialMediaRouteProvider,GlobalMediaControls,HttpsUpgrades,LensOverlay,MediaRouter,PaintHolding,ThirdPartyStoragePartitioning,Translate,AutoDeElevate,RenderDocument --enable-features=CDPScreenshotNewSurface --allow-pre-commit-input --disable-hang-monitor --disable-ipc-flooding-protection --disable-popup-blocking --disable-prompt-on-repost --disable-renderer-backgrounding --force-color-profile=srgb --metrics-recording-only --no-first-run --password-store=basic --use-mock-keychain --no-service-autorun --export-tagged-pdf --disable-search-engine-choice-screen --unsafely-disable-devtools-self-xss-warnings --edge-skip-compat-layer-relaunch --enable-automation --headless --hide-scrollbars --mute-audio --blink-settings=primaryHoverType=2,availableHoverTypes=2,primaryPointerType=4,availablePointerTypes=4 --no-sandbox --user-data-dir=C:\Users\itsab\AppData\Local\Temp\playwright_chromiumdev_profile-SYpS7h --remote-debugging-pipe --no-startup-window
    <launched> pid=10028
    Call log:
      - <launching> C:\Users\itsab\AppData\Local\ms-playwright\chromium_headless_shell-1194\chrome-win\headless_shell.exe --disable-field-trial-config --disable-background-networking --disable-background-timer-throttling --disable-backgrounding-occluded-windows --disable-back-forward-cache --disable-breakpad --disable-client-side-phishing-detection --disable-component-extensions-with-background-pages --disable-component-update --no-default-browser-check --disable-default-apps --disable-dev-shm-usage --disable-extensions --disable-features=AcceptCHFrame,AvoidUnnecessaryBeforeUnloadCheckSync,DestroyProfileOnBrowserClose,DialMediaRouteProvider,GlobalMediaControls,HttpsUpgrades,LensOverlay,MediaRouter,PaintHolding,ThirdPartyStoragePartitioning,Translate,AutoDeElevate,RenderDocument --enable-features=CDPScreenshotNewSurface --allow-pre-commit-input --disable-hang-monitor --disable-ipc-flooding-protection --disable-popup-blocking --disable-prompt-on-repost --disable-renderer-backgrounding --force-color-profile=srgb --metrics-recording-only --no-first-run --password-store=basic --use-mock-keychain --no-service-autorun --export-tagged-pdf --disable-search-engine-choice-screen --unsafely-disable-devtools-self-xss-warnings --edge-skip-compat-layer-relaunch --enable-automation --headless --hide-scrollbars --mute-audio --blink-settings=primaryHoverType=2,availableHoverTypes=2,primaryPointerType=4,availablePointerTypes=4 --no-sandbox --user-data-dir=C:\Users\itsab\AppData\Local\Temp\playwright_chromiumdev_profile-SYpS7h --remote-debugging-pipe --no-startup-window
      - <launched> pid=10028
      - [pid=10028] <gracefully close start>
      - [pid=10028] <kill>
      - [pid=10028] <will force kill>
      - [pid=10028] <process did exit: exitCode=3221225794, signal=null>
      - [pid=10028] starting temporary directories cleanup
      - [pid=10028] finished temporary directories cleanup
      - [pid=10028] <gracefully close end>

]]>
</failure>
</testcase>
<testcase name="Robots Meta Tag › should allow indexing on public pages" classname="seo\meta-tags.spec.ts" time="0">
<failure message="meta-tags.spec.ts:135:7 should allow indexing on public pages" type="FAILURE">
<![CDATA[  [tablet-ipad] › seo\meta-tags.spec.ts:135:7 › Robots Meta Tag › should allow indexing on public pages 

    Error: worker process exited unexpectedly (code=3221225794, signal=null)
]]>
</failure>
</testcase>
</testsuite>
<testsuite name="seo\structured-data.spec.ts" timestamp="2025-10-08T08:50:51.275Z" hostname="tablet-ipad" tests="5" failures="5" skipped="0" time="0" errors="0">
<testcase name="Structured Data (JSON-LD) › Homepage - Organization Schema › should have Organization schema" classname="seo\structured-data.spec.ts" time="0">
<failure message="structured-data.spec.ts:5:9 should have Organization schema" type="FAILURE">
<![CDATA[  [tablet-ipad] › seo\structured-data.spec.ts:5:9 › Structured Data (JSON-LD) › Homepage - Organization Schema › should have Organization schema 

    Error: worker process exited unexpectedly (code=3221225794, signal=null)
]]>
</failure>
</testcase>
<testcase name="Structured Data (JSON-LD) › Sitemap and Robots.txt › should have accessible robots.txt" classname="seo\structured-data.spec.ts" time="0">
<failure message="structured-data.spec.ts:33:9 should have accessible robots.txt" type="FAILURE">
<![CDATA[  [tablet-ipad] › seo\structured-data.spec.ts:33:9 › Structured Data (JSON-LD) › Sitemap and Robots.txt › should have accessible robots.txt 

    Error: worker process exited unexpectedly (code=3221225794, signal=null)
]]>
</failure>
</testcase>
<testcase name="Structured Data (JSON-LD) › Sitemap and Robots.txt › should have accessible sitemap.xml" classname="seo\structured-data.spec.ts" time="0">
<failure message="structured-data.spec.ts:43:9 should have accessible sitemap.xml" type="FAILURE">
<![CDATA[  [tablet-ipad] › seo\structured-data.spec.ts:43:9 › Structured Data (JSON-LD) › Sitemap and Robots.txt › should have accessible sitemap.xml 

    Error: worker process exited unexpectedly (code=3221225794, signal=null)
]]>
</failure>
</testcase>
<testcase name="Structured Data (JSON-LD) › Sitemap and Robots.txt › sitemap should include main pages" classname="seo\structured-data.spec.ts" time="0">
<failure message="structured-data.spec.ts:53:9 sitemap should include main pages" type="FAILURE">
<![CDATA[  [tablet-ipad] › seo\structured-data.spec.ts:53:9 › Structured Data (JSON-LD) › Sitemap and Robots.txt › sitemap should include main pages 

    Error: worker process exited unexpectedly (code=3221225794, signal=null)
]]>
</failure>
</testcase>
<testcase name="Structured Data (JSON-LD) › Breadcrumb Schema › should validate breadcrumb schema structure" classname="seo\structured-data.spec.ts" time="0">
<failure message="structured-data.spec.ts:64:9 should validate breadcrumb schema structure" type="FAILURE">
<![CDATA[  [tablet-ipad] › seo\structured-data.spec.ts:64:9 › Structured Data (JSON-LD) › Breadcrumb Schema › should validate breadcrumb schema structure 

    Error: worker process exited unexpectedly (code=3221225794, signal=null)
]]>
</failure>
</testcase>
</testsuite>
</testsuites>