<testsuites id="" name="" tests="26" failures="26" skipped="0" errors="0" time="16.872640999999998">
<testsuite name="tools\lot-calculator.spec.ts" timestamp="2025-10-08T07:39:16.500Z" hostname="chromium" tests="26" failures="26" skipped="0" time="0.248" errors="0">
<testcase name="Lot Calculator - Critical User Journey › should navigate to lot calculator page" classname="tools\lot-calculator.spec.ts" time="0.014">
<failure message="lot-calculator.spec.ts:51:7 should navigate to lot calculator page" type="FAILURE">
<![CDATA[  [chromium] › tools\lot-calculator.spec.ts:51:7 › Lot Calculator - Critical User Journey › should navigate to lot calculator page 

    Error: browserType.launch: Executable doesn't exist at C:\Users\itsab\AppData\Local\ms-playwright\chromium_headless_shell-1194\chrome-win\headless_shell.exe
    ╔═════════════════════════════════════════════════════════════════════════╗
    ║ Looks like Playwright Test or Playwright was just installed or updated. ║
    ║ Please run the following command to download new browsers:              ║
    ║                                                                         ║
    ║     npx playwright install                                              ║
    ║                                                                         ║
    ║ <3 Playwright Team                                                      ║
    ╚═════════════════════════════════════════════════════════════════════════╝
]]>
</failure>
</testcase>
<testcase name="Lot Calculator - Critical User Journey › should display lot calculator page with all elements" classname="tools\lot-calculator.spec.ts" time="0.01">
<failure message="lot-calculator.spec.ts:67:7 should display lot calculator page with all elements" type="FAILURE">
<![CDATA[  [chromium] › tools\lot-calculator.spec.ts:67:7 › Lot Calculator - Critical User Journey › should display lot calculator page with all elements 

    Error: browserType.launch: Executable doesn't exist at C:\Users\itsab\AppData\Local\ms-playwright\chromium_headless_shell-1194\chrome-win\headless_shell.exe
    ╔═════════════════════════════════════════════════════════════════════════╗
    ║ Looks like Playwright Test or Playwright was just installed or updated. ║
    ║ Please run the following command to download new browsers:              ║
    ║                                                                         ║
    ║     npx playwright install                                              ║
    ║                                                                         ║
    ║ <3 Playwright Team                                                      ║
    ╚═════════════════════════════════════════════════════════════════════════╝
]]>
</failure>
</testcase>
<testcase name="Lot Calculator - Critical User Journey › should allow IPO selection from dropdown" classname="tools\lot-calculator.spec.ts" time="0.009">
<failure message="lot-calculator.spec.ts:89:7 should allow IPO selection from dropdown" type="FAILURE">
<![CDATA[  [chromium] › tools\lot-calculator.spec.ts:89:7 › Lot Calculator - Critical User Journey › should allow IPO selection from dropdown 

    Error: browserType.launch: Executable doesn't exist at C:\Users\itsab\AppData\Local\ms-playwright\chromium_headless_shell-1194\chrome-win\headless_shell.exe
    ╔═════════════════════════════════════════════════════════════════════════╗
    ║ Looks like Playwright Test or Playwright was just installed or updated. ║
    ║ Please run the following command to download new browsers:              ║
    ║                                                                         ║
    ║     npx playwright install                                              ║
    ║                                                                         ║
    ║ <3 Playwright Team                                                      ║
    ╚═════════════════════════════════════════════════════════════════════════╝
]]>
</failure>
</testcase>
<testcase name="Lot Calculator - Critical User Journey › should accept valid investment amount input" classname="tools\lot-calculator.spec.ts" time="0.01">
<failure message="lot-calculator.spec.ts:115:7 should accept valid investment amount input" type="FAILURE">
<![CDATA[  [chromium] › tools\lot-calculator.spec.ts:115:7 › Lot Calculator - Critical User Journey › should accept valid investment amount input 

    Error: browserType.launch: Executable doesn't exist at C:\Users\itsab\AppData\Local\ms-playwright\chromium_headless_shell-1194\chrome-win\headless_shell.exe
    ╔═════════════════════════════════════════════════════════════════════════╗
    ║ Looks like Playwright Test or Playwright was just installed or updated. ║
    ║ Please run the following command to download new browsers:              ║
    ║                                                                         ║
    ║     npx playwright install                                              ║
    ║                                                                         ║
    ║ <3 Playwright Team                                                      ║
    ╚═════════════════════════════════════════════════════════════════════════╝
]]>
</failure>
</testcase>
<testcase name="Lot Calculator - Critical User Journey › should calculate lot quantity accurately" classname="tools\lot-calculator.spec.ts" time="0.014">
<failure message="lot-calculator.spec.ts:134:7 should calculate lot quantity accurately" type="FAILURE">
<![CDATA[  [chromium] › tools\lot-calculator.spec.ts:134:7 › Lot Calculator - Critical User Journey › should calculate lot quantity accurately 

    Error: browserType.launch: Executable doesn't exist at C:\Users\itsab\AppData\Local\ms-playwright\chromium_headless_shell-1194\chrome-win\headless_shell.exe
    ╔═════════════════════════════════════════════════════════════════════════╗
    ║ Looks like Playwright Test or Playwright was just installed or updated. ║
    ║ Please run the following command to download new browsers:              ║
    ║                                                                         ║
    ║     npx playwright install                                              ║
    ║                                                                         ║
    ║ <3 Playwright Team                                                      ║
    ╚═════════════════════════════════════════════════════════════════════════╝
]]>
</failure>
</testcase>
<testcase name="Lot Calculator - Critical User Journey › should display results correctly with all metrics" classname="tools\lot-calculator.spec.ts" time="0.014">
<failure message="lot-calculator.spec.ts:163:7 should display results correctly with all metrics" type="FAILURE">
<![CDATA[  [chromium] › tools\lot-calculator.spec.ts:163:7 › Lot Calculator - Critical User Journey › should display results correctly with all metrics 

    Error: browserType.launch: Executable doesn't exist at C:\Users\itsab\AppData\Local\ms-playwright\chromium_headless_shell-1194\chrome-win\headless_shell.exe
    ╔═════════════════════════════════════════════════════════════════════════╗
    ║ Looks like Playwright Test or Playwright was just installed or updated. ║
    ║ Please run the following command to download new browsers:              ║
    ║                                                                         ║
    ║     npx playwright install                                              ║
    ║                                                                         ║
    ║ <3 Playwright Team                                                      ║
    ╚═════════════════════════════════════════════════════════════════════════╝
]]>
</failure>
</testcase>
<testcase name="Lot Calculator - Critical User Journey › should clear/reset when input is cleared" classname="tools\lot-calculator.spec.ts" time="0.01">
<failure message="lot-calculator.spec.ts:196:7 should clear/reset when input is cleared" type="FAILURE">
<![CDATA[  [chromium] › tools\lot-calculator.spec.ts:196:7 › Lot Calculator - Critical User Journey › should clear/reset when input is cleared 

    Error: browserType.launch: Executable doesn't exist at C:\Users\itsab\AppData\Local\ms-playwright\chromium_headless_shell-1194\chrome-win\headless_shell.exe
    ╔═════════════════════════════════════════════════════════════════════════╗
    ║ Looks like Playwright Test or Playwright was just installed or updated. ║
    ║ Please run the following command to download new browsers:              ║
    ║                                                                         ║
    ║     npx playwright install                                              ║
    ║                                                                         ║
    ║ <3 Playwright Team                                                      ║
    ╚═════════════════════════════════════════════════════════════════════════╝
]]>
</failure>
</testcase>
<testcase name="Lot Calculator - Critical User Journey › should show error for negative or zero investment amount" classname="tools\lot-calculator.spec.ts" time="0.009">
<failure message="lot-calculator.spec.ts:221:7 should show error for negative or zero investment amount" type="FAILURE">
<![CDATA[  [chromium] › tools\lot-calculator.spec.ts:221:7 › Lot Calculator - Critical User Journey › should show error for negative or zero investment amount 

    Error: browserType.launch: Executable doesn't exist at C:\Users\itsab\AppData\Local\ms-playwright\chromium_headless_shell-1194\chrome-win\headless_shell.exe
    ╔═════════════════════════════════════════════════════════════════════════╗
    ║ Looks like Playwright Test or Playwright was just installed or updated. ║
    ║ Please run the following command to download new browsers:              ║
    ║                                                                         ║
    ║     npx playwright install                                              ║
    ║                                                                         ║
    ║ <3 Playwright Team                                                      ║
    ╚═════════════════════════════════════════════════════════════════════════╝
]]>
</failure>
</testcase>
<testcase name="Lot Calculator - Critical User Journey › should show error for investment amount below minimum (1 lot)" classname="tools\lot-calculator.spec.ts" time="0.01">
<failure message="lot-calculator.spec.ts:244:7 should show error for investment amount below minimum (1 lot)" type="FAILURE">
<![CDATA[  [chromium] › tools\lot-calculator.spec.ts:244:7 › Lot Calculator - Critical User Journey › should show error for investment amount below minimum (1 lot) 

    Error: browserType.launch: Executable doesn't exist at C:\Users\itsab\AppData\Local\ms-playwright\chromium_headless_shell-1194\chrome-win\headless_shell.exe
    ╔═════════════════════════════════════════════════════════════════════════╗
    ║ Looks like Playwright Test or Playwright was just installed or updated. ║
    ║ Please run the following command to download new browsers:              ║
    ║                                                                         ║
    ║     npx playwright install                                              ║
    ║                                                                         ║
    ║ <3 Playwright Team                                                      ║
    ╚═════════════════════════════════════════════════════════════════════════╝
]]>
</failure>
</testcase>
<testcase name="Lot Calculator - Critical User Journey › should handle non-numeric input gracefully" classname="tools\lot-calculator.spec.ts" time="0.011">
<failure message="lot-calculator.spec.ts:264:7 should handle non-numeric input gracefully" type="FAILURE">
<![CDATA[  [chromium] › tools\lot-calculator.spec.ts:264:7 › Lot Calculator - Critical User Journey › should handle non-numeric input gracefully 

    Error: browserType.launch: Executable doesn't exist at C:\Users\itsab\AppData\Local\ms-playwright\chromium_headless_shell-1194\chrome-win\headless_shell.exe
    ╔═════════════════════════════════════════════════════════════════════════╗
    ║ Looks like Playwright Test or Playwright was just installed or updated. ║
    ║ Please run the following command to download new browsers:              ║
    ║                                                                         ║
    ║     npx playwright install                                              ║
    ║                                                                         ║
    ║ <3 Playwright Team                                                      ║
    ╚═════════════════════════════════════════════════════════════════════════╝
]]>
</failure>
</testcase>
<testcase name="Lot Calculator - Critical User Journey › should handle very large investment amounts" classname="tools\lot-calculator.spec.ts" time="0.015">
<failure message="lot-calculator.spec.ts:284:7 should handle very large investment amounts" type="FAILURE">
<![CDATA[  [chromium] › tools\lot-calculator.spec.ts:284:7 › Lot Calculator - Critical User Journey › should handle very large investment amounts 

    Error: browserType.launch: Executable doesn't exist at C:\Users\itsab\AppData\Local\ms-playwright\chromium_headless_shell-1194\chrome-win\headless_shell.exe
    ╔═════════════════════════════════════════════════════════════════════════╗
    ║ Looks like Playwright Test or Playwright was just installed or updated. ║
    ║ Please run the following command to download new browsers:              ║
    ║                                                                         ║
    ║     npx playwright install                                              ║
    ║                                                                         ║
    ║ <3 Playwright Team                                                      ║
    ╚═════════════════════════════════════════════════════════════════════════╝
]]>
</failure>
</testcase>
<testcase name="Lot Calculator - Critical User Journey › should recalculate when switching IPOs" classname="tools\lot-calculator.spec.ts" time="0.01">
<failure message="lot-calculator.spec.ts:307:7 should recalculate when switching IPOs" type="FAILURE">
<![CDATA[  [chromium] › tools\lot-calculator.spec.ts:307:7 › Lot Calculator - Critical User Journey › should recalculate when switching IPOs 

    Error: browserType.launch: Executable doesn't exist at C:\Users\itsab\AppData\Local\ms-playwright\chromium_headless_shell-1194\chrome-win\headless_shell.exe
    ╔═════════════════════════════════════════════════════════════════════════╗
    ║ Looks like Playwright Test or Playwright was just installed or updated. ║
    ║ Please run the following command to download new browsers:              ║
    ║                                                                         ║
    ║     npx playwright install                                              ║
    ║                                                                         ║
    ║ <3 Playwright Team                                                      ║
    ╚═════════════════════════════════════════════════════════════════════════╝
]]>
</failure>
</testcase>
<testcase name="Lot Calculator - Critical User Journey › should persist last selected IPO in localStorage" classname="tools\lot-calculator.spec.ts" time="0.009">
<failure message="lot-calculator.spec.ts:343:7 should persist last selected IPO in localStorage" type="FAILURE">
<![CDATA[  [chromium] › tools\lot-calculator.spec.ts:343:7 › Lot Calculator - Critical User Journey › should persist last selected IPO in localStorage 

    Error: browserType.launch: Executable doesn't exist at C:\Users\itsab\AppData\Local\ms-playwright\chromium_headless_shell-1194\chrome-win\headless_shell.exe
    ╔═════════════════════════════════════════════════════════════════════════╗
    ║ Looks like Playwright Test or Playwright was just installed or updated. ║
    ║ Please run the following command to download new browsers:              ║
    ║                                                                         ║
    ║     npx playwright install                                              ║
    ║                                                                         ║
    ║ <3 Playwright Team                                                      ║
    ╚═════════════════════════════════════════════════════════════════════════╝
]]>
</failure>
</testcase>
<testcase name="Lot Calculator - Critical User Journey › should display help section with usage instructions" classname="tools\lot-calculator.spec.ts" time="0.009">
<failure message="lot-calculator.spec.ts:364:7 should display help section with usage instructions" type="FAILURE">
<![CDATA[  [chromium] › tools\lot-calculator.spec.ts:364:7 › Lot Calculator - Critical User Journey › should display help section with usage instructions 

    Error: browserType.launch: Executable doesn't exist at C:\Users\itsab\AppData\Local\ms-playwright\chromium_headless_shell-1194\chrome-win\headless_shell.exe
    ╔═════════════════════════════════════════════════════════════════════════╗
    ║ Looks like Playwright Test or Playwright was just installed or updated. ║
    ║ Please run the following command to download new browsers:              ║
    ║                                                                         ║
    ║     npx playwright install                                              ║
    ║                                                                         ║
    ║ <3 Playwright Team                                                      ║
    ╚═════════════════════════════════════════════════════════════════════════╝
]]>
</failure>
</testcase>
<testcase name="Lot Calculator - Critical User Journey › should display structured data (JSON-LD) for SEO" classname="tools\lot-calculator.spec.ts" time="0.009">
<failure message="lot-calculator.spec.ts:382:7 should display structured data (JSON-LD) for SEO" type="FAILURE">
<![CDATA[  [chromium] › tools\lot-calculator.spec.ts:382:7 › Lot Calculator - Critical User Journey › should display structured data (JSON-LD) for SEO 

    Error: browserType.launch: Executable doesn't exist at C:\Users\itsab\AppData\Local\ms-playwright\chromium_headless_shell-1194\chrome-win\headless_shell.exe
    ╔═════════════════════════════════════════════════════════════════════════╗
    ║ Looks like Playwright Test or Playwright was just installed or updated. ║
    ║ Please run the following command to download new browsers:              ║
    ║                                                                         ║
    ║     npx playwright install                                              ║
    ║                                                                         ║
    ║ <3 Playwright Team                                                      ║
    ╚═════════════════════════════════════════════════════════════════════════╝
]]>
</failure>
</testcase>
<testcase name="Lot Calculator - Mobile Responsive › should work on mobile devices" classname="tools\lot-calculator.spec.ts" time="0.009">
<failure message="lot-calculator.spec.ts:402:7 should work on mobile devices" type="FAILURE">
<![CDATA[  [chromium] › tools\lot-calculator.spec.ts:402:7 › Lot Calculator - Mobile Responsive › should work on mobile devices 

    Error: browserType.launch: Executable doesn't exist at C:\Users\itsab\AppData\Local\ms-playwright\chromium_headless_shell-1194\chrome-win\headless_shell.exe
    ╔═════════════════════════════════════════════════════════════════════════╗
    ║ Looks like Playwright Test or Playwright was just installed or updated. ║
    ║ Please run the following command to download new browsers:              ║
    ║                                                                         ║
    ║     npx playwright install                                              ║
    ║                                                                         ║
    ║ <3 Playwright Team                                                      ║
    ╚═════════════════════════════════════════════════════════════════════════╝
]]>
</failure>
</testcase>
<testcase name="Lot Calculator - Mobile Responsive › should display calculator form correctly on mobile" classname="tools\lot-calculator.spec.ts" time="0.011">
<failure message="lot-calculator.spec.ts:419:7 should display calculator form correctly on mobile" type="FAILURE">
<![CDATA[  [chromium] › tools\lot-calculator.spec.ts:419:7 › Lot Calculator - Mobile Responsive › should display calculator form correctly on mobile 

    Error: browserType.launch: Executable doesn't exist at C:\Users\itsab\AppData\Local\ms-playwright\chromium_headless_shell-1194\chrome-win\headless_shell.exe
    ╔═════════════════════════════════════════════════════════════════════════╗
    ║ Looks like Playwright Test or Playwright was just installed or updated. ║
    ║ Please run the following command to download new browsers:              ║
    ║                                                                         ║
    ║     npx playwright install                                              ║
    ║                                                                         ║
    ║ <3 Playwright Team                                                      ║
    ╚═════════════════════════════════════════════════════════════════════════╝
]]>
</failure>
</testcase>
<testcase name="Lot Calculator - Mobile Responsive › should display results correctly on mobile" classname="tools\lot-calculator.spec.ts" time="0.009">
<failure message="lot-calculator.spec.ts:437:7 should display results correctly on mobile" type="FAILURE">
<![CDATA[  [chromium] › tools\lot-calculator.spec.ts:437:7 › Lot Calculator - Mobile Responsive › should display results correctly on mobile 

    Error: browserType.launch: Executable doesn't exist at C:\Users\itsab\AppData\Local\ms-playwright\chromium_headless_shell-1194\chrome-win\headless_shell.exe
    ╔═════════════════════════════════════════════════════════════════════════╗
    ║ Looks like Playwright Test or Playwright was just installed or updated. ║
    ║ Please run the following command to download new browsers:              ║
    ║                                                                         ║
    ║     npx playwright install                                              ║
    ║                                                                         ║
    ║ <3 Playwright Team                                                      ║
    ╚═════════════════════════════════════════════════════════════════════════╝
]]>
</failure>
</testcase>
<testcase name="Lot Calculator - Mobile Responsive › should show help section on mobile" classname="tools\lot-calculator.spec.ts" time="0.008">
<failure message="lot-calculator.spec.ts:460:7 should show help section on mobile" type="FAILURE">
<![CDATA[  [chromium] › tools\lot-calculator.spec.ts:460:7 › Lot Calculator - Mobile Responsive › should show help section on mobile 

    Error: browserType.launch: Executable doesn't exist at C:\Users\itsab\AppData\Local\ms-playwright\chromium_headless_shell-1194\chrome-win\headless_shell.exe
    ╔═════════════════════════════════════════════════════════════════════════╗
    ║ Looks like Playwright Test or Playwright was just installed or updated. ║
    ║ Please run the following command to download new browsers:              ║
    ║                                                                         ║
    ║     npx playwright install                                              ║
    ║                                                                         ║
    ║ <3 Playwright Team                                                      ║
    ╚═════════════════════════════════════════════════════════════════════════╝
]]>
</failure>
</testcase>
<testcase name="Lot Calculator - Edge Cases › should handle exact lot amount (no remainder)" classname="tools\lot-calculator.spec.ts" time="0.007">
<failure message="lot-calculator.spec.ts:480:7 should handle exact lot amount (no remainder)" type="FAILURE">
<![CDATA[  [chromium] › tools\lot-calculator.spec.ts:480:7 › Lot Calculator - Edge Cases › should handle exact lot amount (no remainder) 

    Error: browserType.launch: Executable doesn't exist at C:\Users\itsab\AppData\Local\ms-playwright\chromium_headless_shell-1194\chrome-win\headless_shell.exe
    ╔═════════════════════════════════════════════════════════════════════════╗
    ║ Looks like Playwright Test or Playwright was just installed or updated. ║
    ║ Please run the following command to download new browsers:              ║
    ║                                                                         ║
    ║     npx playwright install                                              ║
    ║                                                                         ║
    ║ <3 Playwright Team                                                      ║
    ╚═════════════════════════════════════════════════════════════════════════╝
]]>
</failure>
</testcase>
<testcase name="Lot Calculator - Edge Cases › should handle partial lot (amount insufficient for additional lot)" classname="tools\lot-calculator.spec.ts" time="0.008">
<failure message="lot-calculator.spec.ts:502:7 should handle partial lot (amount insufficient for additional lot)" type="FAILURE">
<![CDATA[  [chromium] › tools\lot-calculator.spec.ts:502:7 › Lot Calculator - Edge Cases › should handle partial lot (amount insufficient for additional lot) 

    Error: browserType.launch: Executable doesn't exist at C:\Users\itsab\AppData\Local\ms-playwright\chromium_headless_shell-1194\chrome-win\headless_shell.exe
    ╔═════════════════════════════════════════════════════════════════════════╗
    ║ Looks like Playwright Test or Playwright was just installed or updated. ║
    ║ Please run the following command to download new browsers:              ║
    ║                                                                         ║
    ║     npx playwright install                                              ║
    ║                                                                         ║
    ║ <3 Playwright Team                                                      ║
    ╚═════════════════════════════════════════════════════════════════════════╝
]]>
</failure>
</testcase>
<testcase name="Lot Calculator - Edge Cases › should handle maximum integer values gracefully" classname="tools\lot-calculator.spec.ts" time="0.009">
<failure message="lot-calculator.spec.ts:530:7 should handle maximum integer values gracefully" type="FAILURE">
<![CDATA[  [chromium] › tools\lot-calculator.spec.ts:530:7 › Lot Calculator - Edge Cases › should handle maximum integer values gracefully 

    Error: browserType.launch: Executable doesn't exist at C:\Users\itsab\AppData\Local\ms-playwright\chromium_headless_shell-1194\chrome-win\headless_shell.exe
    ╔═════════════════════════════════════════════════════════════════════════╗
    ║ Looks like Playwright Test or Playwright was just installed or updated. ║
    ║ Please run the following command to download new browsers:              ║
    ║                                                                         ║
    ║     npx playwright install                                              ║
    ║                                                                         ║
    ║ <3 Playwright Team                                                      ║
    ╚═════════════════════════════════════════════════════════════════════════╝
]]>
</failure>
</testcase>
<testcase name="Lot Calculator - Edge Cases › should show 0 lots for amount below minimum" classname="tools\lot-calculator.spec.ts" time="0.008">
<failure message="lot-calculator.spec.ts:551:7 should show 0 lots for amount below minimum" type="FAILURE">
<![CDATA[  [chromium] › tools\lot-calculator.spec.ts:551:7 › Lot Calculator - Edge Cases › should show 0 lots for amount below minimum 

    Error: browserType.launch: Executable doesn't exist at C:\Users\itsab\AppData\Local\ms-playwright\chromium_headless_shell-1194\chrome-win\headless_shell.exe
    ╔═════════════════════════════════════════════════════════════════════════╗
    ║ Looks like Playwright Test or Playwright was just installed or updated. ║
    ║ Please run the following command to download new browsers:              ║
    ║                                                                         ║
    ║     npx playwright install                                              ║
    ║                                                                         ║
    ║ <3 Playwright Team                                                      ║
    ╚═════════════════════════════════════════════════════════════════════════╝
]]>
</failure>
</testcase>
<testcase name="Lot Calculator - Cross-Browser Compatibility › should work correctly on Chromium" classname="tools\lot-calculator.spec.ts" time="0.004">
<failure message="lot-calculator.spec.ts:577:7 should work correctly on Chromium" type="FAILURE">
<![CDATA[  [chromium] › tools\lot-calculator.spec.ts:577:7 › Lot Calculator - Cross-Browser Compatibility › should work correctly on Chromium 

    Error: browserType.launch: Executable doesn't exist at C:\Users\itsab\AppData\Local\ms-playwright\chromium_headless_shell-1194\chrome-win\headless_shell.exe
    ╔═════════════════════════════════════════════════════════════════════════╗
    ║ Looks like Playwright Test or Playwright was just installed or updated. ║
    ║ Please run the following command to download new browsers:              ║
    ║                                                                         ║
    ║     npx playwright install                                              ║
    ║                                                                         ║
    ║ <3 Playwright Team                                                      ║
    ╚═════════════════════════════════════════════════════════════════════════╝
]]>
</failure>
</testcase>
<testcase name="Lot Calculator - Cross-Browser Compatibility › should work correctly on Firefox" classname="tools\lot-calculator.spec.ts" time="0.006">
<failure message="lot-calculator.spec.ts:596:7 should work correctly on Firefox" type="FAILURE">
<![CDATA[  [chromium] › tools\lot-calculator.spec.ts:596:7 › Lot Calculator - Cross-Browser Compatibility › should work correctly on Firefox 

    Error: browserType.launch: Executable doesn't exist at C:\Users\itsab\AppData\Local\ms-playwright\chromium_headless_shell-1194\chrome-win\headless_shell.exe
    ╔═════════════════════════════════════════════════════════════════════════╗
    ║ Looks like Playwright Test or Playwright was just installed or updated. ║
    ║ Please run the following command to download new browsers:              ║
    ║                                                                         ║
    ║     npx playwright install                                              ║
    ║                                                                         ║
    ║ <3 Playwright Team                                                      ║
    ╚═════════════════════════════════════════════════════════════════════════╝
]]>
</failure>
</testcase>
<testcase name="Lot Calculator - Cross-Browser Compatibility › should work correctly on WebKit (Safari)" classname="tools\lot-calculator.spec.ts" time="0.006">
<failure message="lot-calculator.spec.ts:615:7 should work correctly on WebKit (Safari)" type="FAILURE">
<![CDATA[  [chromium] › tools\lot-calculator.spec.ts:615:7 › Lot Calculator - Cross-Browser Compatibility › should work correctly on WebKit (Safari) 

    Error: browserType.launch: Executable doesn't exist at C:\Users\itsab\AppData\Local\ms-playwright\chromium_headless_shell-1194\chrome-win\headless_shell.exe
    ╔═════════════════════════════════════════════════════════════════════════╗
    ║ Looks like Playwright Test or Playwright was just installed or updated. ║
    ║ Please run the following command to download new browsers:              ║
    ║                                                                         ║
    ║     npx playwright install                                              ║
    ║                                                                         ║
    ║ <3 Playwright Team                                                      ║
    ╚═════════════════════════════════════════════════════════════════════════╝
]]>
</failure>
</testcase>
</testsuite>
</testsuites>