{"numTotalTestSuites":898,"numPassedTestSuites":894,"numFailedTestSuites":4,"numPendingTestSuites":0,"numTotalTests":2354,"numPassedTests":2335,"numFailedTests":2,"numPendingTests":17,"numTodoTests":0,"snapshot":{"added":0,"failure":false,"filesAdded":0,"filesRemoved":0,"filesRemovedList":[],"filesUnmatched":0,"filesUpdated":0,"matched":0,"total":0,"unchecked":0,"uncheckedKeysByFile":[],"unmatched":0,"updated":0,"didUpdate":false},"startTime":1787740519706,"success":false,"testResults":[{"assertionResults":[{"ancestorTitles":["Field Protection Checker","isIPOLocked"],"fullName":"Field Protection Checker isIPOLocked should return true when IPO is locked","status":"passed","title":"should return true when IPO is locked","duration":1569.9332999999997,"failureMessages":[],"meta":{}},{"ancestorTitles":["Field Protection Checker","isIPOLocked"],"fullName":"Field Protection Checker isIPOLocked should return false when IPO is not locked","status":"passed","title":"should return false when IPO is not locked","duration":31.59400000000005,"failureMessages":[],"meta":{}},{"ancestorTitles":["Field Protection Checker","isIPOLocked"],"fullName":"Field Protection Checker isIPOLocked should return false when IPO does not exist","status":"passed","title":"should return false when IPO does not exist","duration":87.50939999999991,"failureMessages":[],"meta":{}},{"ancestorTitles":["Field Protection Checker","isIPOLocked"],"fullName":"Field Protection Checker isIPOLocked should use cache on second call","status":"passed","title":"should use cache on second call","duration":26.47099999999955,"failureMessages":[],"meta":{}},{"ancestorTitles":["Field Protection Checker","isIPOLocked"],"fullName":"Field Protection Checker isIPOLocked should handle Redis errors gracefully","status":"passed","title":"should handle Redis errors gracefully","duration":36.52379999999994,"failureMessages":[],"meta":{}},{"ancestorTitles":["Field Protection Checker","isFieldProtected"],"fullName":"Field Protection Checker isFieldProtected should return protected=true when IPO is locked","status":"passed","title":"should return protected=true when IPO is locked","duration":26.520700000000033,"failureMessages":[],"meta":{}},{"ancestorTitles":["Field Protection Checker","isFieldProtected"],"fullName":"Field Protection Checker isFieldProtected should return protected=true when field is protected","status":"passed","title":"should return protected=true when field is protected","duration":24.3720000000003,"failureMessages":[],"meta":{}},{"ancestorTitles":["Field Protection Checker","isFieldProtected"],"fullName":"Field Protection Checker isFieldProtected should return protected=false when field is not protected","status":"passed","title":"should return protected=false when field is not protected","duration":54.00709999999981,"failureMessages":[],"meta":{}},{"ancestorTitles":["Field Protection Checker","isFieldProtected"],"fullName":"Field Protection Checker isFieldProtected should indicate auto-protected fields","status":"passed","title":"should indicate auto-protected fields","duration":28.322299999999814,"failureMessages":[],"meta":{}},{"ancestorTitles":["Field Protection Checker","isFieldProtected"],"fullName":"Field Protection Checker isFieldProtected should use cache for field protection status","status":"passed","title":"should use cache for field protection status","duration":22.382400000000416,"failureMessages":[],"meta":{}},{"ancestorTitles":["Field Protection Checker","filterProtectedFields"],"fullName":"Field Protection Checker filterProtectedFields should return empty object when IPO is locked","status":"passed","title":"should return empty object when IPO is locked","duration":203.1239999999998,"failureMessages":[],"meta":{}},{"ancestorTitles":["Field Protection Checker","filterProtectedFields"],"fullName":"Field Protection Checker filterProtectedFields should filter out protected fields only","status":"passed","title":"should filter out protected fields only","duration":22.288500000000568,"failureMessages":[],"meta":{}},{"ancestorTitles":["Field Protection Checker","filterProtectedFields"],"fullName":"Field Protection Checker filterProtectedFields should allow all fields when none are protected","status":"passed","title":"should allow all fields when none are protected","duration":22.11369999999988,"failureMessages":[],"meta":{}},{"ancestorTitles":["Field Protection Checker","filterProtectedFields"],"fullName":"Field Protection Checker filterProtectedFields should store blocked update notifications","status":"passed","title":"should store blocked update notifications","duration":26.317299999999705,"failureMessages":[],"meta":{}},{"ancestorTitles":["Field Protection Checker","invalidateProtectionCache"],"fullName":"Field Protection Checker invalidateProtectionCache should invalidate IPO-level cache only","status":"passed","title":"should invalidate IPO-level cache only","duration":22.40479999999934,"failureMessages":[],"meta":{}},{"ancestorTitles":["Field Protection Checker","invalidateProtectionCache"],"fullName":"Field Protection Checker invalidateProtectionCache should invalidate specific field cache","status":"passed","title":"should invalidate specific field cache","duration":35.73999999999978,"failureMessages":[],"meta":{}},{"ancestorTitles":["Field Protection Checker","invalidateProtectionCache"],"fullName":"Field Protection Checker invalidateProtectionCache should invalidate all fields in table","status":"passed","title":"should invalidate all fields in table","duration":21.827800000000025,"failureMessages":[],"meta":{}},{"ancestorTitles":["Field Protection Checker","invalidateProtectionCache"],"fullName":"Field Protection Checker invalidateProtectionCache should handle Redis errors gracefully","status":"passed","title":"should handle Redis errors gracefully","duration":34.687699999999495,"failureMessages":[],"meta":{}},{"ancestorTitles":["Field Protection Checker","getBlockedUpdateNotifications"],"fullName":"Field Protection Checker getBlockedUpdateNotifications should return parsed notifications","status":"passed","title":"should return parsed notifications","duration":30.884799999999814,"failureMessages":[],"meta":{}},{"ancestorTitles":["Field Protection Checker","getBlockedUpdateNotifications"],"fullName":"Field Protection Checker getBlockedUpdateNotifications should return empty array on Redis error","status":"passed","title":"should return empty array on Redis error","duration":26.16570000000047,"failureMessages":[],"meta":{}},{"ancestorTitles":["Field Protection Checker","getBlockedUpdateNotifications"],"fullName":"Field Protection Checker getBlockedUpdateNotifications should respect limit parameter","status":"passed","title":"should respect limit parameter","duration":30.894000000000233,"failureMessages":[],"meta":{}},{"ancestorTitles":["Field Protection Checker","markFieldAsManuallyEdited"],"fullName":"Field Protection Checker markFieldAsManuallyEdited should create protection record with auto-protect enabled","status":"passed","title":"should create protection record with auto-protect enabled","duration":24.31710000000021,"failureMessages":[],"meta":{}},{"ancestorTitles":["Field Protection Checker","markFieldAsManuallyEdited"],"fullName":"Field Protection Checker markFieldAsManuallyEdited should create protection record without auto-protect","status":"passed","title":"should create protection record without auto-protect","duration":23.26810000000023,"failureMessages":[],"meta":{}},{"ancestorTitles":["Field Protection Checker","markFieldAsManuallyEdited"],"fullName":"Field Protection Checker markFieldAsManuallyEdited should update IPO last_manual_edit_at timestamp","status":"passed","title":"should update IPO last_manual_edit_at timestamp","duration":22.22689999999966,"failureMessages":[],"meta":{}},{"ancestorTitles":["Field Protection Checker","markFieldAsManuallyEdited"],"fullName":"Field Protection Checker markFieldAsManuallyEdited should invalidate protection cache","status":"passed","title":"should invalidate protection cache","duration":20.794800000000578,"failureMessages":[],"meta":{}}],"startTime":1787740554749,"endTime":1787740557226.795,"status":"passed","message":"","name":"D:/Abhay/Ventures/IPODhan-t339-t339F/web/tests/unit/field-protection-checker.test.ts"},{"assertionResults":[{"ancestorTitles":["FieldProtectionRepository","findByIPOId"],"fullName":"FieldProtectionRepository findByIPOId should return all field protections for an IPO","status":"passed","title":"should return all field protections for an IPO","duration":18.41439999999966,"failureMessages":[],"meta":{}},{"ancestorTitles":["FieldProtectionRepository","findByIPOId"],"fullName":"FieldProtectionRepository findByIPOId should use cache on second call","status":"passed","title":"should use cache on second call","duration":6.594999999999345,"failureMessages":[],"meta":{}},{"ancestorTitles":["FieldProtectionRepository","findByField"],"fullName":"FieldProtectionRepository findByField should return protection status for specific field","status":"passed","title":"should return protection status for specific field","duration":4.054199999999582,"failureMessages":[],"meta":{}},{"ancestorTitles":["FieldProtectionRepository","findByField"],"fullName":"FieldProtectionRepository findByField should return null when field protection not found","status":"passed","title":"should return null when field protection not found","duration":3.9570999999996275,"failureMessages":[],"meta":{}},{"ancestorTitles":["FieldProtectionRepository","findByTable"],"fullName":"FieldProtectionRepository findByTable should return all protections for a table","status":"passed","title":"should return all protections for a table","duration":3.8771999999999025,"failureMessages":[],"meta":{}},{"ancestorTitles":["FieldProtectionRepository","upsert"],"fullName":"FieldProtectionRepository upsert should create new field protection record","status":"passed","title":"should create new field protection record","duration":8.994899999999689,"failureMessages":[],"meta":{}},{"ancestorTitles":["FieldProtectionRepository","upsert"],"fullName":"FieldProtectionRepository upsert should update existing field protection record","status":"passed","title":"should update existing field protection record","duration":4.017399999999725,"failureMessages":[],"meta":{}},{"ancestorTitles":["FieldProtectionRepository","upsert"],"fullName":"FieldProtectionRepository upsert should invalidate caches after upsert","status":"passed","title":"should invalidate caches after upsert","duration":3.8140999999995984,"failureMessages":[],"meta":{}},{"ancestorTitles":["FieldProtectionRepository","updateProtectionStatus"],"fullName":"FieldProtectionRepository updateProtectionStatus should update protection status","status":"passed","title":"should update protection status","duration":6.29030000000057,"failureMessages":[],"meta":{}},{"ancestorTitles":["FieldProtectionRepository","updateProtectionStatus"],"fullName":"FieldProtectionRepository updateProtectionStatus should return null when field not found","status":"passed","title":"should return null when field not found","duration":3.266899999999623,"failureMessages":[],"meta":{}},{"ancestorTitles":["FieldProtectionRepository","bulkUpdateProtectionStatus"],"fullName":"FieldProtectionRepository bulkUpdateProtectionStatus should update multiple fields","status":"passed","title":"should update multiple fields","duration":7.514400000000023,"failureMessages":[],"meta":{}},{"ancestorTitles":["FieldProtectionRepository","bulkUpdateProtectionStatus"],"fullName":"FieldProtectionRepository bulkUpdateProtectionStatus should invalidate caches for all updated fields","status":"passed","title":"should invalidate caches for all updated fields","duration":7.3455000000003565,"failureMessages":[],"meta":{}},{"ancestorTitles":["FieldProtectionRepository","delete"],"fullName":"FieldProtectionRepository delete should delete field protection record","status":"passed","title":"should delete field protection record","duration":5.5020000000004075,"failureMessages":[],"meta":{}},{"ancestorTitles":["FieldProtectionRepository","delete"],"fullName":"FieldProtectionRepository delete should return false when record not found","status":"passed","title":"should return false when record not found","duration":3.23279999999977,"failureMessages":[],"meta":{}},{"ancestorTitles":["FieldProtectionRepository","deleteAllForIPO"],"fullName":"FieldProtectionRepository deleteAllForIPO should delete all protections for an IPO","status":"passed","title":"should delete all protections for an IPO","duration":5.060099999999693,"failureMessages":[],"meta":{}},{"ancestorTitles":["FieldProtectionRepository","countProtectedFields"],"fullName":"FieldProtectionRepository countProtectedFields should count only protected fields","status":"passed","title":"should count only protected fields","duration":4.668999999999869,"failureMessages":[],"meta":{}}],"startTime":1787740560697,"endTime":1787740560797.669,"status":"passed","message":"","name":"D:/Abhay/Ventures/IPODhan-t339-t339F/web/tests/unit/field-protection-repository.test.ts"},{"assertionResults":[{"ancestorTitles":["IPOScoringService","Financial Strength Calculation"],"fullName":"IPOScoringService Financial Strength Calculation should award full points for strong financials","status":"passed","title":"should award full points for strong financials","duration":5.8968000000004395,"failureMessages":[],"meta":{}},{"ancestorTitles":["IPOScoringService","Financial Strength Calculation"],"fullName":"IPOScoringService Financial Strength Calculation should award partial points for moderate financials","status":"passed","title":"should award partial points for moderate financials","duration":1.9002000000000407,"failureMessages":[],"meta":{}},{"ancestorTitles":["IPOScoringService","Financial Strength Calculation"],"fullName":"IPOScoringService Financial Strength Calculation should return 0 when financial data is missing","status":"passed","title":"should return 0 when financial data is missing","duration":2.73070000000007,"failureMessages":[],"meta":{}},{"ancestorTitles":["IPOScoringService","Valuation Assessment"],"fullName":"IPOScoringService Valuation Assessment should award full points for attractive valuation","status":"passed","title":"should award full points for attractive valuation","duration":1.1114999999999782,"failureMessages":[],"meta":{}},{"ancestorTitles":["IPOScoringService","Valuation Assessment"],"fullName":"IPOScoringService Valuation Assessment should award partial points for fair valuation","status":"passed","title":"should award partial points for fair valuation","duration":0.699800000000323,"failureMessages":[],"meta":{}},{"ancestorTitles":["IPOScoringService","Valuation Assessment"],"fullName":"IPOScoringService Valuation Assessment should penalize expensive valuation","status":"passed","title":"should penalize expensive valuation","duration":0.7099000000007436,"failureMessages":[],"meta":{}},{"ancestorTitles":["IPOScoringService","Subscription Demand Scoring"],"fullName":"IPOScoringService Subscription Demand Scoring should award full points for oversubscription > 100x","status":"passed","title":"should award full points for oversubscription > 100x","duration":0.8443999999999505,"failureMessages":[],"meta":{}},{"ancestorTitles":["IPOScoringService","Subscription Demand Scoring"],"fullName":"IPOScoringService Subscription Demand Scoring should award partial points for moderate subscription","status":"passed","title":"should award partial points for moderate subscription","duration":0.6005000000004657,"failureMessages":[],"meta":{}},{"ancestorTitles":["IPOScoringService","Subscription Demand Scoring"],"fullName":"IPOScoringService Subscription Demand Scoring should return 0 when subscription data is missing","status":"passed","title":"should return 0 when subscription data is missing","duration":0.8469999999997526,"failureMessages":[],"meta":{}},{"ancestorTitles":["IPOScoringService","Market Performance Evaluation"],"fullName":"IPOScoringService Market Performance Evaluation should award full points for strong GMP and listing gains","status":"passed","title":"should award full points for strong GMP and listing gains","duration":0.987699999999677,"failureMessages":[],"meta":{}},{"ancestorTitles":["IPOScoringService","Market Performance Evaluation"],"fullName":"IPOScoringService Market Performance Evaluation should award partial points for moderate market performance","status":"passed","title":"should award partial points for moderate market performance","duration":0.47230000000035943,"failureMessages":[],"meta":{}},{"ancestorTitles":["IPOScoringService","Market Performance Evaluation"],"fullName":"IPOScoringService Market Performance Evaluation should return 0 for negative market performance","status":"passed","title":"should return 0 for negative market performance","duration":0.6147000000000844,"failureMessages":[],"meta":{}},{"ancestorTitles":["IPOScoringService","Company Fundamentals"],"fullName":"IPOScoringService Company Fundamentals should award full points for large issue size","status":"passed","title":"should award full points for large issue size","duration":0.57549999999992,"failureMessages":[],"meta":{}},{"ancestorTitles":["IPOScoringService","Company Fundamentals"],"fullName":"IPOScoringService Company Fundamentals should award partial points for medium issue size","status":"passed","title":"should award partial points for medium issue size","duration":0.4329999999999927,"failureMessages":[],"meta":{}},{"ancestorTitles":["IPOScoringService","Overall Score Calculation"],"fullName":"IPOScoringService Overall Score Calculation should calculate exceptional score (9.0-10.0)","status":"passed","title":"should calculate exceptional score (9.0-10.0)","duration":5.241500000000087,"failureMessages":[],"meta":{}},{"ancestorTitles":["IPOScoringService","Overall Score Calculation"],"fullName":"IPOScoringService Overall Score Calculation should calculate poor score (0-2.9)","status":"passed","title":"should calculate poor score (0-2.9)","duration":2.481199999999262,"failureMessages":[],"meta":{}},{"ancestorTitles":["IPOScoringService","Confidence Calculation"],"fullName":"IPOScoringService Confidence Calculation should return high confidence with complete data","status":"passed","title":"should return high confidence with complete data","duration":0.48909999999978027,"failureMessages":[],"meta":{}},{"ancestorTitles":["IPOScoringService","Confidence Calculation"],"fullName":"IPOScoringService Confidence Calculation should return low confidence with incomplete data","status":"passed","title":"should return low confidence with incomplete data","duration":0.3989000000001397,"failureMessages":[],"meta":{}},{"ancestorTitles":["IPOScoringService","Rating Labels"],"fullName":"IPOScoringService Rating Labels should assign correct rating labels","status":"passed","title":"should assign correct rating labels","duration":0.6333000000004176,"failureMessages":[],"meta":{}},{"ancestorTitles":["IPOScoringService","Score Interpretation"],"fullName":"IPOScoringService Score Interpretation should provide appropriate interpretation for each rating level","status":"passed","title":"should provide appropriate interpretation for each rating level","duration":0.6040000000002692,"failureMessages":[],"meta":{}}],"startTime":1787740556552,"endTime":1787740556583.604,"status":"passed","message":"","name":"D:/Abhay/Ventures/IPODhan-t339-t339F/web/tests/unit/ipo-scoring-realtime.test.ts"},{"assertionResults":[{"ancestorTitles":["Button Component"],"fullName":"Button Component renders button with text","status":"passed","title":"renders button with text","duration":218.35310000000027,"failureMessages":[],"meta":{}},{"ancestorTitles":["Button Component"],"fullName":"Button Component renders button with variant","status":"passed","title":"renders button with variant","duration":22.860099999999875,"failureMessages":[],"meta":{}},{"ancestorTitles":["Button Component"],"fullName":"Button Component renders disabled button","status":"passed","title":"renders disabled button","duration":17.04280000000017,"failureMessages":[],"meta":{}}],"startTime":1787740718326,"endTime":1787740718585.0427,"status":"passed","message":"","name":"D:/Abhay/Ventures/IPODhan-t339-t339F/web/tests/unit/sample.test.tsx"},{"assertionResults":[{"ancestorTitles":["AffiliateCTA"],"fullName":"AffiliateCTA renders banner with title and subtitle","status":"passed","title":"renders banner with title and subtitle","duration":217.2527999999993,"failureMessages":[],"meta":{}},{"ancestorTitles":["AffiliateCTA"],"fullName":"AffiliateCTA renders broker buttons","status":"passed","title":"renders broker buttons","duration":32.52099999999973,"failureMessages":[],"meta":{}},{"ancestorTitles":["AffiliateCTA"],"fullName":"AffiliateCTA renders dismiss button","status":"passed","title":"renders dismiss button","duration":30.648199999999633,"failureMessages":[],"meta":{}},{"ancestorTitles":["AffiliateCTA"],"fullName":"AffiliateCTA hides banner when dismiss button is clicked","status":"passed","title":"hides banner when dismiss button is clicked","duration":526.6908999999996,"failureMessages":[],"meta":{}},{"ancestorTitles":["AffiliateCTA"],"fullName":"AffiliateCTA sets cookie on dismissal","status":"passed","title":"sets cookie on dismissal","duration":250.57780000000093,"failureMessages":[],"meta":{}},{"ancestorTitles":["AffiliateCTA"],"fullName":"AffiliateCTA does not render when cookie is set","status":"passed","title":"does not render when cookie is set","duration":13.994899999999689,"failureMessages":[],"meta":{}}],"startTime":1787740693823,"endTime":1787740694895.9949,"status":"passed","message":"","name":"D:/Abhay/Ventures/IPODhan-t339-t339F/web/tests/unit/affiliate/AffiliateCTA.test.tsx"},{"assertionResults":[{"ancestorTitles":["BrokerButton"],"fullName":"BrokerButton renders broker name and logo","status":"passed","title":"renders broker name and logo","duration":248.92449999999917,"failureMessages":[],"meta":{}},{"ancestorTitles":["BrokerButton"],"fullName":"BrokerButton renders as external link with correct attributes","status":"passed","title":"renders as external link with correct attributes","duration":924.6905999999999,"failureMessages":[],"meta":{}},{"ancestorTitles":["BrokerButton"],"fullName":"BrokerButton tracks click when button is clicked","status":"passed","title":"tracks click when button is clicked","duration":497.5671000000002,"failureMessages":[],"meta":{}},{"ancestorTitles":["BrokerButton"],"fullName":"BrokerButton includes IPO ID when provided","status":"passed","title":"includes IPO ID when provided","duration":332.5653999999995,"failureMessages":[],"meta":{}},{"ancestorTitles":["BrokerButton"],"fullName":"BrokerButton triggers Google Analytics event if available","status":"passed","title":"triggers Google Analytics event if available","duration":252.7522000000008,"failureMessages":[],"meta":{}},{"ancestorTitles":["BrokerButton"],"fullName":"BrokerButton handles tracking failure gracefully","status":"passed","title":"handles tracking failure gracefully","duration":266.71280000000024,"failureMessages":[],"meta":{}},{"ancestorTitles":["BrokerButton"],"fullName":"BrokerButton prevents double-clicking during tracking","status":"passed","title":"prevents double-clicking during tracking","duration":242.83500000000004,"failureMessages":[],"meta":{}}],"startTime":1787740659712,"endTime":1787740662480.835,"status":"passed","message":"","name":"D:/Abhay/Ventures/IPODhan-t339-t339F/web/tests/unit/affiliate/BrokerButton.test.tsx"},{"assertionResults":[{"ancestorTitles":["POST /api/affiliate/track"],"fullName":"POST /api/affiliate/track successfully tracks valid click data","status":"passed","title":"successfully tracks valid click data","duration":24.44300000000112,"failureMessages":[],"meta":{}},{"ancestorTitles":["POST /api/affiliate/track"],"fullName":"POST /api/affiliate/track tracks click with IPO ID","status":"passed","title":"tracks click with IPO ID","duration":4.4398999999993976,"failureMessages":[],"meta":{}},{"ancestorTitles":["POST /api/affiliate/track"],"fullName":"POST /api/affiliate/track rejects invalid broker","status":"passed","title":"rejects invalid broker","duration":5.729400000000169,"failureMessages":[],"meta":{}},{"ancestorTitles":["POST /api/affiliate/track"],"fullName":"POST /api/affiliate/track rejects invalid source","status":"passed","title":"rejects invalid source","duration":3.35609999999906,"failureMessages":[],"meta":{}},{"ancestorTitles":["POST /api/affiliate/track"],"fullName":"POST /api/affiliate/track rejects invalid IPO ID format","status":"passed","title":"rejects invalid IPO ID format","duration":45.77919999999904,"failureMessages":[],"meta":{}},{"ancestorTitles":["POST /api/affiliate/track"],"fullName":"POST /api/affiliate/track extracts user session from headers","status":"passed","title":"extracts user session from headers","duration":19.842099999999846,"failureMessages":[],"meta":{}}],"startTime":1787740667037,"endTime":1787740667140.842,"status":"passed","message":"","name":"D:/Abhay/Ventures/IPODhan-t339-t339F/web/tests/unit/api/affiliate-track.test.ts"},{"assertionResults":[{"ancestorTitles":["GET /api/ipos","Successful Requests"],"fullName":"GET /api/ipos Successful Requests should return paginated IPO list with default parameters","status":"passed","title":"should return paginated IPO list with default parameters","duration":50.04979999999887,"failureMessages":[],"meta":{}},{"ancestorTitles":["GET /api/ipos","Successful Requests"],"fullName":"GET /api/ipos Successful Requests should include Cache-Control header in response","status":"passed","title":"should include Cache-Control header in response","duration":8.827699999999822,"failureMessages":[],"meta":{}},{"ancestorTitles":["GET /api/ipos","Successful Requests"],"fullName":"GET /api/ipos Successful Requests should handle custom page and limit parameters","status":"passed","title":"should handle custom page and limit parameters","duration":12.07680000000073,"failureMessages":[],"meta":{}},{"ancestorTitles":["GET /api/ipos","Successful Requests"],"fullName":"GET /api/ipos Successful Requests should filter by single status parameter","status":"passed","title":"should filter by single status parameter","duration":8.110000000000582,"failureMessages":[],"meta":{}},{"ancestorTitles":["GET /api/ipos","Successful Requests"],"fullName":"GET /api/ipos Successful Requests should filter by multiple status parameters","status":"passed","title":"should filter by multiple status parameters","duration":8.492500000000291,"failureMessages":[],"meta":{}},{"ancestorTitles":["GET /api/ipos","Successful Requests"],"fullName":"GET /api/ipos Successful Requests should filter by segment parameter","status":"passed","title":"should filter by segment parameter","duration":6.903200000000652,"failureMessages":[],"meta":{}},{"ancestorTitles":["GET /api/ipos","Successful Requests"],"fullName":"GET /api/ipos Successful Requests should filter by sector parameter","status":"passed","title":"should filter by sector parameter","duration":7.484099999999671,"failureMessages":[],"meta":{}},{"ancestorTitles":["GET /api/ipos","Successful Requests"],"fullName":"GET /api/ipos Successful Requests should handle sorting parameters","status":"passed","title":"should handle sorting parameters","duration":7.460499999999229,"failureMessages":[],"meta":{}},{"ancestorTitles":["GET /api/ipos","Successful Requests"],"fullName":"GET /api/ipos Successful Requests should handle empty results","status":"passed","title":"should handle empty results","duration":9.469700000001467,"failureMessages":[],"meta":{}},{"ancestorTitles":["GET /api/ipos","Validation Errors"],"fullName":"GET /api/ipos Validation Errors should return 400 for invalid status parameter","status":"passed","title":"should return 400 for invalid status parameter","duration":9.716300000000047,"failureMessages":[],"meta":{}},{"ancestorTitles":["GET /api/ipos","Validation Errors"],"fullName":"GET /api/ipos Validation Errors should return 400 for invalid segment parameter","status":"passed","title":"should return 400 for invalid segment parameter","duration":6.34020000000055,"failureMessages":[],"meta":{}},{"ancestorTitles":["GET /api/ipos","Validation Errors"],"fullName":"GET /api/ipos Validation Errors should return 400 for negative page parameter","status":"passed","title":"should return 400 for negative page parameter","duration":6.700199999999313,"failureMessages":[],"meta":{}},{"ancestorTitles":["GET /api/ipos","Validation Errors"],"fullName":"GET /api/ipos Validation Errors should return 400 for page=0","status":"passed","title":"should return 400 for page=0","duration":5.654399999999441,"failureMessages":[],"meta":{}},{"ancestorTitles":["GET /api/ipos","Validation Errors"],"fullName":"GET /api/ipos Validation Errors should return 400 for limit exceeding max (100)","status":"passed","title":"should return 400 for limit exceeding max (100)","duration":5.932399999999689,"failureMessages":[],"meta":{}},{"ancestorTitles":["GET /api/ipos","Validation Errors"],"fullName":"GET /api/ipos Validation Errors should return 400 for invalid sortBy parameter","status":"passed","title":"should return 400 for invalid sortBy parameter","duration":6.52270000000135,"failureMessages":[],"meta":{}},{"ancestorTitles":["GET /api/ipos","Validation Errors"],"fullName":"GET /api/ipos Validation Errors should return 400 for invalid sortOrder parameter","status":"passed","title":"should return 400 for invalid sortOrder parameter","duration":6.664099999999962,"failureMessages":[],"meta":{}},{"ancestorTitles":["GET /api/ipos","Validation Errors"],"fullName":"GET /api/ipos Validation Errors should include requestId in error response","status":"passed","title":"should include requestId in error response","duration":6.4143999999996595,"failureMessages":[],"meta":{}},{"ancestorTitles":["GET /api/ipos","Validation Errors"],"fullName":"GET /api/ipos Validation Errors should include timestamp in error response","status":"passed","title":"should include timestamp in error response","duration":6.496000000001004,"failureMessages":[],"meta":{}},{"ancestorTitles":["GET /api/ipos","Database Errors"],"fullName":"GET /api/ipos Database Errors should return 500 for DatabaseError","status":"passed","title":"should return 500 for DatabaseError","duration":19.562799999999697,"failureMessages":[],"meta":{}},{"ancestorTitles":["GET /api/ipos","Database Errors"],"fullName":"GET /api/ipos Database Errors should return 500 for unknown errors","status":"passed","title":"should return 500 for unknown errors","duration":8.064199999998891,"failureMessages":[],"meta":{}},{"ancestorTitles":["GET /api/ipos","Response Format"],"fullName":"GET /api/ipos Response Format should return correct response structure","status":"passed","title":"should return correct response structure","duration":5.890400000000227,"failureMessages":[],"meta":{}},{"ancestorTitles":["GET /api/ipos","Response Format"],"fullName":"GET /api/ipos Response Format should calculate hasMore correctly when more pages exist","status":"passed","title":"should calculate hasMore correctly when more pages exist","duration":3.933500000001004,"failureMessages":[],"meta":{}},{"ancestorTitles":["GET /api/ipos","Response Format"],"fullName":"GET /api/ipos Response Format should calculate hasMore correctly on last page","status":"passed","title":"should calculate hasMore correctly on last page","duration":4.660299999999552,"failureMessages":[],"meta":{}}],"startTime":1787740567742,"endTime":1787740567965.6604,"status":"passed","message":"","name":"D:/Abhay/Ventures/IPODhan-t339-t339F/web/tests/unit/api/ipos.test.ts"},{"assertionResults":[{"ancestorTitles":["MarketHolidaysPage — \"Last updated\""],"fullName":"MarketHolidaysPage — \"Last updated\" derives \"Last updated\" from the max holiday updatedAt in the fetched data, not the current render time","status":"passed","title":"derives \"Last updated\" from the max holiday updatedAt in the fetched data, not the current render time","duration":526.8297000000002,"failureMessages":[],"meta":{}},{"ancestorTitles":["MarketHolidaysPage — \"Last updated\""],"fullName":"MarketHolidaysPage — \"Last updated\" renders no \"Last updated\" label when no holiday carries an updatedAt","status":"passed","title":"renders no \"Last updated\" label when no holiday carries an updatedAt","duration":236.47390000000087,"failureMessages":[],"meta":{}}],"startTime":1787740685449,"endTime":1787740686212.4739,"status":"passed","message":"","name":"D:/Abhay/Ventures/IPODhan-t339-t339F/web/tests/unit/app/market-holidays-last-updated.test.tsx"},{"assertionResults":[{"ancestorTitles":["Home Page (Story 9.3)","Page Structure"],"fullName":"Home Page (Story 9.3) Page Structure renders the compact data-first hero and table section","status":"passed","title":"renders the compact data-first hero and table section","duration":445.2480999999998,"failureMessages":[],"meta":{}},{"ancestorTitles":["Home Page (Story 9.3)","Page Structure"],"fullName":"Home Page (Story 9.3) Page Structure does not render the removed marketing sections","status":"passed","title":"does not render the removed marketing sections","duration":72.16259999999966,"failureMessages":[],"meta":{}},{"ancestorTitles":["Home Page (Story 9.3)","Page Structure"],"fullName":"Home Page (Story 9.3) Page Structure renders the quiet tools link row","status":"passed","title":"renders the quiet tools link row","duration":716.1562999999996,"failureMessages":[],"meta":{}},{"ancestorTitles":["Home Page (Story 9.3)","Data Fetching"],"fullName":"Home Page (Story 9.3) Data Fetching should fetch all four IPO datasets in parallel","status":"passed","title":"should fetch all four IPO datasets in parallel","duration":3.956000000000131,"failureMessages":[],"meta":{}},{"ancestorTitles":["Home Page (Story 9.3)","Data Fetching"],"fullName":"Home Page (Story 9.3) Data Fetching should pass fetched data to HomeIPOTablesSection","status":"passed","title":"should pass fetched data to HomeIPOTablesSection","duration":89.36659999999938,"failureMessages":[],"meta":{}},{"ancestorTitles":["Home Page (Story 9.3)","Data Fetching"],"fullName":"Home Page (Story 9.3) Data Fetching should handle fetch errors gracefully with empty arrays","status":"passed","title":"should handle fetch errors gracefully with empty arrays","duration":125.61579999999958,"failureMessages":[],"meta":{}},{"ancestorTitles":["Home Page (Story 9.3)","SEO Structured Data"],"fullName":"Home Page (Story 9.3) SEO Structured Data should include Organization schema","status":"passed","title":"should include Organization schema","duration":52.39519999999902,"failureMessages":[],"meta":{}},{"ancestorTitles":["Home Page (Story 9.3)","SEO Structured Data"],"fullName":"Home Page (Story 9.3) SEO Structured Data should include IPO Listings schema when IPOs exist","status":"passed","title":"should include IPO Listings schema when IPOs exist","duration":38.935600000000704,"failureMessages":[],"meta":{}},{"ancestorTitles":["Home Page (Story 9.3)","SEO Structured Data"],"fullName":"Home Page (Story 9.3) SEO Structured Data should not include IPO Listings schema when no IPOs exist","status":"passed","title":"should not include IPO Listings schema when no IPOs exist","duration":52.85499999999956,"failureMessages":[],"meta":{}},{"ancestorTitles":["Home Page (Story 9.3)","SEO Structured Data"],"fullName":"Home Page (Story 9.3) SEO Structured Data should generate correct ItemList schema structure","status":"passed","title":"should generate correct ItemList schema structure","duration":9.923099999999977,"failureMessages":[],"meta":{}},{"ancestorTitles":["Home Page (Story 9.3)","Error Handling"],"fullName":"Home Page (Story 9.3) Error Handling should wrap IPO tables section with AsyncErrorBoundary (#57)","status":"skipped","title":"should wrap IPO tables section with AsyncErrorBoundary (#57)","failureMessages":[],"meta":{}},{"ancestorTitles":["Home Page (Story 9.3)","Responsive Design"],"fullName":"Home Page (Story 9.3) Responsive Design should use proper responsive container classes","status":"passed","title":"should use proper responsive container classes","duration":65.98480000000018,"failureMessages":[],"meta":{}},{"ancestorTitles":["Home Page (Story 9.3)","Performance Optimization"],"fullName":"Home Page (Story 9.3) Performance Optimization should use Promise.all for parallel data fetching","status":"passed","title":"should use Promise.all for parallel data fetching","duration":3.496100000000297,"failureMessages":[],"meta":{}},{"ancestorTitles":["Home Page (Story 9.3)","Accessibility"],"fullName":"Home Page (Story 9.3) Accessibility should have proper heading hierarchy","status":"passed","title":"should have proper heading hierarchy","duration":64.7523999999994,"failureMessages":[],"meta":{}},{"ancestorTitles":["Home Page (Story 9.3)","Accessibility"],"fullName":"Home Page (Story 9.3) Accessibility should have meaningful section headings","status":"passed","title":"should have meaningful section headings","duration":54.448599999999715,"failureMessages":[],"meta":{}}],"startTime":1787740573778,"endTime":1787740575577.4485,"status":"passed","message":"","name":"D:/Abhay/Ventures/IPODhan-t339-t339F/web/tests/unit/app/page.test.tsx"},{"assertionResults":[{"ancestorTitles":["sitemap"],"fullName":"sitemap P3-14: never publishes a URL for a slug recorded in ipo_slug_redirects.old_slug","status":"passed","title":"P3-14: never publishes a URL for a slug recorded in ipo_slug_redirects.old_slug","duration":1900.124099999999,"failureMessages":[],"meta":{}},{"ancestorTitles":["sitemap"],"fullName":"sitemap P3-16: excludes the \"coming soon\" review placeholder pages","status":"passed","title":"P3-16: excludes the \"coming soon\" review placeholder pages","duration":3.147800000000643,"failureMessages":[],"meta":{}},{"ancestorTitles":["sitemap"],"fullName":"sitemap F2: revalidates on the IPO-list cache cadence instead of only at build time","status":"passed","title":"F2: revalidates on the IPO-list cache cadence instead of only at build time","duration":1.675199999999677,"failureMessages":[],"meta":{}},{"ancestorTitles":["sitemap"],"fullName":"sitemap degrades to an empty exclusion set (fails open, not closed) if the redirects table read fails","status":"passed","title":"degrades to an empty exclusion set (fails open, not closed) if the redirects table read fails","duration":16.390199999999822,"failureMessages":[],"meta":{}}],"startTime":1787740675598,"endTime":1787740677519.3901,"status":"passed","message":"","name":"D:/Abhay/Ventures/IPODhan-t339-t339F/web/tests/unit/app/sitemap.test.ts"},{"assertionResults":[{"ancestorTitles":["CompanyContactCard","Empty State"],"fullName":"CompanyContactCard Empty State displays empty state message when no contact information is provided","status":"passed","title":"displays empty state message when no contact information is provided","duration":213.1315999999988,"failureMessages":[],"meta":{}},{"ancestorTitles":["CompanyContactCard","Full Contact Information"],"fullName":"CompanyContactCard Full Contact Information renders all contact fields when populated","status":"passed","title":"renders all contact fields when populated","duration":248.86839999999938,"failureMessages":[],"meta":{}},{"ancestorTitles":["CompanyContactCard","Clickable Links"],"fullName":"CompanyContactCard Clickable Links renders phone link with correct tel: protocol","status":"passed","title":"renders phone link with correct tel: protocol","duration":14.83599999999933,"failureMessages":[],"meta":{}},{"ancestorTitles":["CompanyContactCard","Clickable Links"],"fullName":"CompanyContactCard Clickable Links renders email link with correct mailto: protocol","status":"passed","title":"renders email link with correct mailto: protocol","duration":16.223700000000463,"failureMessages":[],"meta":{}},{"ancestorTitles":["CompanyContactCard","Clickable Links"],"fullName":"CompanyContactCard Clickable Links renders website link with correct attributes","status":"passed","title":"renders website link with correct attributes","duration":31.736300000000483,"failureMessages":[],"meta":{}},{"ancestorTitles":["CompanyContactCard","Clickable Links"],"fullName":"CompanyContactCard Clickable Links renders Google Maps link with encoded address","status":"passed","title":"renders Google Maps link with encoded address","duration":24.66229999999996,"failureMessages":[],"meta":{}},{"ancestorTitles":["CompanyContactCard","Partial Contact Information"],"fullName":"CompanyContactCard Partial Contact Information renders only phone when other fields are null","status":"passed","title":"renders only phone when other fields are null","duration":18.692399999999907,"failureMessages":[],"meta":{}},{"ancestorTitles":["CompanyContactCard","Partial Contact Information"],"fullName":"CompanyContactCard Partial Contact Information renders only compliance officer without other contact info","status":"passed","title":"renders only compliance officer without other contact info","duration":9.786700000000565,"failureMessages":[],"meta":{}},{"ancestorTitles":["CompanyContactCard","Compliance Officer Section"],"fullName":"CompanyContactCard Compliance Officer Section does not render compliance officer section when officer name is null","status":"passed","title":"does not render compliance officer section when officer name is null","duration":11.249400000000605,"failureMessages":[],"meta":{}},{"ancestorTitles":["CompanyContactCard","Compliance Officer Section"],"fullName":"CompanyContactCard Compliance Officer Section renders compliance officer with only name (no phone/email)","status":"passed","title":"renders compliance officer with only name (no phone/email)","duration":16.20970000000125,"failureMessages":[],"meta":{}},{"ancestorTitles":["CompanyContactCard","Address Formatting"],"fullName":"CompanyContactCard Address Formatting formats full address correctly","status":"passed","title":"formats full address correctly","duration":11.082300000000032,"failureMessages":[],"meta":{}},{"ancestorTitles":["CompanyContactCard","Address Formatting"],"fullName":"CompanyContactCard Address Formatting handles partial address components","status":"passed","title":"handles partial address components","duration":9.766700000000128,"failureMessages":[],"meta":{}},{"ancestorTitles":["CompanyContactCard","Website Display"],"fullName":"CompanyContactCard Website Display does not render website section when website is null","status":"passed","title":"does not render website section when website is null","duration":6.747499999999491,"failureMessages":[],"meta":{}},{"ancestorTitles":["CompanyContactCard","Website Display"],"fullName":"CompanyContactCard Website Display does not render website section when website is undefined","status":"passed","title":"does not render website section when website is undefined","duration":6.396999999999025,"failureMessages":[],"meta":{}}],"startTime":1787740584427,"endTime":1787740585070.397,"status":"passed","message":"","name":"D:/Abhay/Ventures/IPODhan-t339-t339F/web/tests/unit/components/CompanyContactCard.test.tsx"},{"assertionResults":[{"ancestorTitles":["GmpDisplay — server/client first-paint determinism"],"fullName":"GmpDisplay — server/client first-paint determinism the render-function output (pre-effects) is identical regardless of when \"now\" is, for the same props — proving no Date.now() read leaks into the render body","status":"passed","title":"the render-function output (pre-effects) is identical regardless of when \"now\" is, for the same props — proving no Date.now() read leaks into the render body","duration":25.369400000000496,"failureMessages":[],"meta":{}},{"ancestorTitles":["GmpDisplay — server/client first-paint determinism"],"fullName":"GmpDisplay — server/client first-paint determinism fills in the real freshness text after mount (useEffect), without changing the value/trend already shown","status":"passed","title":"fills in the real freshness text after mount (useEffect), without changing the value/trend already shown","duration":107.84829999999965,"failureMessages":[],"meta":{}},{"ancestorTitles":["GmpDisplay — server/client first-paint determinism"],"fullName":"GmpDisplay — server/client first-paint determinism renders an em dash and no freshness text when gmp is null","status":"passed","title":"renders an em dash and no freshness text when gmp is null","duration":6.938000000000102,"failureMessages":[],"meta":{}}],"startTime":1787740676872,"endTime":1787740677011.938,"status":"passed","message":"","name":"D:/Abhay/Ventures/IPODhan-t339-t339F/web/tests/unit/components/GmpDisplay.test.tsx"},{"assertionResults":[{"ancestorTitles":["Database Migrations","Migration Application"],"fullName":"Database Migrations Migration Application should apply initial migration successfully","status":"skipped","title":"should apply initial migration successfully","failureMessages":[],"meta":{}},{"ancestorTitles":["Database Migrations","Migration Application"],"fullName":"Database Migrations Migration Application should create all 10 tables","status":"skipped","title":"should create all 10 tables","failureMessages":[],"meta":{}},{"ancestorTitles":["Database Migrations","Migration Application"],"fullName":"Database Migrations Migration Application should create all 6 enum types","status":"skipped","title":"should create all 6 enum types","failureMessages":[],"meta":{}},{"ancestorTitles":["Database Migrations","Migration Application"],"fullName":"Database Migrations Migration Application should enable pg_trgm extension","status":"skipped","title":"should enable pg_trgm extension","failureMessages":[],"meta":{}},{"ancestorTitles":["Database Migrations","Migration Application"],"fullName":"Database Migrations Migration Application should enable uuid-ossp extension","status":"skipped","title":"should enable uuid-ossp extension","failureMessages":[],"meta":{}},{"ancestorTitles":["Database Migrations","Migration Application"],"fullName":"Database Migrations Migration Application should create 8 indexes (7 from schema + 1 trigram)","status":"skipped","title":"should create 8 indexes (7 from schema + 1 trigram)","failureMessages":[],"meta":{}},{"ancestorTitles":["Database Migrations","Migration Application"],"fullName":"Database Migrations Migration Application should create trigram index on ipos.company_name","status":"skipped","title":"should create trigram index on ipos.company_name","failureMessages":[],"meta":{}},{"ancestorTitles":["Database Migrations","Migration Application"],"fullName":"Database Migrations Migration Application should create 6 foreign key constraints","status":"skipped","title":"should create 6 foreign key constraints","failureMessages":[],"meta":{}},{"ancestorTitles":["Database Migrations","Migration Application"],"fullName":"Database Migrations Migration Application should verify ipos table structure","status":"skipped","title":"should verify ipos table structure","failureMessages":[],"meta":{}},{"ancestorTitles":["Database Migrations","Fuzzy Search with Trigram Index"],"fullName":"Database Migrations Fuzzy Search with Trigram Index should perform fuzzy search using trigram similarity","status":"skipped","title":"should perform fuzzy search using trigram similarity","failureMessages":[],"meta":{}},{"ancestorTitles":["Database Migrations","Fuzzy Search with Trigram Index"],"fullName":"Database Migrations Fuzzy Search with Trigram Index should use trigram index for fuzzy search (verify with EXPLAIN)","status":"skipped","title":"should use trigram index for fuzzy search (verify with EXPLAIN)","failureMessages":[],"meta":{}},{"ancestorTitles":["Database Migrations","Migration Rollback"],"fullName":"Database Migrations Migration Rollback should rollback migration successfully","status":"skipped","title":"should rollback migration successfully","failureMessages":[],"meta":{}},{"ancestorTitles":["Database Migrations","Migration Rollback"],"fullName":"Database Migrations Migration Rollback should have no tables after rollback","status":"skipped","title":"should have no tables after rollback","failureMessages":[],"meta":{}},{"ancestorTitles":["Database Migrations","Migration Rollback"],"fullName":"Database Migrations Migration Rollback should have no enum types after rollback","status":"skipped","title":"should have no enum types after rollback","failureMessages":[],"meta":{}},{"ancestorTitles":["Database Migrations","Migration Rollback"],"fullName":"Database Migrations Migration Rollback should re-apply migration after rollback","status":"skipped","title":"should re-apply migration after rollback","failureMessages":[],"meta":{}}],"startTime":1787740519706,"endTime":1787740519706,"status":"passed","message":"","name":"D:/Abhay/Ventures/IPODhan-t339-t339F/web/tests/unit/db/migrations.test.ts"},{"assertionResults":[{"ancestorTitles":["pool-cap arithmetic (T-242 M3)"],"fullName":"pool-cap arithmetic (T-242 M3) resolveWebPoolSize defaults to a safe max/min when env is unset","status":"passed","title":"resolveWebPoolSize defaults to a safe max/min when env is unset","duration":3.9205000000001746,"failureMessages":[],"meta":{}},{"ancestorTitles":["pool-cap arithmetic (T-242 M3)"],"fullName":"pool-cap arithmetic (T-242 M3) resolveWebPoolSize honors DB_POOL_MAX / DB_POOL_MIN overrides","status":"passed","title":"resolveWebPoolSize honors DB_POOL_MAX / DB_POOL_MIN overrides","duration":0.9134000000003653,"failureMessages":[],"meta":{}},{"ancestorTitles":["pool-cap arithmetic (T-242 M3)"],"fullName":"pool-cap arithmetic (T-242 M3) resolveWebPoolSize falls back to defaults on invalid/non-positive values","status":"passed","title":"resolveWebPoolSize falls back to defaults on invalid/non-positive values","duration":0.7996000000002823,"failureMessages":[],"meta":{}},{"ancestorTitles":["pool-cap arithmetic (T-242 M3)"],"fullName":"pool-cap arithmetic (T-242 M3) resolveDatabaseSsl (web) defaults to off (false) preserving current prod behavior","status":"passed","title":"resolveDatabaseSsl (web) defaults to off (false) preserving current prod behavior","duration":4.332499999999527,"failureMessages":[],"meta":{}},{"ancestorTitles":["pool-cap arithmetic (T-242 M3)"],"fullName":"pool-cap arithmetic (T-242 M3) resolveDatabaseSsl (web) returns a pinned-cert config for DATABASE_SSL=require","status":"passed","title":"resolveDatabaseSsl (web) returns a pinned-cert config for DATABASE_SSL=require","duration":2.2497999999995955,"failureMessages":[],"meta":{}},{"ancestorTitles":["pool-cap arithmetic (T-242 M3)"],"fullName":"pool-cap arithmetic (T-242 M3) resolveSharedPoolSize defaults to a safe max when env is unset","status":"passed","title":"resolveSharedPoolSize defaults to a safe max when env is unset","duration":0.8051999999997861,"failureMessages":[],"meta":{}},{"ancestorTitles":["pool-cap arithmetic (T-242 M3)"],"fullName":"pool-cap arithmetic (T-242 M3) resolveSharedPoolSize honors SHARED_DB_POOL_MAX override","status":"passed","title":"resolveSharedPoolSize honors SHARED_DB_POOL_MAX override","duration":0.4227000000000771,"failureMessages":[],"meta":{}},{"ancestorTitles":["pool-cap arithmetic (T-242 M3)"],"fullName":"pool-cap arithmetic (T-242 M3) worst-case default total stays under the 90-connection contract ceiling","status":"passed","title":"worst-case default total stays under the 90-connection contract ceiling","duration":0.7364999999999782,"failureMessages":[],"meta":{}}],"startTime":1787740684990,"endTime":1787740685004.7366,"status":"passed","message":"","name":"D:/Abhay/Ventures/IPODhan-t339-t339F/web/tests/unit/db/pool-config.test.ts"},{"assertionResults":[{"ancestorTitles":["Database Schema","Schema Structure"],"fullName":"Database Schema Schema Structure should export all 10 core tables","status":"passed","title":"should export all 10 core tables","duration":5.598500000000058,"failureMessages":[],"meta":{}},{"ancestorTitles":["Database Schema","Schema Structure"],"fullName":"Database Schema Schema Structure should export all enum types","status":"passed","title":"should export all enum types","duration":1.0475999999998749,"failureMessages":[],"meta":{}},{"ancestorTitles":["Database Schema","Schema Structure"],"fullName":"Database Schema Schema Structure should export all table relations","status":"passed","title":"should export all table relations","duration":1.2273999999997613,"failureMessages":[],"meta":{}},{"ancestorTitles":["Database Schema","IPO Table"],"fullName":"Database Schema IPO Table should have all required fields from architecture","status":"passed","title":"should have all required fields from architecture","duration":1.006199999999808,"failureMessages":[],"meta":{}},{"ancestorTitles":["Database Schema","Subscription Table"],"fullName":"Database Schema Subscription Table should have all subscription category fields","status":"passed","title":"should have all subscription category fields","duration":0.599699999999757,"failureMessages":[],"meta":{}},{"ancestorTitles":["Database Schema","GMP Records Table"],"fullName":"Database Schema GMP Records Table should have enhanced GMP fields","status":"passed","title":"should have enhanced GMP fields","duration":0.5704999999998108,"failureMessages":[],"meta":{}},{"ancestorTitles":["Database Schema","Financial Data Table"],"fullName":"Database Schema Financial Data Table should have yearly financial fields","status":"passed","title":"should have yearly financial fields","duration":0.43370000000049913,"failureMessages":[],"meta":{}},{"ancestorTitles":["Database Schema","Documents Table"],"fullName":"Database Schema Documents Table should have document management fields","status":"passed","title":"should have document management fields","duration":0.543800000000374,"failureMessages":[],"meta":{}},{"ancestorTitles":["Database Schema","Listing Performance Table"],"fullName":"Database Schema Listing Performance Table should have listing performance fields","status":"passed","title":"should have listing performance fields","duration":1.1067999999995664,"failureMessages":[],"meta":{}},{"ancestorTitles":["Database Schema","Market Holidays Table"],"fullName":"Database Schema Market Holidays Table should have market holiday fields","status":"passed","title":"should have market holiday fields","duration":0.5132000000003245,"failureMessages":[],"meta":{}},{"ancestorTitles":["Database Schema","Registrars Table"],"fullName":"Database Schema Registrars Table should have registrar fields","status":"passed","title":"should have registrar fields","duration":0.5583999999998923,"failureMessages":[],"meta":{}},{"ancestorTitles":["Database Schema","Peer Companies Table"],"fullName":"Database Schema Peer Companies Table should have peer company fields","status":"passed","title":"should have peer company fields","duration":2.301900000000387,"failureMessages":[],"meta":{}},{"ancestorTitles":["Database Schema","Broker Affiliates Table"],"fullName":"Database Schema Broker Affiliates Table should have broker affiliate fields","status":"passed","title":"should have broker affiliate fields","duration":0.602999999999156,"failureMessages":[],"meta":{}}],"startTime":1787740675867,"endTime":1787740675885.603,"status":"passed","message":"","name":"D:/Abhay/Ventures/IPODhan-t339-t339F/web/tests/unit/db/schema.test.ts"},{"assertionResults":[{"ancestorTitles":["Database Types","IPO Types"],"fullName":"Database Types IPO Types should have correct IPO select type","status":"passed","title":"should have correct IPO select type","duration":1.8161000000000058,"failureMessages":[],"meta":{}},{"ancestorTitles":["Database Types","IPO Types"],"fullName":"Database Types IPO Types should have correct NewIPO insert type","status":"passed","title":"should have correct NewIPO insert type","duration":0.6744999999998527,"failureMessages":[],"meta":{}},{"ancestorTitles":["Database Types","Subscription Types"],"fullName":"Database Types Subscription Types should have correct Subscription type","status":"passed","title":"should have correct Subscription type","duration":0.5107000000000426,"failureMessages":[],"meta":{}},{"ancestorTitles":["Database Types","GMP Record Types"],"fullName":"Database Types GMP Record Types should have correct GMPRecord type with enhanced fields","status":"passed","title":"should have correct GMPRecord type with enhanced fields","duration":0.28599999999983083,"failureMessages":[],"meta":{}},{"ancestorTitles":["Database Types","Financial Data Types"],"fullName":"Database Types Financial Data Types should have correct FinancialData type","status":"passed","title":"should have correct FinancialData type","duration":0.24500000000011823,"failureMessages":[],"meta":{}},{"ancestorTitles":["Database Types","Document Types"],"fullName":"Database Types Document Types should have correct Document type","status":"passed","title":"should have correct Document type","duration":0.1938000000000102,"failureMessages":[],"meta":{}},{"ancestorTitles":["Database Types","Listing Performance Types"],"fullName":"Database Types Listing Performance Types should have correct ListingPerformance type","status":"passed","title":"should have correct ListingPerformance type","duration":0.2401999999999589,"failureMessages":[],"meta":{}},{"ancestorTitles":["Database Types","Market Holiday Types"],"fullName":"Database Types Market Holiday Types should have correct MarketHoliday type","status":"passed","title":"should have correct MarketHoliday type","duration":0.13800000000014734,"failureMessages":[],"meta":{}},{"ancestorTitles":["Database Types","Registrar Types"],"fullName":"Database Types Registrar Types should have correct Registrar type","status":"passed","title":"should have correct Registrar type","duration":0.2780999999999949,"failureMessages":[],"meta":{}},{"ancestorTitles":["Database Types","Peer Company Types"],"fullName":"Database Types Peer Company Types should have correct PeerCompany type","status":"passed","title":"should have correct PeerCompany type","duration":0.16800000000012005,"failureMessages":[],"meta":{}},{"ancestorTitles":["Database Types","Broker Affiliate Types"],"fullName":"Database Types Broker Affiliate Types should have correct BrokerAffiliate type","status":"passed","title":"should have correct BrokerAffiliate type","duration":0.14640000000008513,"failureMessages":[],"meta":{}},{"ancestorTitles":["Database Types","Enum Types"],"fullName":"Database Types Enum Types should have correct enum type definitions","status":"passed","title":"should have correct enum type definitions","duration":0.08220000000005712,"failureMessages":[],"meta":{}}],"startTime":1787740582940,"endTime":1787740582946.1465,"status":"passed","message":"","name":"D:/Abhay/Ventures/IPODhan-t339-t339F/web/tests/unit/db/types.test.ts"},{"assertionResults":[{"ancestorTitles":["Database Validation Schemas","IPO Validation"],"fullName":"Database Validation Schemas IPO Validation should validate a valid IPO insert","status":"passed","title":"should validate a valid IPO insert","duration":28.328600000000733,"failureMessages":[],"meta":{}},{"ancestorTitles":["Database Validation Schemas","IPO Validation"],"fullName":"Database Validation Schemas IPO Validation should reject IPO with invalid slug format","status":"passed","title":"should reject IPO with invalid slug format","duration":5.457500000000437,"failureMessages":[],"meta":{}},{"ancestorTitles":["Database Validation Schemas","IPO Validation"],"fullName":"Database Validation Schemas IPO Validation should reject IPO with invalid rating","status":"passed","title":"should reject IPO with invalid rating","duration":8.224100000000362,"failureMessages":[],"meta":{}},{"ancestorTitles":["Database Validation Schemas","IPO Validation"],"fullName":"Database Validation Schemas IPO Validation should accept IPO with optional fields","status":"passed","title":"should accept IPO with optional fields","duration":4.0943999999999505,"failureMessages":[],"meta":{}},{"ancestorTitles":["Database Validation Schemas","Subscription Validation"],"fullName":"Database Validation Schemas Subscription Validation should validate a valid subscription insert","status":"passed","title":"should validate a valid subscription insert","duration":12.419599999999264,"failureMessages":[],"meta":{}},{"ancestorTitles":["Database Validation Schemas","Subscription Validation"],"fullName":"Database Validation Schemas Subscription Validation should reject subscription with invalid UUID","status":"passed","title":"should reject subscription with invalid UUID","duration":4.302200000000084,"failureMessages":[],"meta":{}},{"ancestorTitles":["Database Validation Schemas","Subscription Validation"],"fullName":"Database Validation Schemas Subscription Validation should reject subscription with negative applications","status":"passed","title":"should reject subscription with negative applications","duration":3.1502000000000407,"failureMessages":[],"meta":{}},{"ancestorTitles":["Database Validation Schemas","GMP Record Validation"],"fullName":"Database Validation Schemas GMP Record Validation should validate a valid GMP record insert","status":"passed","title":"should validate a valid GMP record insert","duration":5.459700000000339,"failureMessages":[],"meta":{}},{"ancestorTitles":["Database Validation Schemas","GMP Record Validation"],"fullName":"Database Validation Schemas GMP Record Validation should validate GMP record with enhanced fields","status":"passed","title":"should validate GMP record with enhanced fields","duration":3.9747999999999593,"failureMessages":[],"meta":{}},{"ancestorTitles":["Database Validation Schemas","GMP Record Validation"],"fullName":"Database Validation Schemas GMP Record Validation should reject GMP record without source","status":"passed","title":"should reject GMP record without source","duration":2.332800000000134,"failureMessages":[],"meta":{}},{"ancestorTitles":["Database Validation Schemas","Financial Data Validation"],"fullName":"Database Validation Schemas Financial Data Validation should validate a valid financial data insert","status":"passed","title":"should validate a valid financial data insert","duration":6.511700000000019,"failureMessages":[],"meta":{}},{"ancestorTitles":["Database Validation Schemas","Document Validation"],"fullName":"Database Validation Schemas Document Validation should validate a valid document insert","status":"passed","title":"should validate a valid document insert","duration":5.920000000000073,"failureMessages":[],"meta":{}},{"ancestorTitles":["Database Validation Schemas","Document Validation"],"fullName":"Database Validation Schemas Document Validation should reject document with invalid URL","status":"passed","title":"should reject document with invalid URL","duration":1.1673999999993612,"failureMessages":[],"meta":{}},{"ancestorTitles":["Database Validation Schemas","Document Validation"],"fullName":"Database Validation Schemas Document Validation should reject document with negative file size","status":"passed","title":"should reject document with negative file size","duration":2.6592000000000553,"failureMessages":[],"meta":{}},{"ancestorTitles":["Database Validation Schemas","Listing Performance Validation"],"fullName":"Database Validation Schemas Listing Performance Validation should validate a valid listing performance insert","status":"passed","title":"should validate a valid listing performance insert","duration":3.8674000000000888,"failureMessages":[],"meta":{}},{"ancestorTitles":["Database Validation Schemas","Listing Performance Validation"],"fullName":"Database Validation Schemas Listing Performance Validation should reject listing performance with negative prices","status":"passed","title":"should reject listing performance with negative prices","duration":1.6057000000000698,"failureMessages":[],"meta":{}},{"ancestorTitles":["Database Validation Schemas","Market Holiday Validation"],"fullName":"Database Validation Schemas Market Holiday Validation should validate a valid market holiday insert","status":"passed","title":"should validate a valid market holiday insert","duration":3.8221000000003187,"failureMessages":[],"meta":{}},{"ancestorTitles":["Database Validation Schemas","Market Holiday Validation"],"fullName":"Database Validation Schemas Market Holiday Validation should reject holiday with invalid year","status":"passed","title":"should reject holiday with invalid year","duration":0.8602000000000771,"failureMessages":[],"meta":{}},{"ancestorTitles":["Database Validation Schemas","Registrar Validation"],"fullName":"Database Validation Schemas Registrar Validation should validate a valid registrar insert","status":"passed","title":"should validate a valid registrar insert","duration":4.879899999999907,"failureMessages":[],"meta":{}},{"ancestorTitles":["Database Validation Schemas","Registrar Validation"],"fullName":"Database Validation Schemas Registrar Validation should reject registrar with invalid email","status":"passed","title":"should reject registrar with invalid email","duration":6.110700000000179,"failureMessages":[],"meta":{}},{"ancestorTitles":["Database Validation Schemas","Registrar Validation"],"fullName":"Database Validation Schemas Registrar Validation should reject registrar with invalid website URL","status":"passed","title":"should reject registrar with invalid website URL","duration":2.7552999999998065,"failureMessages":[],"meta":{}},{"ancestorTitles":["Database Validation Schemas","Peer Company Validation"],"fullName":"Database Validation Schemas Peer Company Validation should validate a valid peer company insert","status":"passed","title":"should validate a valid peer company insert","duration":3.7955000000001746,"failureMessages":[],"meta":{}},{"ancestorTitles":["Database Validation Schemas","Broker Affiliate Validation"],"fullName":"Database Validation Schemas Broker Affiliate Validation should validate a valid broker affiliate insert","status":"passed","title":"should validate a valid broker affiliate insert","duration":4.47860000000037,"failureMessages":[],"meta":{}},{"ancestorTitles":["Database Validation Schemas","Broker Affiliate Validation"],"fullName":"Database Validation Schemas Broker Affiliate Validation should reject broker affiliate with invalid URL","status":"passed","title":"should reject broker affiliate with invalid URL","duration":1.6637000000000626,"failureMessages":[],"meta":{}},{"ancestorTitles":["Database Validation Schemas","Broker Affiliate Validation"],"fullName":"Database Validation Schemas Broker Affiliate Validation should reject broker affiliate with negative display order","status":"passed","title":"should reject broker affiliate with negative display order","duration":2.7026999999998225,"failureMessages":[],"meta":{}},{"ancestorTitles":["Database Validation Schemas","Custom Validation Schemas","Price Range Validation"],"fullName":"Database Validation Schemas Custom Validation Schemas Price Range Validation should validate when min <= max","status":"passed","title":"should validate when min <= max","duration":2.5745000000006257,"failureMessages":[],"meta":{}},{"ancestorTitles":["Database Validation Schemas","Custom Validation Schemas","Price Range Validation"],"fullName":"Database Validation Schemas Custom Validation Schemas Price Range Validation should reject when min > max","status":"passed","title":"should reject when min > max","duration":1.5769000000000233,"failureMessages":[],"meta":{}},{"ancestorTitles":["Database Validation Schemas","Custom Validation Schemas","Price Range Validation"],"fullName":"Database Validation Schemas Custom Validation Schemas Price Range Validation should accept when only one value is provided","status":"passed","title":"should accept when only one value is provided","duration":0.8622999999997774,"failureMessages":[],"meta":{}},{"ancestorTitles":["Database Validation Schemas","Custom Validation Schemas","IPO Dates Validation"],"fullName":"Database Validation Schemas Custom Validation Schemas IPO Dates Validation should validate when openDate <= closeDate","status":"passed","title":"should validate when openDate <= closeDate","duration":2.4144999999998618,"failureMessages":[],"meta":{}},{"ancestorTitles":["Database Validation Schemas","Custom Validation Schemas","IPO Dates Validation"],"fullName":"Database Validation Schemas Custom Validation Schemas IPO Dates Validation should reject when openDate > closeDate","status":"passed","title":"should reject when openDate > closeDate","duration":1.0032000000001062,"failureMessages":[],"meta":{}},{"ancestorTitles":["Database Validation Schemas","Custom Validation Schemas","IPO Dates Validation"],"fullName":"Database Validation Schemas Custom Validation Schemas IPO Dates Validation should accept when only one date is provided","status":"passed","title":"should accept when only one date is provided","duration":0.7278000000005704,"failureMessages":[],"meta":{}}],"startTime":1787740573220,"endTime":1787740573415.7278,"status":"passed","message":"","name":"D:/Abhay/Ventures/IPODhan-t339-t339F/web/tests/unit/db/validations.test.ts"},{"assertionResults":[{"ancestorTitles":["useDebounce"],"fullName":"useDebounce should return initial value immediately","status":"passed","title":"should return initial value immediately","duration":43.055600000000595,"failureMessages":[],"meta":{}},{"ancestorTitles":["useDebounce"],"fullName":"useDebounce should debounce value changes by specified delay","status":"passed","title":"should debounce value changes by specified delay","duration":42.47989999999936,"failureMessages":[],"meta":{}},{"ancestorTitles":["useDebounce"],"fullName":"useDebounce should cancel previous timeout on rapid value changes","status":"passed","title":"should cancel previous timeout on rapid value changes","duration":12.259000000000015,"failureMessages":[],"meta":{}},{"ancestorTitles":["useDebounce"],"fullName":"useDebounce should handle different delay values","status":"passed","title":"should handle different delay values","duration":6.571600000000217,"failureMessages":[],"meta":{}},{"ancestorTitles":["useDebounce"],"fullName":"useDebounce should use default delay of 300ms if not specified","status":"passed","title":"should use default delay of 300ms if not specified","duration":6.637200000000121,"failureMessages":[],"meta":{}},{"ancestorTitles":["useDebounce"],"fullName":"useDebounce should handle non-string values","status":"passed","title":"should handle non-string values","duration":5.458799999999428,"failureMessages":[],"meta":{}},{"ancestorTitles":["useDebounce"],"fullName":"useDebounce should handle object values","status":"passed","title":"should handle object values","duration":5.410299999999552,"failureMessages":[],"meta":{}},{"ancestorTitles":["useDebounce"],"fullName":"useDebounce should cleanup timeout on unmount","status":"passed","title":"should cleanup timeout on unmount","duration":5.156799999999748,"failureMessages":[],"meta":{}}],"startTime":1787740673844,"endTime":1787740673972.1567,"status":"passed","message":"","name":"D:/Abhay/Ventures/IPODhan-t339-t339F/web/tests/unit/hooks/useDebounce.test.ts"},{"assertionResults":[{"ancestorTitles":["API Client","APIError class"],"fullName":"API Client APIError class should create APIError with correct properties","status":"passed","title":"should create APIError with correct properties","duration":5.83009999999922,"failureMessages":[],"meta":{}},{"ancestorTitles":["API Client","APIError class"],"fullName":"API Client APIError class should provide user-friendly error messages","status":"passed","title":"should provide user-friendly error messages","duration":1.3603000000002794,"failureMessages":[],"meta":{}},{"ancestorTitles":["API Client","APIError class"],"fullName":"API Client APIError class should determine if error is retryable","status":"passed","title":"should determine if error is retryable","duration":0.894800000001851,"failureMessages":[],"meta":{}},{"ancestorTitles":["API Client","Successful API Calls"],"fullName":"API Client Successful API Calls should fetch IPOs with correct parameters","status":"passed","title":"should fetch IPOs with correct parameters","duration":8.692800000000716,"failureMessages":[],"meta":{}},{"ancestorTitles":["API Client","Successful API Calls"],"fullName":"API Client Successful API Calls should fetch IPO by slug","status":"passed","title":"should fetch IPO by slug","duration":1.9936999999990803,"failureMessages":[],"meta":{}},{"ancestorTitles":["API Client","Successful API Calls"],"fullName":"API Client Successful API Calls should fetch subscription data","status":"passed","title":"should fetch subscription data","duration":1.906699999999546,"failureMessages":[],"meta":{}},{"ancestorTitles":["API Client","Successful API Calls"],"fullName":"API Client Successful API Calls should fetch GMP history","status":"passed","title":"should fetch GMP history","duration":1.7800999999999476,"failureMessages":[],"meta":{}},{"ancestorTitles":["API Client","Successful API Calls"],"fullName":"API Client Successful API Calls should search IPOs","status":"passed","title":"should search IPOs","duration":1.9161999999996624,"failureMessages":[],"meta":{}},{"ancestorTitles":["API Client","Successful API Calls"],"fullName":"API Client Successful API Calls should fetch market holidays","status":"passed","title":"should fetch market holidays","duration":1.9729000000006636,"failureMessages":[],"meta":{}},{"ancestorTitles":["API Client","Successful API Calls"],"fullName":"API Client Successful API Calls should fetch registrars","status":"passed","title":"should fetch registrars","duration":1.4283000000032189,"failureMessages":[],"meta":{}},{"ancestorTitles":["API Client","Error Handling"],"fullName":"API Client Error Handling should throw APIError on 404 response","status":"passed","title":"should throw APIError on 404 response","duration":3.9494999999988067,"failureMessages":[],"meta":{}},{"ancestorTitles":["API Client","Error Handling"],"fullName":"API Client Error Handling should throw APIError on 500 response","status":"passed","title":"should throw APIError on 500 response","duration":5.927899999998772,"failureMessages":[],"meta":{}},{"ancestorTitles":["API Client","Error Handling"],"fullName":"API Client Error Handling should not retry 4xx errors","status":"passed","title":"should not retry 4xx errors","duration":1.0823999999993248,"failureMessages":[],"meta":{}},{"ancestorTitles":["API Client","Error Handling"],"fullName":"API Client Error Handling should handle network errors","status":"passed","title":"should handle network errors","duration":4.871399999999994,"failureMessages":[],"meta":{}},{"ancestorTitles":["API Client","Error Handling"],"fullName":"API Client Error Handling should handle malformed error responses","status":"passed","title":"should handle malformed error responses","duration":4.805499999998574,"failureMessages":[],"meta":{}},{"ancestorTitles":["API Client","Retry Logic"],"fullName":"API Client Retry Logic should retry on 5xx errors with exponential backoff","status":"passed","title":"should retry on 5xx errors with exponential backoff","duration":2.186200000000099,"failureMessages":[],"meta":{}},{"ancestorTitles":["API Client","Retry Logic"],"fullName":"API Client Retry Logic should respect max retries limit","status":"passed","title":"should respect max retries limit","duration":2.6939999999995052,"failureMessages":[],"meta":{}},{"ancestorTitles":["API Client","Retry Logic"],"fullName":"API Client Retry Logic should use exponential backoff for retry delays","status":"passed","title":"should use exponential backoff for retry delays","duration":2.88300000000163,"failureMessages":[],"meta":{}},{"ancestorTitles":["API Client","Request Cancellation"],"fullName":"API Client Request Cancellation should cancel request when AbortController is triggered","status":"passed","title":"should cancel request when AbortController is triggered","duration":114.62419999999838,"failureMessages":[],"meta":{}},{"ancestorTitles":["API Client","Request Cancellation"],"fullName":"API Client Request Cancellation should timeout after 30 seconds","status":"skipped","title":"should timeout after 30 seconds","failureMessages":[],"meta":{}},{"ancestorTitles":["API Client","Interceptors"],"fullName":"API Client Interceptors should execute request interceptor","status":"passed","title":"should execute request interceptor","duration":1.992500000000291,"failureMessages":[],"meta":{}},{"ancestorTitles":["API Client","Interceptors"],"fullName":"API Client Interceptors should execute response interceptor","status":"passed","title":"should execute response interceptor","duration":0.9724000000023807,"failureMessages":[],"meta":{}},{"ancestorTitles":["API Client","Loading State"],"fullName":"API Client Loading State should track loading state during request","status":"passed","title":"should track loading state during request","duration":11.694999999999709,"failureMessages":[],"meta":{}},{"ancestorTitles":["API Client","Loading State"],"fullName":"API Client Loading State should clear loading state even on error","status":"passed","title":"should clear loading state even on error","duration":16.126699999997072,"failureMessages":[],"meta":{}},{"ancestorTitles":["API Client","Request Headers"],"fullName":"API Client Request Headers should include required headers","status":"passed","title":"should include required headers","duration":4.092999999997119,"failureMessages":[],"meta":{}},{"ancestorTitles":["API Client","apiClient object"],"fullName":"API Client apiClient object should export all API methods","status":"passed","title":"should export all API methods","duration":0.7946999999985565,"failureMessages":[],"meta":{}},{"ancestorTitles":["API Client","apiClient object"],"fullName":"API Client apiClient object should work when called via apiClient object","status":"passed","title":"should work when called via apiClient object","duration":1.3870000000024447,"failureMessages":[],"meta":{}}],"startTime":1787740549083,"endTime":1787740549293.387,"status":"passed","message":"","name":"D:/Abhay/Ventures/IPODhan-t339-t339F/web/tests/unit/lib/api-client.test.ts"},{"assertionResults":[{"ancestorTitles":["isRealIPO / REAL_IPO_OFFERING_TYPES"],"fullName":"isRealIPO / REAL_IPO_OFFERING_TYPES treats IPO as the genuine offering type","status":"passed","title":"treats IPO as the genuine offering type","duration":3.104099999999562,"failureMessages":[],"meta":{}},{"ancestorTitles":["isRealIPO / REAL_IPO_OFFERING_TYPES"],"fullName":"isRealIPO / REAL_IPO_OFFERING_TYPES excludes EVERY non-IPO offering type in the enum (corporate actions + other offerings)","status":"passed","title":"excludes EVERY non-IPO offering type in the enum (corporate actions + other offerings)","duration":4.24330000000009,"failureMessages":[],"meta":{}},{"ancestorTitles":["isRealIPO / REAL_IPO_OFFERING_TYPES"],"fullName":"isRealIPO / REAL_IPO_OFFERING_TYPES treats null / undefined / empty / unknown as NOT a real IPO (unknown never pollutes IPO surfaces)","status":"passed","title":"treats null / undefined / empty / unknown as NOT a real IPO (unknown never pollutes IPO surfaces)","duration":0.5960999999997512,"failureMessages":[],"meta":{}},{"ancestorTitles":["isRealIPO / REAL_IPO_OFFERING_TYPES"],"fullName":"isRealIPO / REAL_IPO_OFFERING_TYPES REAL_IPO_OFFERING_TYPES is exactly [IPO] (SME IPOs are offering_type=IPO, segment=SME — covered)","status":"passed","title":"REAL_IPO_OFFERING_TYPES is exactly [IPO] (SME IPOs are offering_type=IPO, segment=SME — covered)","duration":1.3918000000003303,"failureMessages":[],"meta":{}}],"startTime":1787740713918,"endTime":1787740713927.3918,"status":"passed","message":"","name":"D:/Abhay/Ventures/IPODhan-t339-t339F/web/tests/unit/lib/offering-type.test.ts"},{"assertionResults":[{"ancestorTitles":["search-history","saveSearch"],"fullName":"search-history saveSearch should save search to loc
[...]
"should handle null values gracefully","duration":1.0767000000000735,"failureMessages":[],"meta":{}},{"ancestorTitles":["hasDetailedSubscriptionData"],"fullName":"hasDetailedSubscriptionData should return true when granular data exists","status":"passed","title":"should return true when granular data exists","duration":0.7042000000001281,"failureMessages":[],"meta":{}},{"ancestorTitles":["hasDetailedSubscriptionData"],"fullName":"hasDetailedSubscriptionData should return false when no granular data exists","status":"passed","title":"should return false when no granular data exists","duration":0.42810000000008586,"failureMessages":[],"meta":{}},{"ancestorTitles":["hasDetailedSubscriptionData"],"fullName":"hasDetailedSubscriptionData should return true if at least one granular field has value","status":"passed","title":"should return true if at least one granular field has value","duration":1.904700000000048,"failureMessages":[],"meta":{}},{"ancestorTitles":["formatSubscriptionValue"],"fullName":"formatSubscriptionValue should format numeric values to 2 decimal places","status":"passed","title":"should format numeric values to 2 decimal places","duration":0.7273999999997613,"failureMessages":[],"meta":{}},{"ancestorTitles":["formatSubscriptionValue"],"fullName":"formatSubscriptionValue should format string values to 2 decimal places","status":"passed","title":"should format string values to 2 decimal places","duration":1.143000000000029,"failureMessages":[],"meta":{}},{"ancestorTitles":["formatSubscriptionValue"],"fullName":"formatSubscriptionValue should return N/A for null values","status":"passed","title":"should return N/A for null values","duration":0.34849999999960346,"failureMessages":[],"meta":{}},{"ancestorTitles":["formatSubscriptionValue"],"fullName":"formatSubscriptionValue should return N/A for invalid values","status":"passed","title":"should return N/A for invalid values","duration":0.322400000000016,"failureMessages":[],"meta":{}},{"ancestorTitles":["getSubscriptionColor"],"fullName":"getSubscriptionColor should return green for values >= 1","status":"passed","title":"should return green for values >= 1","duration":1.9600000000000364,"failureMessages":[],"meta":{}},{"ancestorTitles":["getSubscriptionColor"],"fullName":"getSubscriptionColor should return yellow for values between 0.5 and 1","status":"passed","title":"should return yellow for values between 0.5 and 1","duration":0.6112000000002809,"failureMessages":[],"meta":{}},{"ancestorTitles":["getSubscriptionColor"],"fullName":"getSubscriptionColor should return red for values < 0.5","status":"passed","title":"should return red for values < 0.5","duration":0.7155999999999949,"failureMessages":[],"meta":{}},{"ancestorTitles":["getSubscriptionColor"],"fullName":"getSubscriptionColor should return gray for null values","status":"passed","title":"should return gray for null values","duration":0.4547000000002299,"failureMessages":[],"meta":{}},{"ancestorTitles":["getSubscriptionColor"],"fullName":"getSubscriptionColor should handle string values","status":"passed","title":"should handle string values","duration":1.5895000000000437,"failureMessages":[],"meta":{}},{"ancestorTitles":["getSubscriptionBarWidth"],"fullName":"getSubscriptionBarWidth should return 0% for null values","status":"passed","title":"should return 0% for null values","duration":1.2927999999997155,"failureMessages":[],"meta":{}},{"ancestorTitles":["getSubscriptionBarWidth"],"fullName":"getSubscriptionBarWidth should return 0% for zero values","status":"passed","title":"should return 0% for zero values","duration":0.3722000000002481,"failureMessages":[],"meta":{}},{"ancestorTitles":["getSubscriptionBarWidth"],"fullName":"getSubscriptionBarWidth should cap width at 100%","status":"passed","title":"should cap width at 100%","duration":1.0722000000000662,"failureMessages":[],"meta":{}},{"ancestorTitles":["getSubscriptionBarWidth"],"fullName":"getSubscriptionBarWidth should calculate proportional width","status":"passed","title":"should calculate proportional width","duration":0.34700000000020736,"failureMessages":[],"meta":{}},{"ancestorTitles":["getSubscriptionBarWidth"],"fullName":"getSubscriptionBarWidth should handle string values","status":"passed","title":"should handle string values","duration":0.309099999999944,"failureMessages":[],"meta":{}},{"ancestorTitles":["calculateAnchorAllocationPercentage"],"fullName":"calculateAnchorAllocationPercentage should calculate percentage correctly","status":"passed","title":"should calculate percentage correctly","duration":0.43249999999989086,"failureMessages":[],"meta":{}},{"ancestorTitles":["calculateAnchorAllocationPercentage"],"fullName":"calculateAnchorAllocationPercentage should return null for missing values","status":"passed","title":"should return null for missing values","duration":2.352400000000216,"failureMessages":[],"meta":{}},{"ancestorTitles":["calculateAnchorAllocationPercentage"],"fullName":"calculateAnchorAllocationPercentage should return null for zero issue size","status":"passed","title":"should return null for zero issue size","duration":0.42830000000003565,"failureMessages":[],"meta":{}},{"ancestorTitles":["calculateAnchorAllocationPercentage"],"fullName":"calculateAnchorAllocationPercentage should handle string values","status":"passed","title":"should handle string values","duration":0.3593999999998232,"failureMessages":[],"meta":{}},{"ancestorTitles":["isStrongAnchorAllocation"],"fullName":"isStrongAnchorAllocation should return true for allocation > 30%","status":"passed","title":"should return true for allocation > 30%","duration":0.49929999999994834,"failureMessages":[],"meta":{}},{"ancestorTitles":["isStrongAnchorAllocation"],"fullName":"isStrongAnchorAllocation should return false for allocation <= 30%","status":"passed","title":"should return false for allocation <= 30%","duration":0.5230000000001382,"failureMessages":[],"meta":{}},{"ancestorTitles":["isStrongAnchorAllocation"],"fullName":"isStrongAnchorAllocation should return false for null","status":"passed","title":"should return false for null","duration":1.8953000000001339,"failureMessages":[],"meta":{}},{"ancestorTitles":["LocalStorage functions","saveViewPreference"],"fullName":"LocalStorage functions saveViewPreference should save preference to localStorage","status":"passed","title":"should save preference to localStorage","duration":16.820300000000316,"failureMessages":[],"meta":{}},{"ancestorTitles":["LocalStorage functions","saveViewPreference"],"fullName":"LocalStorage functions saveViewPreference should handle errors gracefully","status":"passed","title":"should handle errors gracefully","duration":39.49589999999989,"failureMessages":[],"meta":{}},{"ancestorTitles":["LocalStorage functions","getViewPreference"],"fullName":"LocalStorage functions getViewPreference should return stored preference","status":"passed","title":"should return stored preference","duration":6.095800000000054,"failureMessages":[],"meta":{}},{"ancestorTitles":["LocalStorage functions","getViewPreference"],"fullName":"LocalStorage functions getViewPreference should return simple as default","status":"passed","title":"should return simple as default","duration":1.025300000000243,"failureMessages":[],"meta":{}},{"ancestorTitles":["LocalStorage functions","getViewPreference"],"fullName":"LocalStorage functions getViewPreference should handle errors gracefully","status":"passed","title":"should handle errors gracefully","duration":6.50610000000006,"failureMessages":[],"meta":{}},{"ancestorTitles":["CATEGORY_DESCRIPTIONS"],"fullName":"CATEGORY_DESCRIPTIONS should have descriptions for all categories","status":"passed","title":"should have descriptions for all categories","duration":1.583100000000286,"failureMessages":[],"meta":{}},{"ancestorTitles":["CATEGORY_DESCRIPTIONS"],"fullName":"CATEGORY_DESCRIPTIONS should have meaningful descriptions","status":"passed","title":"should have meaningful descriptions","duration":0.9111000000002605,"failureMessages":[],"meta":{}}],"startTime":1787740576268,"endTime":1787740576381.9111,"status":"passed","message":"","name":"D:/Abhay/Ventures/IPODhan-t339-t339F/web/tests/unit/lib/utils/subscription-utils.test.ts"},{"assertionResults":[{"ancestorTitles":["addUTMParams"],"fullName":"addUTMParams should add UTM parameters to a URL without query params","status":"passed","title":"should add UTM parameters to a URL without query params","duration":22.107399999997142,"failureMessages":[],"meta":{}},{"ancestorTitles":["addUTMParams"],"fullName":"addUTMParams should preserve existing query parameters","status":"passed","title":"should preserve existing query parameters","duration":11.695400000000518,"failureMessages":[],"meta":{}},{"ancestorTitles":["addUTMParams"],"fullName":"addUTMParams should handle URLs with hash fragments","status":"passed","title":"should handle URLs with hash fragments","duration":7.885899999997491,"failureMessages":[],"meta":{}},{"ancestorTitles":["addUTMParams"],"fullName":"addUTMParams should encode special characters in parameters","status":"passed","title":"should encode special characters in parameters","duration":14.281299999998737,"failureMessages":[],"meta":{}},{"ancestorTitles":["addUTMParams"],"fullName":"addUTMParams should return original URL if parsing fails","status":"passed","title":"should return original URL if parsing fails","duration":73.75469999999768,"failureMessages":[],"meta":{}},{"ancestorTitles":["addUTMParams"],"fullName":"addUTMParams should override existing UTM parameters","status":"passed","title":"should override existing UTM parameters","duration":8.010600000001432,"failureMessages":[],"meta":{}},{"ancestorTitles":["generateShareUrl"],"fullName":"generateShareUrl should generate share URL for WhatsApp","status":"passed","title":"should generate share URL for WhatsApp","duration":6.870599999998376,"failureMessages":[],"meta":{}},{"ancestorTitles":["generateShareUrl"],"fullName":"generateShareUrl should generate share URL for Twitter","status":"passed","title":"should generate share URL for Twitter","duration":6.614799999999377,"failureMessages":[],"meta":{}},{"ancestorTitles":["generateShareUrl"],"fullName":"generateShareUrl should generate share URL for Copy","status":"passed","title":"should generate share URL for Copy","duration":2.767200000002049,"failureMessages":[],"meta":{}},{"ancestorTitles":["generateShareUrl"],"fullName":"generateShareUrl should generate share URL for Native share","status":"passed","title":"should generate share URL for Native share","duration":6.218400000001566,"failureMessages":[],"meta":{}},{"ancestorTitles":["createShareText"],"fullName":"createShareText should create share text with full metrics","status":"passed","title":"should create share text with full metrics","duration":5.242799999999988,"failureMessages":[],"meta":{}},{"ancestorTitles":["createShareText"],"fullName":"createShareText should create share text without rating","status":"passed","title":"should create share text without rating","duration":3.9773999999997613,"failureMessages":[],"meta":{}},{"ancestorTitles":["createShareText"],"fullName":"createShareText should create share text with only company name","status":"passed","title":"should create share text with only company name","duration":0.8097999999990861,"failureMessages":[],"meta":{}},{"ancestorTitles":["createShareText"],"fullName":"createShareText should handle partial metrics","status":"passed","title":"should handle partial metrics","duration":0.5887000000002445,"failureMessages":[],"meta":{}},{"ancestorTitles":["createShareText"],"fullName":"createShareText should truncate text if too long","status":"passed","title":"should truncate text if too long","duration":5.731099999997241,"failureMessages":[],"meta":{}},{"ancestorTitles":["createShareText"],"fullName":"createShareText should format rating with one decimal place","status":"passed","title":"should format rating with one decimal place","duration":0.5547000000005937,"failureMessages":[],"meta":{}},{"ancestorTitles":["createShareText"],"fullName":"createShareText should handle zero values correctly","status":"passed","title":"should handle zero values correctly","duration":0.5262000000002445,"failureMessages":[],"meta":{}},{"ancestorTitles":["createShareText"],"fullName":"createShareText should handle undefined metrics","status":"passed","title":"should handle undefined metrics","duration":0.32929999999760184,"failureMessages":[],"meta":{}},{"ancestorTitles":["createShareText"],"fullName":"createShareText should prioritize rating and subscription when truncating","status":"passed","title":"should prioritize rating and subscription when truncating","duration":4.82760000000053,"failureMessages":[],"meta":{}}],"startTime":1787740655449,"endTime":1787740655641.8276,"status":"passed","message":"","name":"D:/Abhay/Ventures/IPODhan-t339-t339F/web/tests/unit/lib/utils/url-utils.test.ts"},{"assertionResults":[{"ancestorTitles":["IPO Detail Page"],"fullName":"IPO Detail Page should render page with valid IPO data","status":"passed","title":"should render page with valid IPO data","duration":35.652500000000146,"failureMessages":[],"meta":{}},{"ancestorTitles":["IPO Detail Page"],"fullName":"IPO Detail Page should return 404 for invalid slug","status":"passed","title":"should return 404 for invalid slug","duration":5.8659999999999854,"failureMessages":[],"meta":{}},{"ancestorTitles":["IPO Detail Page"],"fullName":"IPO Detail Page should generate correct metadata for SEO","status":"passed","title":"should generate correct metadata for SEO","duration":5.512400000000525,"failureMessages":[],"meta":{}},{"ancestorTitles":["IPO Detail Page"],"fullName":"IPO Detail Page should calculate GMP percentage correctly","status":"passed","title":"should calculate GMP percentage correctly","duration":5.6159999999999854,"failureMessages":[],"meta":{}},{"ancestorTitles":["IPO Detail Page"],"fullName":"IPO Detail Page should determine subscription trend","status":"passed","title":"should determine subscription trend","duration":1.0221999999994296,"failureMessages":[],"meta":{}},{"ancestorTitles":["IPO Detail Page"],"fullName":"IPO Detail Page should format JSON-LD structured data correctly","status":"passed","title":"should format JSON-LD structured data correctly","duration":4.14679999999953,"failureMessages":[],"meta":{}},{"ancestorTitles":["IPO Detail Page"],"fullName":"IPO Detail Page should generate breadcrumb structured data","status":"passed","title":"should generate breadcrumb structured data","duration":18.618800000000192,"failureMessages":[],"meta":{}}],"startTime":1787740598303,"endTime":1787740598384.619,"status":"passed","message":"","name":"D:/Abhay/Ventures/IPODhan-t339-t339F/web/tests/unit/app/ipos/slug/page.test.tsx"},{"assertionResults":[{"ancestorTitles":["IPO detail page slug redirect — status code class"],"fullName":"IPO detail page slug redirect — status code class permanentRedirect() throws a 308 (permanent) digest","status":"passed","title":"permanentRedirect() throws a 308 (permanent) digest","duration":4.018299999999726,"failureMessages":[],"meta":{}},{"ancestorTitles":["IPO detail page slug redirect — status code class"],"fullName":"IPO detail page slug redirect — status code class redirect() throws a 307 (temporary) digest — the regression this guards against","status":"passed","title":"redirect() throws a 307 (temporary) digest — the regression this guards against","duration":1.1301000000003114,"failureMessages":[],"meta":{}},{"ancestorTitles":["IPO detail page slug redirect — status code class"],"fullName":"IPO detail page slug redirect — status code class page.tsx source calls permanentRedirect(), never the temporary redirect(), for a retired slug","status":"passed","title":"page.tsx source calls permanentRedirect(), never the temporary redirect(), for a retired slug","duration":17.919600000000173,"failureMessages":[],"meta":{}}],"startTime":1787740706503,"endTime":1787740706526.9197,"status":"passed","message":"","name":"D:/Abhay/Ventures/IPODhan-t339-t339F/web/tests/unit/app/ipos/slug/redirect-status.test.ts"},{"assertionResults":[{"ancestorTitles":["analyzeGMPTrend — minimum sample gate (T-299 P3-12)"],"fullName":"analyzeGMPTrend — minimum sample gate (T-299 P3-12) flags insufficientHistory with zero records","status":"passed","title":"flags insufficientHistory with zero records","duration":4.510700000000725,"failureMessages":[],"meta":{}},{"ancestorTitles":["analyzeGMPTrend — minimum sample gate (T-299 P3-12)"],"fullName":"analyzeGMPTrend — minimum sample gate (T-299 P3-12) flags insufficientHistory for a single data point (the reproduced prod bug)","status":"passed","title":"flags insufficientHistory for a single data point (the reproduced prod bug)","duration":1.6929000000000087,"failureMessages":[],"meta":{}},{"ancestorTitles":["analyzeGMPTrend — minimum sample gate (T-299 P3-12)"],"fullName":"analyzeGMPTrend — minimum sample gate (T-299 P3-12) flags insufficientHistory for two data points","status":"passed","title":"flags insufficientHistory for two data points","duration":1.1260000000002037,"failureMessages":[],"meta":{}},{"ancestorTitles":["analyzeGMPTrend — minimum sample gate (T-299 P3-12)"],"fullName":"analyzeGMPTrend — minimum sample gate (T-299 P3-12) computes a real trend/volatility once the sample reaches MIN_TREND_SAMPLE_SIZE","status":"passed","title":"computes a real trend/volatility once the sample reaches MIN_TREND_SAMPLE_SIZE","duration":1.9713000000010652,"failureMessages":[],"meta":{}}],"startTime":1787740704574,"endTime":1787740704583.9712,"status":"passed","message":"","name":"D:/Abhay/Ventures/IPODhan-t339-t339F/web/tests/unit/components/ipo/charts/gmp-trend-analysis.test.ts"},{"assertionResults":[{"ancestorTitles":["SubscriptionDashboard — status-aware header (P3-15)"],"fullName":"SubscriptionDashboard — status-aware header (P3-15) shows \"Real-time tracking\" while the IPO is OPEN","status":"passed","title":"shows \"Real-time tracking\" while the IPO is OPEN","duration":185.623599999999,"failureMessages":[],"meta":{}},{"ancestorTitles":["SubscriptionDashboard — status-aware header (P3-15)"],"fullName":"SubscriptionDashboard — status-aware header (P3-15) shows \"Final subscription data\" — never \"Real-time\" — for a LISTED IPO","status":"passed","title":"shows \"Final subscription data\" — never \"Real-time\" — for a LISTED IPO","duration":28.29820000000109,"failureMessages":[],"meta":{}}],"startTime":1787740714004,"endTime":1787740714218.298,"status":"passed","message":"","name":"D:/Abhay/Ventures/IPODhan-t339-t339F/web/tests/unit/components/ipo/charts/SubscriptionDashboard/index.test.tsx"},{"assertionResults":[{"ancestorTitles":["OverallSubscriptionChart — status-aware caption (P3-15)"],"fullName":"OverallSubscriptionChart — status-aware caption (P3-15) uses present-tense \"Current ... closes\" wording while OPEN","status":"passed","title":"uses present-tense \"Current ... closes\" wording while OPEN","duration":142.85280000000057,"failureMessages":[],"meta":{}},{"ancestorTitles":["OverallSubscriptionChart — status-aware caption (P3-15)"],"fullName":"OverallSubscriptionChart — status-aware caption (P3-15) uses past-tense \"Final ... closed\" wording for a LISTED IPO","status":"passed","title":"uses past-tense \"Final ... closed\" wording for a LISTED IPO","duration":23.047700000000987,"failureMessages":[],"meta":{}},{"ancestorTitles":["OverallSubscriptionChart — status-aware caption (P3-15)"],"fullName":"OverallSubscriptionChart — status-aware caption (P3-15) uses past-tense wording for a CLOSED IPO","status":"passed","title":"uses past-tense wording for a CLOSED IPO","duration":10.432099999999991,"failureMessages":[],"meta":{}}],"startTime":1787740694894,"endTime":1787740695070.4321,"status":"passed","message":"","name":"D:/Abhay/Ventures/IPODhan-t339-t339F/web/tests/unit/components/ipo/charts/SubscriptionDashboard/OverallSubscriptionChart.test.tsx"}]}